[1.735s] Invoking command in '/home/xu/automatic-navigation/src/nav_slam': PYTHONPATH=/home/xu/automatic-navigation/build/nav_slam/prefix_override:/usr/lib/python3/dist-packages/colcon_core/task/python/colcon_distutils_commands:/home/xu/automatic-navigation/install/nav_slam/lib/python3.10/site-packages:${PYTHONPATH} /usr/bin/python3 -W ignore:setup.py install is deprecated -W ignore:easy_install command is deprecated setup.py egg_info --egg-base ../../build/nav_slam build --build-base /home/xu/automatic-navigation/build/nav_slam/build install --record /home/xu/automatic-navigation/build/nav_slam/install.log --single-version-externally-managed install_data
[2.169s] running egg_info
[2.169s] creating ../../build/nav_slam/nav_slam.egg-info
[2.169s] writing ../../build/nav_slam/nav_slam.egg-info/PKG-INFO
[2.170s] writing dependency_links to ../../build/nav_slam/nav_slam.egg-info/dependency_links.txt
[2.171s] writing entry points to ../../build/nav_slam/nav_slam.egg-info/entry_points.txt
[2.171s] writing requirements to ../../build/nav_slam/nav_slam.egg-info/requires.txt
[2.171s] writing top-level names to ../../build/nav_slam/nav_slam.egg-info/top_level.txt
[2.173s] writing manifest file '../../build/nav_slam/nav_slam.egg-info/SOURCES.txt'
[2.176s] reading manifest file '../../build/nav_slam/nav_slam.egg-info/SOURCES.txt'
[2.178s] writing manifest file '../../build/nav_slam/nav_slam.egg-info/SOURCES.txt'
[2.179s] running build
[2.179s] running build_py
[2.180s] creating /home/xu/automatic-navigation/build/nav_slam/build
[2.180s] creating /home/xu/automatic-navigation/build/nav_slam/build/lib
[2.181s] creating /home/xu/automatic-navigation/build/nav_slam/build/lib/nav_slam
[2.183s] copying nav_slam/points_pub_map.py -> /home/xu/automatic-navigation/build/nav_slam/build/lib/nav_slam
[2.183s] copying nav_slam/start_nav.py -> /home/xu/automatic-navigation/build/nav_slam/build/lib/nav_slam
[2.183s] copying nav_slam/odom_map_tf.py -> /home/xu/automatic-navigation/build/nav_slam/build/lib/nav_slam
[2.183s] copying nav_slam/map_pub.py -> /home/xu/automatic-navigation/build/nav_slam/build/lib/nav_slam
[2.185s] copying nav_slam/astar.py -> /home/xu/automatic-navigation/build/nav_slam/build/lib/nav_slam
[2.185s] copying nav_slam/__init__.py -> /home/xu/automatic-navigation/build/nav_slam/build/lib/nav_slam
[2.186s] running install
[2.188s] running install_lib
[2.190s] creating /home/xu/automatic-navigation/install/nav_slam/lib/python3.10/site-packages/nav_slam
[2.191s] copying /home/xu/automatic-navigation/build/nav_slam/build/lib/nav_slam/points_pub_map.py -> /home/xu/automatic-navigation/install/nav_slam/lib/python3.10/site-packages/nav_slam
[2.192s] copying /home/xu/automatic-navigation/build/nav_slam/build/lib/nav_slam/start_nav.py -> /home/xu/automatic-navigation/install/nav_slam/lib/python3.10/site-packages/nav_slam
[2.194s] copying /home/xu/automatic-navigation/build/nav_slam/build/lib/nav_slam/odom_map_tf.py -> /home/xu/automatic-navigation/install/nav_slam/lib/python3.10/site-packages/nav_slam
[2.195s] copying /home/xu/automatic-navigation/build/nav_slam/build/lib/nav_slam/map_pub.py -> /home/xu/automatic-navigation/install/nav_slam/lib/python3.10/site-packages/nav_slam
[2.195s] copying /home/xu/automatic-navigation/build/nav_slam/build/lib/nav_slam/astar.py -> /home/xu/automatic-navigation/install/nav_slam/lib/python3.10/site-packages/nav_slam
[2.196s] copying /home/xu/automatic-navigation/build/nav_slam/build/lib/nav_slam/__init__.py -> /home/xu/automatic-navigation/install/nav_slam/lib/python3.10/site-packages/nav_slam
[2.201s] byte-compiling /home/xu/automatic-navigation/install/nav_slam/lib/python3.10/site-packages/nav_slam/points_pub_map.py to points_pub_map.cpython-310.pyc
[2.202s] byte-compiling /home/xu/automatic-navigation/install/nav_slam/lib/python3.10/site-packages/nav_slam/start_nav.py to start_nav.cpython-310.pyc
[2.207s] byte-compiling /home/xu/automatic-navigation/install/nav_slam/lib/python3.10/site-packages/nav_slam/odom_map_tf.py to odom_map_tf.cpython-310.pyc
[2.213s] byte-compiling /home/xu/automatic-navigation/install/nav_slam/lib/python3.10/site-packages/nav_slam/map_pub.py to map_pub.cpython-310.pyc
[2.219s] byte-compiling /home/xu/automatic-navigation/install/nav_slam/lib/python3.10/site-packages/nav_slam/astar.py to astar.cpython-310.pyc
[2.225s] byte-compiling /home/xu/automatic-navigation/install/nav_slam/lib/python3.10/site-packages/nav_slam/__init__.py to __init__.cpython-310.pyc
[2.225s] running install_data
[2.225s] creating /home/xu/automatic-navigation/install/nav_slam/share/ament_index
[2.225s] creating /home/xu/automatic-navigation/install/nav_slam/share/ament_index/resource_index
[2.225s] creating /home/xu/automatic-navigation/install/nav_slam/share/ament_index/resource_index/packages
[2.225s] copying resource/nav_slam -> /home/xu/automatic-navigation/install/nav_slam/share/ament_index/resource_index/packages
[2.226s] copying package.xml -> /home/xu/automatic-navigation/install/nav_slam/share/nav_slam
[2.226s] creating /home/xu/automatic-navigation/install/nav_slam/share/nav_slam/launch
[2.226s] copying launch/2dpoints.launch.py -> /home/xu/automatic-navigation/install/nav_slam/share/nav_slam/launch
[2.226s] creating /home/xu/automatic-navigation/install/nav_slam/share/nav_slam/config
[2.226s] copying config/rviz.rviz -> /home/xu/automatic-navigation/install/nav_slam/share/nav_slam/config
[2.226s] running install_egg_info
[2.239s] Copying ../../build/nav_slam/nav_slam.egg-info to /home/xu/automatic-navigation/install/nav_slam/lib/python3.10/site-packages/nav_slam-0.0.0-py3.10.egg-info
[2.246s] running install_scripts
[2.282s] Installing astar script to /home/xu/automatic-navigation/install/nav_slam/lib/nav_slam
[2.284s] Installing map_pub script to /home/xu/automatic-navigation/install/nav_slam/lib/nav_slam
[2.284s] Installing odom_map_tf script to /home/xu/automatic-navigation/install/nav_slam/lib/nav_slam
[2.285s] Installing points_pub_map script to /home/xu/automatic-navigation/install/nav_slam/lib/nav_slam
[2.286s] Installing start_nav script to /home/xu/automatic-navigation/install/nav_slam/lib/nav_slam
[2.287s] writing list of installed files to '/home/xu/automatic-navigation/build/nav_slam/install.log'
[2.331s] Invoked command in '/home/xu/automatic-navigation/src/nav_slam' returned '0': PYTHONPATH=/home/xu/automatic-navigation/build/nav_slam/prefix_override:/usr/lib/python3/dist-packages/colcon_core/task/python/colcon_distutils_commands:/home/xu/automatic-navigation/install/nav_slam/lib/python3.10/site-packages:${PYTHONPATH} /usr/bin/python3 -W ignore:setup.py install is deprecated -W ignore:easy_install command is deprecated setup.py egg_info --egg-base ../../build/nav_slam build --build-base /home/xu/automatic-navigation/build/nav_slam/build install --record /home/xu/automatic-navigation/build/nav_slam/install.log --single-version-externally-managed install_data
