[0.028s] Invoking command in '/home/xu/automatic-navigation/build/nav2_costmap_2d': AMENT_PREFIX_PATH=/home/xu/automatic-navigation/install/dynamicvoronoi:${AMENT_PREFIX_PATH} CMAKE_PREFIX_PATH=/home/xu/automatic-navigation/install/dynamicvoronoi:/home/xu/automatic-navigation/install/nav_slam:/home/xu/automatic-navigation/install/gazebo_modele:/opt/ros/humble LD_LIBRARY_PATH=/home/xu/automatic-navigation/install/dynamicvoronoi/lib:${LD_LIBRARY_PATH} /usr/bin/cmake /home/xu/automatic-navigation/src/nav2_costmap_2d -DCMAKE_INSTALL_PREFIX=/home/xu/automatic-navigation/install/nav2_costmap_2d
[0.170s] -- The C compiler identification is GNU 11.4.0
[0.303s] -- The CXX compiler identification is GNU 11.4.0
[0.325s] -- Detecting C compiler ABI info
[0.496s] -- Detecting C compiler ABI info - done
[0.506s] -- Check for working C compiler: /usr/bin/cc - skipped
[0.507s] -- Detecting C compile features
[0.508s] -- Detecting C compile features - done
[0.514s] -- Detecting CXX compiler ABI info
[0.720s] -- Detecting CXX compiler ABI info - done
[0.730s] -- Check for working CXX compiler: /usr/bin/c++ - skipped
[0.731s] -- Detecting CXX compile features
[0.733s] -- Detecting CXX compile features - done
[0.737s] -- Found ament_cmake: 1.3.13 (/opt/ros/humble/share/ament_cmake/cmake)
[1.049s] -- Found Python3: /usr/bin/python3 (found version "3.10.12") found components: Interpreter 
[1.237s] -- Found geometry_msgs: 4.9.1 (/opt/ros/humble/share/geometry_msgs/cmake)
[1.415s] -- Found rosidl_generator_c: 3.1.8 (/opt/ros/humble/share/rosidl_generator_c/cmake)
[1.434s] -- Found rosidl_adapter: 3.1.8 (/opt/ros/humble/share/rosidl_adapter/cmake)
[1.476s] -- Found rosidl_generator_cpp: 3.1.8 (/opt/ros/humble/share/rosidl_generator_cpp/cmake)
[1.517s] -- Using all available rosidl_typesupport_c: rosidl_typesupport_fastrtps_c;rosidl_typesupport_introspection_c
[1.569s] -- Using all available rosidl_typesupport_cpp: rosidl_typesupport_fastrtps_cpp;rosidl_typesupport_introspection_cpp
[1.693s] -- Found laser_geometry: 2.4.1 (/opt/ros/humble/share/laser_geometry/cmake)
[1.850s] -- Found rmw_implementation_cmake: 6.1.2 (/opt/ros/humble/share/rmw_implementation_cmake/cmake)
[1.859s] -- Found rmw_fastrtps_cpp: 6.2.10 (/opt/ros/humble/share/rmw_fastrtps_cpp/cmake)
[2.125s] -- Found OpenSSL: /usr/lib/x86_64-linux-gnu/libcrypto.so (found version "3.0.2")  
[2.190s] -- Found FastRTPS: /opt/ros/humble/include  
[2.270s] -- Using RMW implementation 'rmw_fastrtps_cpp' as default
[2.308s] -- Looking for pthread.h
[2.496s] -- Looking for pthread.h - found
[2.497s] -- Performing Test CMAKE_HAVE_LIBC_PTHREAD
[2.673s] -- Performing Test CMAKE_HAVE_LIBC_PTHREAD - Success
[2.676s] -- Found Threads: TRUE  
[2.958s] -- Found map_msgs: 2.1.0 (/opt/ros/humble/share/map_msgs/cmake)
[3.128s] -- Found message_filters: 4.3.14 (/opt/ros/humble/share/message_filters/cmake)
[3.152s] -- Found nav2_common: 1.1.20 (/opt/ros/humble/share/nav2_common/cmake)
[3.163s] -- Found nav2_msgs: 1.1.20 (/opt/ros/humble/share/nav2_msgs/cmake)
[3.329s] -- Found nav2_util: 1.1.20 (/opt/ros/humble/share/nav2_util/cmake)
[3.583s] -- Found Eigen3: TRUE (found version "3.4.0") 
[3.583s] -- Ensuring Eigen3 include directory is part of orocos-kdl CMake target
[3.783s] -- Found nav2_voxel_grid: 1.1.20 (/opt/ros/humble/share/nav2_voxel_grid/cmake)
[3.798s] -- Found pluginlib: 5.1.3 (/opt/ros/humble/share/pluginlib/cmake)
[3.850s] -- Found std_srvs: 4.9.1 (/opt/ros/humble/share/std_srvs/cmake)
[3.892s] -- Found tf2_sensor_msgs: 0.25.19 (/opt/ros/humble/share/tf2_sensor_msgs/cmake)
[3.908s] -- Found visualization_msgs: 4.9.1 (/opt/ros/humble/share/visualization_msgs/cmake)
[3.976s] -- Found angles: 1.15.0 (/opt/ros/humble/share/angles/cmake)
[3.981s] -- Found dynamicvoronoi: 0.0.0 (/home/xu/automatic-navigation/install/dynamicvoronoi/share/dynamicvoronoi/cmake)
[3.987s] -- Found Eigen3: TRUE (found suitable version "3.4.0", minimum required is "3.3") 
[3.987s] -- Setting build type to Release as none was specified.
[4.276s] -- Found ament_lint_auto: 0.12.15 (/opt/ros/humble/share/ament_lint_auto/cmake)
[4.662s] -- Found gtest sources under '/opt/ros/humble/src/gtest_vendor': C++ tests using 'Google Test' will be built
[4.713s] -- Found gtest sources under '/opt/ros/humble/src/gtest_vendor': C++ tests using 'Google Test' will be built
[4.733s] -- Found gtest sources under '/opt/ros/humble/src/gtest_vendor': C++ tests using 'Google Test' will be built
[4.806s] -- Added test 'cppcheck' to perform static code analysis on C / C++ code
[4.812s] -- Configured cppcheck include dirs: $<BUILD_INTERFACE:/home/xu/automatic-navigation/src/nav2_costmap_2d/include>
[4.812s] -- Configured cppcheck exclude dirs and/or files: 
[4.813s] -- Added test 'flake8' to check Python code syntax and style conventions
[4.816s] -- Added test 'lint_cmake' to check CMake code style
[4.818s] -- Added test 'pep257' to check Python code against some of the docstring style conventions in PEP 257
[4.826s] -- Added test 'uncrustify' to check C / C++ code style
[4.826s] -- Configured uncrustify additional arguments: 
[4.828s] -- Added test 'xmllint' to check XML markup files
[4.838s] -- Configuring done
[6.278s] -- Generating done
[6.431s] -- Build files have been written to: /home/xu/automatic-navigation/build/nav2_costmap_2d
[6.465s] Invoked command in '/home/xu/automatic-navigation/build/nav2_costmap_2d' returned '0': AMENT_PREFIX_PATH=/home/xu/automatic-navigation/install/dynamicvoronoi:${AMENT_PREFIX_PATH} CMAKE_PREFIX_PATH=/home/xu/automatic-navigation/install/dynamicvoronoi:/home/xu/automatic-navigation/install/nav_slam:/home/xu/automatic-navigation/install/gazebo_modele:/opt/ros/humble LD_LIBRARY_PATH=/home/xu/automatic-navigation/install/dynamicvoronoi/lib:${LD_LIBRARY_PATH} /usr/bin/cmake /home/xu/automatic-navigation/src/nav2_costmap_2d -DCMAKE_INSTALL_PREFIX=/home/xu/automatic-navigation/install/nav2_costmap_2d
[6.466s] Invoking command in '/home/xu/automatic-navigation/build/nav2_costmap_2d': AMENT_PREFIX_PATH=/home/xu/automatic-navigation/install/dynamicvoronoi:${AMENT_PREFIX_PATH} CMAKE_PREFIX_PATH=/home/xu/automatic-navigation/install/dynamicvoronoi:/home/xu/automatic-navigation/install/nav_slam:/home/xu/automatic-navigation/install/gazebo_modele:/opt/ros/humble LD_LIBRARY_PATH=/home/xu/automatic-navigation/install/dynamicvoronoi/lib:${LD_LIBRARY_PATH} /usr/bin/cmake --build /home/xu/automatic-navigation/build/nav2_costmap_2d -- -j2 -l2
[6.604s] [  1%] [32mBuilding CXX object CMakeFiles/nav2_costmap_2d_core.dir/src/array_parser.cpp.o[0m
[7.778s] [  2%] [32mBuilding CXX object CMakeFiles/nav2_costmap_2d_core.dir/src/costmap_2d.cpp.o[0m
[10.013s] [  3%] [32mBuilding CXX object CMakeFiles/nav2_costmap_2d_core.dir/src/layer.cpp.o[0m
[17.519s] [  4%] [32mBuilding CXX object CMakeFiles/nav2_costmap_2d_core.dir/src/layered_costmap.cpp.o[0m
[24.696s] [  6%] [32mBuilding CXX object CMakeFiles/nav2_costmap_2d_core.dir/src/costmap_2d_ros.cpp.o[0m
[60.495s] [  7%] [32mBuilding CXX object CMakeFiles/nav2_costmap_2d_core.dir/src/costmap_2d_publisher.cpp.o[0m
[75.802s] [  8%] [32mBuilding CXX object CMakeFiles/nav2_costmap_2d_core.dir/src/costmap_math.cpp.o[0m
[77.233s] [  9%] [32mBuilding CXX object CMakeFiles/nav2_costmap_2d_core.dir/src/footprint.cpp.o[0m
[80.740s] [ 10%] [32mBuilding CXX object gtest/CMakeFiles/gtest_main.dir/src/gtest_main.cc.o[0m
[82.729s] [ 12%] [32m[1mLinking CXX static library libgtest_main.a[0m
[82.829s] [ 12%] Built target gtest_main
[82.882s] [ 13%] [32mBuilding CXX object gtest/CMakeFiles/gtest.dir/src/gtest-all.cc.o[0m
[83.990s] [ 14%] [32mBuilding CXX object CMakeFiles/nav2_costmap_2d_core.dir/src/costmap_layer.cpp.o[0m
[90.718s] [ 15%] [32mBuilding CXX object CMakeFiles/nav2_costmap_2d_core.dir/src/observation_buffer.cpp.o[0m
[96.189s] [ 16%] [32m[1mLinking CXX static library libgtest.a[0m
[96.285s] [ 16%] Built target gtest
[96.308s] [ 18%] [32mBuilding CXX object CMakeFiles/nav2_costmap_2d_core.dir/src/clear_costmap_service.cpp.o[0m
[110.462s] [ 19%] [32mBuilding CXX object CMakeFiles/nav2_costmap_2d_core.dir/src/footprint_collision_checker.cpp.o[0m
[117.599s] [ 20%] [32mBuilding CXX object CMakeFiles/nav2_costmap_2d_core.dir/plugins/costmap_filters/costmap_filter.cpp.o[0m
[127.012s] [ 21%] [32m[1mLinking CXX shared library libnav2_costmap_2d_core.so[0m
[128.039s] [ 21%] Built target nav2_costmap_2d_core
[128.094s] [ 22%] [32mBuilding CXX object CMakeFiles/layers.dir/plugins/inflation_layer.cpp.o[0m
[128.096s] [ 24%] [32mBuilding CXX object CMakeFiles/filters.dir/plugins/costmap_filters/keepout_filter.cpp.o[0m
[137.004s] [ 25%] [32mBuilding CXX object CMakeFiles/layers.dir/plugins/static_layer.cpp.o[0m
[157.278s] [ 26%] [32mBuilding CXX object CMakeFiles/filters.dir/plugins/costmap_filters/speed_filter.cpp.o[0m
[170.135s] [ 27%] [32mBuilding CXX object CMakeFiles/layers.dir/plugins/obstacle_layer.cpp.o[0m
[185.153s] [ 28%] [32mBuilding CXX object CMakeFiles/filters.dir/plugins/costmap_filters/binary_filter.cpp.o[0m
[208.820s] [ 30%] [32mBuilding CXX object CMakeFiles/layers.dir/src/observation_buffer.cpp.o[0m
[216.973s] [ 31%] [32m[1mLinking CXX shared library libfilters.so[0m
[217.938s] [ 31%] Built target filters
[217.999s] [ 32%] [32mBuilding CXX object CMakeFiles/nav2_costmap_2d_client.dir/src/footprint_subscriber.cpp.o[0m
[220.187s] [ 33%] [32mBuilding CXX object CMakeFiles/layers.dir/plugins/voxel_layer.cpp.o[0m
[237.008s] [ 34%] [32mBuilding CXX object CMakeFiles/layers.dir/plugins/range_sensor_layer.cpp.o[0m
[238.467s] [ 36%] [32mBuilding CXX object CMakeFiles/nav2_costmap_2d_client.dir/src/costmap_subscriber.cpp.o[0m
[257.775s] [ 37%] [32mBuilding CXX object CMakeFiles/layers.dir/plugins/denoise_layer.cpp.o[0m
[258.582s] [ 38%] [32mBuilding CXX object CMakeFiles/nav2_costmap_2d_client.dir/src/costmap_topic_collision_checker.cpp.o[0m
[265.934s] [ 39%] [32m[1mLinking CXX shared library libnav2_costmap_2d_client.so[0m
[266.767s] [ 39%] Built target nav2_costmap_2d_client
[267.304s] [ 40%] [32mBuilding CXX object CMakeFiles/layers.dir/plugins/voronoi_layer.cpp.o[0m
[275.018s] [ 42%] [32m[1mLinking CXX shared library liblayers.so[0m
[276.190s] [ 42%] Built target layers
[276.256s] [ 43%] [32mBuilding CXX object CMakeFiles/nav2_costmap_2d_markers.dir/src/costmap_2d_markers.cpp.o[0m
[280.293s] [ 44%] [32mBuilding CXX object CMakeFiles/nav2_costmap_2d_cloud.dir/src/costmap_2d_cloud.cpp.o[0m
[296.825s] [ 45%] [32m[1mLinking CXX executable nav2_costmap_2d_markers[0m
[297.588s] [ 45%] Built target nav2_costmap_2d_markers
[297.652s] [ 46%] [32mBuilding CXX object CMakeFiles/nav2_costmap_2d.dir/src/costmap_2d_node.cpp.o[0m
[301.422s] [ 48%] [32m[1mLinking CXX executable nav2_costmap_2d_cloud[0m
[301.922s] [ 48%] Built target nav2_costmap_2d_cloud
[301.984s] [ 49%] [32mBuilding CXX object test/unit/CMakeFiles/array_parser_test.dir/array_parser_test.cpp.o[0m
[305.027s] [ 50%] [32m[1mLinking CXX executable array_parser_test[0m
[305.543s] [ 50%] Built target array_parser_test
[305.594s] [ 51%] [32mBuilding CXX object test/unit/CMakeFiles/collision_footprint_test.dir/footprint_collision_checker_test.cpp.o[0m
[307.692s] [ 53%] [32m[1mLinking CXX executable nav2_costmap_2d[0m
[308.284s] [ 53%] Built target nav2_costmap_2d
[308.337s] [ 54%] [32mBuilding CXX object test/unit/CMakeFiles/costmap_convesion_test.dir/costmap_conversion_test.cpp.o[0m
[315.504s] [ 55%] [32m[1mLinking CXX executable collision_footprint_test[0m
[315.888s] [ 56%] [32m[1mLinking CXX executable costmap_convesion_test[0m
[316.022s] [ 56%] Built target collision_footprint_test
[316.436s] [ 56%] Built target costmap_convesion_test
[316.497s] [ 57%] [32mBuilding CXX object test/unit/CMakeFiles/declare_parameter_test.dir/declare_parameter_test.cpp.o[0m
[320.541s] [ 59%] [32mBuilding CXX object test/unit/CMakeFiles/costmap_filter_test.dir/costmap_filter_test.cpp.o[0m
[326.213s] [ 60%] [32m[1mLinking CXX executable declare_parameter_test[0m
[326.782s] [ 60%] Built target declare_parameter_test
[326.832s] [ 61%] [32mBuilding CXX object test/unit/CMakeFiles/keepout_filter_test.dir/keepout_filter_test.cpp.o[0m
[329.678s] [ 62%] [32m[1mLinking CXX executable costmap_filter_test[0m
[330.222s] [ 62%] Built target costmap_filter_test
[335.295s] [ 63%] [32mBuilding CXX object test/unit/CMakeFiles/speed_filter_test.dir/speed_filter_test.cpp.o[0m
[343.034s] [ 65%] [32m[1mLinking CXX executable keepout_filter_test[0m
[343.715s] [ 65%] Built target keepout_filter_test
[345.770s] [ 66%] [32mBuilding CXX object test/unit/CMakeFiles/binary_filter_test.dir/binary_filter_test.cpp.o[0m
[362.720s] [ 67%] [32m[1mLinking CXX executable speed_filter_test[0m
[363.473s] [ 67%] Built target speed_filter_test
[373.422s] [ 68%] [32m[1mLinking CXX executable binary_filter_test[0m
[374.201s] [ 68%] Built target binary_filter_test
[374.264s] [ 69%] [32mBuilding CXX object test/unit/CMakeFiles/copy_window_test.dir/copy_window_test.cpp.o[0m
[376.301s] [ 71%] [32mBuilding CXX object test/unit/CMakeFiles/costmap_filter_service_test.dir/costmap_filter_service_test.cpp.o[0m
[381.715s] [ 72%] [32m[1mLinking CXX executable copy_window_test[0m
[382.312s] [ 72%] Built target copy_window_test
[382.368s] [ 73%] [32mBuilding CXX object test/unit/CMakeFiles/denoise_layer_test.dir/denoise_layer_test.cpp.o[0m
[387.702s] [ 74%] [32m[1mLinking CXX executable costmap_filter_service_test[0m
[388.256s] [ 74%] Built target costmap_filter_service_test
[390.323s] [ 75%] [32mBuilding CXX object test/integration/CMakeFiles/footprint_tests_exec.dir/footprint_tests.cpp.o[0m
[393.877s] [ 77%] [32mBuilding CXX object test/unit/CMakeFiles/denoise_layer_test.dir/image_test.cpp.o[0m
[396.995s] [ 78%] [32mBuilding CXX object test/unit/CMakeFiles/denoise_layer_test.dir/image_processing_test.cpp.o[0m
[400.123s] [ 79%] [32m[1mLinking CXX executable footprint_tests_exec[0m
[400.620s] [ 79%] Built target footprint_tests_exec
[400.676s] [ 80%] [32mBuilding CXX object test/integration/CMakeFiles/test_collision_checker_exec.dir/test_costmap_topic_collision_checker.cpp.o[0m
[403.720s] [ 81%] [32m[1mLinking CXX executable denoise_layer_test[0m
[404.539s] [ 81%] Built target denoise_layer_test
[404.590s] [ 83%] [32mBuilding CXX object test/integration/CMakeFiles/inflation_tests_exec.dir/inflation_tests.cpp.o[0m
[420.244s] [ 84%] [32m[1mLinking CXX executable test_collision_checker_exec[0m
[421.036s] [ 84%] Built target test_collision_checker_exec
[421.103s] [ 85%] [32mBuilding CXX object test/integration/CMakeFiles/obstacle_tests_exec.dir/obstacle_tests.cpp.o[0m
[424.393s] [ 86%] [32m[1mLinking CXX executable inflation_tests_exec[0m
[425.106s] [ 86%] Built target inflation_tests_exec
[430.203s] [ 87%] [32mBuilding CXX object test/integration/CMakeFiles/range_tests_exec.dir/range_tests.cpp.o[0m
[439.935s] [ 89%] [32m[1mLinking CXX executable obstacle_tests_exec[0m
[440.591s] [ 89%] Built target obstacle_tests_exec
[440.642s] [ 90%] [32mBuilding CXX object test/integration/CMakeFiles/dyn_params_tests.dir/dyn_params_tests.cpp.o[0m
[444.560s] [ 91%] [32m[1mLinking CXX executable range_tests_exec[0m
[445.220s] [ 91%] Built target range_tests_exec
[445.279s] [ 92%] [32mBuilding CXX object test/regression/CMakeFiles/costmap_bresenham_2d.dir/costmap_bresenham_2d.cpp.o[0m
[448.381s] [ 93%] [32m[1mLinking CXX executable costmap_bresenham_2d[0m
[448.888s] [ 93%] Built target costmap_bresenham_2d
[448.948s] [ 95%] [32mBuilding CXX object test/regression/CMakeFiles/order_layer.dir/order_layer.cpp.o[0m
[457.874s] [ 96%] [32m[1mLinking CXX executable dyn_params_tests[0m
[458.319s] [ 97%] [32m[1mLinking CXX shared library liborder_layer.so[0m
[458.579s] [ 97%] Built target dyn_params_tests
[458.865s] [ 97%] Built target order_layer
[458.919s] [ 98%] [32mBuilding CXX object test/regression/CMakeFiles/plugin_api_order.dir/plugin_api_order.cpp.o[0m
[470.847s] [100%] [32m[1mLinking CXX executable plugin_api_order[0m
[471.451s] [100%] Built target plugin_api_order
[471.484s] Invoked command in '/home/xu/automatic-navigation/build/nav2_costmap_2d' returned '0': AMENT_PREFIX_PATH=/home/xu/automatic-navigation/install/dynamicvoronoi:${AMENT_PREFIX_PATH} CMAKE_PREFIX_PATH=/home/xu/automatic-navigation/install/dynamicvoronoi:/home/xu/automatic-navigation/install/nav_slam:/home/xu/automatic-navigation/install/gazebo_modele:/opt/ros/humble LD_LIBRARY_PATH=/home/xu/automatic-navigation/install/dynamicvoronoi/lib:${LD_LIBRARY_PATH} /usr/bin/cmake --build /home/xu/automatic-navigation/build/nav2_costmap_2d -- -j2 -l2
[471.490s] Invoking command in '/home/xu/automatic-navigation/build/nav2_costmap_2d': AMENT_PREFIX_PATH=/home/xu/automatic-navigation/install/dynamicvoronoi:${AMENT_PREFIX_PATH} CMAKE_PREFIX_PATH=/home/xu/automatic-navigation/install/dynamicvoronoi:/home/xu/automatic-navigation/install/nav_slam:/home/xu/automatic-navigation/install/gazebo_modele:/opt/ros/humble LD_LIBRARY_PATH=/home/xu/automatic-navigation/install/dynamicvoronoi/lib:${LD_LIBRARY_PATH} /usr/bin/cmake --install /home/xu/automatic-navigation/build/nav2_costmap_2d
[471.507s] -- Install configuration: "Release"
[471.507s] -- Installing: /home/xu/automatic-navigation/install/nav2_costmap_2d/lib/liblayers.so
[471.518s] -- Set runtime path of "/home/xu/automatic-navigation/install/nav2_costmap_2d/lib/liblayers.so" to ""
[471.518s] -- Installing: /home/xu/automatic-navigation/install/nav2_costmap_2d/lib/libfilters.so
[471.520s] -- Set runtime path of "/home/xu/automatic-navigation/install/nav2_costmap_2d/lib/libfilters.so" to ""
[471.521s] -- Installing: /home/xu/automatic-navigation/install/nav2_costmap_2d/lib/libnav2_costmap_2d_core.so
[471.527s] -- Set runtime path of "/home/xu/automatic-navigation/install/nav2_costmap_2d/lib/libnav2_costmap_2d_core.so" to ""
[471.528s] -- Installing: /home/xu/automatic-navigation/install/nav2_costmap_2d/lib/libnav2_costmap_2d_client.so
[471.531s] -- Set runtime path of "/home/xu/automatic-navigation/install/nav2_costmap_2d/lib/libnav2_costmap_2d_client.so" to ""
[471.531s] -- Installing: /home/xu/automatic-navigation/install/nav2_costmap_2d/lib/nav2_costmap_2d/nav2_costmap_2d_markers
[471.536s] -- Set runtime path of "/home/xu/automatic-navigation/install/nav2_costmap_2d/lib/nav2_costmap_2d/nav2_costmap_2d_markers" to ""
[471.536s] -- Installing: /home/xu/automatic-navigation/install/nav2_costmap_2d/lib/nav2_costmap_2d/nav2_costmap_2d_cloud
[471.539s] -- Set runtime path of "/home/xu/automatic-navigation/install/nav2_costmap_2d/lib/nav2_costmap_2d/nav2_costmap_2d_cloud" to ""
[471.539s] -- Installing: /home/xu/automatic-navigation/install/nav2_costmap_2d/lib/nav2_costmap_2d/nav2_costmap_2d
[471.540s] -- Set runtime path of "/home/xu/automatic-navigation/install/nav2_costmap_2d/lib/nav2_costmap_2d/nav2_costmap_2d" to ""
[471.540s] -- Installing: /home/xu/automatic-navigation/install/nav2_costmap_2d/share/nav2_costmap_2d/costmap_plugins.xml
[471.540s] -- Installing: /home/xu/automatic-navigation/install/nav2_costmap_2d/include/nav2_costmap_2d
[471.540s] -- Installing: /home/xu/automatic-navigation/install/nav2_costmap_2d/include/nav2_costmap_2d/nav2_costmap_2d
[471.540s] -- Installing: /home/xu/automatic-navigation/install/nav2_costmap_2d/include/nav2_costmap_2d/nav2_costmap_2d/clear_costmap_service.hpp
[471.540s] -- Installing: /home/xu/automatic-navigation/install/nav2_costmap_2d/include/nav2_costmap_2d/nav2_costmap_2d/range_sensor_layer.hpp
[471.540s] -- Installing: /home/xu/automatic-navigation/install/nav2_costmap_2d/include/nav2_costmap_2d/nav2_costmap_2d/denoise
[471.540s] -- Installing: /home/xu/automatic-navigation/install/nav2_costmap_2d/include/nav2_costmap_2d/nav2_costmap_2d/denoise/image.hpp
[471.540s] -- Installing: /home/xu/automatic-navigation/install/nav2_costmap_2d/include/nav2_costmap_2d/nav2_costmap_2d/denoise/image_processing.hpp
[471.544s] -- Installing: /home/xu/automatic-navigation/install/nav2_costmap_2d/include/nav2_costmap_2d/nav2_costmap_2d/costmap_topic_collision_checker.hpp
[471.544s] -- Installing: /home/xu/automatic-navigation/install/nav2_costmap_2d/include/nav2_costmap_2d/nav2_costmap_2d/footprint_collision_checker.hpp
[471.544s] -- Installing: /home/xu/automatic-navigation/install/nav2_costmap_2d/include/nav2_costmap_2d/nav2_costmap_2d/inflation_layer.hpp
[471.545s] -- Installing: /home/xu/automatic-navigation/install/nav2_costmap_2d/include/nav2_costmap_2d/nav2_costmap_2d/observation_buffer.hpp
[471.545s] -- Installing: /home/xu/automatic-navigation/install/nav2_costmap_2d/include/nav2_costmap_2d/nav2_costmap_2d/array_parser.hpp
[471.545s] -- Installing: /home/xu/automatic-navigation/install/nav2_costmap_2d/include/nav2_costmap_2d/nav2_costmap_2d/costmap_subscriber.hpp
[471.545s] -- Installing: /home/xu/automatic-navigation/install/nav2_costmap_2d/include/nav2_costmap_2d/nav2_costmap_2d/costmap_math.hpp
[471.545s] -- Installing: /home/xu/automatic-navigation/install/nav2_costmap_2d/include/nav2_costmap_2d/nav2_costmap_2d/voronoi_layer.hpp
[471.547s] -- Installing: /home/xu/automatic-navigation/install/nav2_costmap_2d/include/nav2_costmap_2d/nav2_costmap_2d/layer.hpp
[471.547s] -- Installing: /home/xu/automatic-navigation/install/nav2_costmap_2d/include/nav2_costmap_2d/nav2_costmap_2d/obstacle_layer.hpp
[471.547s] -- Installing: /home/xu/automatic-navigation/install/nav2_costmap_2d/include/nav2_costmap_2d/nav2_costmap_2d/observation.hpp
[471.548s] -- Installing: /home/xu/automatic-navigation/install/nav2_costmap_2d/include/nav2_costmap_2d/nav2_costmap_2d/footprint.hpp
[471.548s] -- Installing: /home/xu/automatic-navigation/install/nav2_costmap_2d/include/nav2_costmap_2d/nav2_costmap_2d/voxel_layer.hpp
[471.548s] -- Installing: /home/xu/automatic-navigation/install/nav2_costmap_2d/include/nav2_costmap_2d/nav2_costmap_2d/static_layer.hpp
[471.548s] -- Installing: /home/xu/automatic-navigation/install/nav2_costmap_2d/include/nav2_costmap_2d/nav2_costmap_2d/cost_values.hpp
[471.548s] -- Installing: /home/xu/automatic-navigation/install/nav2_costmap_2d/include/nav2_costmap_2d/nav2_costmap_2d/costmap_2d_publisher.hpp
[471.548s] -- Installing: /home/xu/automatic-navigation/install/nav2_costmap_2d/include/nav2_costmap_2d/nav2_costmap_2d/denoise_layer.hpp
[471.548s] -- Installing: /home/xu/automatic-navigation/install/nav2_costmap_2d/include/nav2_costmap_2d/nav2_costmap_2d/layered_costmap.hpp
[471.550s] -- Installing: /home/xu/automatic-navigation/install/nav2_costmap_2d/include/nav2_costmap_2d/nav2_costmap_2d/costmap_2d_ros.hpp
[471.551s] -- Installing: /home/xu/automatic-navigation/install/nav2_costmap_2d/include/nav2_costmap_2d/nav2_costmap_2d/exceptions.hpp
[471.551s] -- Installing: /home/xu/automatic-navigation/install/nav2_costmap_2d/include/nav2_costmap_2d/nav2_costmap_2d/footprint_subscriber.hpp
[471.551s] -- Installing: /home/xu/automatic-navigation/install/nav2_costmap_2d/include/nav2_costmap_2d/nav2_costmap_2d/costmap_layer.hpp
[471.551s] -- Installing: /home/xu/automatic-navigation/install/nav2_costmap_2d/include/nav2_costmap_2d/nav2_costmap_2d/costmap_filters
[471.551s] -- Installing: /home/xu/automatic-navigation/install/nav2_costmap_2d/include/nav2_costmap_2d/nav2_costmap_2d/costmap_filters/speed_filter.hpp
[471.551s] -- Installing: /home/xu/automatic-navigation/install/nav2_costmap_2d/include/nav2_costmap_2d/nav2_costmap_2d/costmap_filters/costmap_filter.hpp
[471.551s] -- Installing: /home/xu/automatic-navigation/install/nav2_costmap_2d/include/nav2_costmap_2d/nav2_costmap_2d/costmap_filters/filter_values.hpp
[471.551s] -- Installing: /home/xu/automatic-navigation/install/nav2_costmap_2d/include/nav2_costmap_2d/nav2_costmap_2d/costmap_filters/binary_filter.hpp
[471.552s] -- Installing: /home/xu/automatic-navigation/install/nav2_costmap_2d/include/nav2_costmap_2d/nav2_costmap_2d/costmap_filters/keepout_filter.hpp
[471.552s] -- Installing: /home/xu/automatic-navigation/install/nav2_costmap_2d/include/nav2_costmap_2d/nav2_costmap_2d/costmap_2d.hpp
[471.552s] -- Installing: /home/xu/automatic-navigation/install/nav2_costmap_2d/share/nav2_costmap_2d/test/regression/order_layer.xml
[471.552s] -- Installing: /home/xu/automatic-navigation/install/nav2_costmap_2d/share/nav2_costmap_2d/environment/library_path.sh
[471.552s] -- Installing: /home/xu/automatic-navigation/install/nav2_costmap_2d/share/nav2_costmap_2d/environment/library_path.dsv
[471.552s] -- Up-to-date: /home/xu/automatic-navigation/install/nav2_costmap_2d/share/nav2_costmap_2d/costmap_plugins.xml
[471.552s] -- Installing: /home/xu/automatic-navigation/install/nav2_costmap_2d/share/ament_index/resource_index/package_run_dependencies/nav2_costmap_2d
[471.553s] -- Installing: /home/xu/automatic-navigation/install/nav2_costmap_2d/share/ament_index/resource_index/parent_prefix_path/nav2_costmap_2d
[471.553s] -- Installing: /home/xu/automatic-navigation/install/nav2_costmap_2d/share/nav2_costmap_2d/environment/ament_prefix_path.sh
[471.553s] -- Installing: /home/xu/automatic-navigation/install/nav2_costmap_2d/share/nav2_costmap_2d/environment/ament_prefix_path.dsv
[471.553s] -- Installing: /home/xu/automatic-navigation/install/nav2_costmap_2d/share/nav2_costmap_2d/environment/path.sh
[471.556s] -- Installing: /home/xu/automatic-navigation/install/nav2_costmap_2d/share/nav2_costmap_2d/environment/path.dsv
[471.556s] -- Installing: /home/xu/automatic-navigation/install/nav2_costmap_2d/share/nav2_costmap_2d/local_setup.bash
[471.556s] -- Installing: /home/xu/automatic-navigation/install/nav2_costmap_2d/share/nav2_costmap_2d/local_setup.sh
[471.556s] -- Installing: /home/xu/automatic-navigation/install/nav2_costmap_2d/share/nav2_costmap_2d/local_setup.zsh
[471.556s] -- Installing: /home/xu/automatic-navigation/install/nav2_costmap_2d/share/nav2_costmap_2d/local_setup.dsv
[471.557s] -- Installing: /home/xu/automatic-navigation/install/nav2_costmap_2d/share/nav2_costmap_2d/package.dsv
[471.557s] -- Installing: /home/xu/automatic-navigation/install/nav2_costmap_2d/share/ament_index/resource_index/packages/nav2_costmap_2d
[471.557s] -- Installing: /home/xu/automatic-navigation/install/nav2_costmap_2d/share/ament_index/resource_index/nav2_costmap_2d__pluginlib__plugin/nav2_costmap_2d
[471.557s] -- Installing: /home/xu/automatic-navigation/install/nav2_costmap_2d/share/nav2_costmap_2d/cmake/export_nav2_costmap_2dExport.cmake
[471.557s] -- Installing: /home/xu/automatic-navigation/install/nav2_costmap_2d/share/nav2_costmap_2d/cmake/export_nav2_costmap_2dExport-release.cmake
[471.557s] -- Installing: /home/xu/automatic-navigation/install/nav2_costmap_2d/share/nav2_costmap_2d/cmake/ament_cmake_export_targets-extras.cmake
[471.557s] -- Installing: /home/xu/automatic-navigation/install/nav2_costmap_2d/share/nav2_costmap_2d/cmake/ament_cmake_export_dependencies-extras.cmake
[471.557s] -- Installing: /home/xu/automatic-navigation/install/nav2_costmap_2d/share/nav2_costmap_2d/cmake/nav2_costmap_2dConfig.cmake
[471.557s] -- Installing: /home/xu/automatic-navigation/install/nav2_costmap_2d/share/nav2_costmap_2d/cmake/nav2_costmap_2dConfig-version.cmake
[471.558s] -- Installing: /home/xu/automatic-navigation/install/nav2_costmap_2d/share/nav2_costmap_2d/package.xml
[471.558s] -- Installing: /home/xu/automatic-navigation/install/nav2_costmap_2d/lib/liborder_layer.so
[471.558s] -- Set runtime path of "/home/xu/automatic-navigation/install/nav2_costmap_2d/lib/liborder_layer.so" to ""
[471.562s] Invoked command in '/home/xu/automatic-navigation/build/nav2_costmap_2d' returned '0': AMENT_PREFIX_PATH=/home/xu/automatic-navigation/install/dynamicvoronoi:${AMENT_PREFIX_PATH} CMAKE_PREFIX_PATH=/home/xu/automatic-navigation/install/dynamicvoronoi:/home/xu/automatic-navigation/install/nav_slam:/home/xu/automatic-navigation/install/gazebo_modele:/opt/ros/humble LD_LIBRARY_PATH=/home/xu/automatic-navigation/install/dynamicvoronoi/lib:${LD_LIBRARY_PATH} /usr/bin/cmake --install /home/xu/automatic-navigation/build/nav2_costmap_2d
