[1.415s] Invoking command in '/home/xu/automatic-navigation/src/nav_slam': PYTHONPATH=/home/xu/automatic-navigation/build/nav_slam/prefix_override:/usr/lib/python3/dist-packages/colcon_core/task/python/colcon_distutils_commands:/home/xu/automatic-navigation/install/nav_slam/lib/python3.10/site-packages:${PYTHONPATH} /usr/bin/python3 -W ignore:setup.py install is deprecated -W ignore:easy_install command is deprecated setup.py egg_info --egg-base ../../build/nav_slam build --build-base /home/xu/automatic-navigation/build/nav_slam/build install --record /home/xu/automatic-navigation/build/nav_slam/install.log --single-version-externally-managed install_data
[1.903s] running egg_info
[1.903s] writing ../../build/nav_slam/nav_slam.egg-info/PKG-INFO
[1.907s] writing dependency_links to ../../build/nav_slam/nav_slam.egg-info/dependency_links.txt
[1.907s] writing entry points to ../../build/nav_slam/nav_slam.egg-info/entry_points.txt
[1.907s] writing requirements to ../../build/nav_slam/nav_slam.egg-info/requires.txt
[1.907s] writing top-level names to ../../build/nav_slam/nav_slam.egg-info/top_level.txt
[1.908s] reading manifest file '../../build/nav_slam/nav_slam.egg-info/SOURCES.txt'
[1.909s] writing manifest file '../../build/nav_slam/nav_slam.egg-info/SOURCES.txt'
[1.910s] running build
[1.912s] running build_py
[1.912s] running install
[1.912s] running install_lib
[1.915s] running install_data
[1.916s] running install_egg_info
[1.917s] removing '/home/xu/automatic-navigation/install/nav_slam/lib/python3.10/site-packages/nav_slam-0.0.0-py3.10.egg-info' (and everything under it)
[1.919s] Copying ../../build/nav_slam/nav_slam.egg-info to /home/xu/automatic-navigation/install/nav_slam/lib/python3.10/site-packages/nav_slam-0.0.0-py3.10.egg-info
[1.921s] running install_scripts
[1.967s] Installing astar script to /home/xu/automatic-navigation/install/nav_slam/lib/nav_slam
[1.967s] Installing map_pub script to /home/xu/automatic-navigation/install/nav_slam/lib/nav_slam
[1.969s] Installing odom_map_tf script to /home/xu/automatic-navigation/install/nav_slam/lib/nav_slam
[1.970s] Installing points_pub_map script to /home/xu/automatic-navigation/install/nav_slam/lib/nav_slam
[1.970s] Installing start_nav script to /home/xu/automatic-navigation/install/nav_slam/lib/nav_slam
[1.970s] writing list of installed files to '/home/xu/automatic-navigation/build/nav_slam/install.log'
[2.008s] Invoked command in '/home/xu/automatic-navigation/src/nav_slam' returned '0': PYTHONPATH=/home/xu/automatic-navigation/build/nav_slam/prefix_override:/usr/lib/python3/dist-packages/colcon_core/task/python/colcon_distutils_commands:/home/xu/automatic-navigation/install/nav_slam/lib/python3.10/site-packages:${PYTHONPATH} /usr/bin/python3 -W ignore:setup.py install is deprecated -W ignore:easy_install command is deprecated setup.py egg_info --egg-base ../../build/nav_slam build --build-base /home/xu/automatic-navigation/build/nav_slam/build install --record /home/xu/automatic-navigation/build/nav_slam/install.log --single-version-externally-managed install_data
