[0.040s] Invoking command in '/home/xu/automatic-navigation/build/nav2_costmap_2d': CMAKE_PREFIX_PATH=/home/xu/automatic-navigation/install/dynamicvoronoi:/home/xu/automatic-navigation/install/nav2_voronoi_planner:/home/xu/automatic-navigation/install/nav2_costmap_2d:/home/xu/automatic-navigation/install/nav_slam:/home/xu/automatic-navigation/install/gazebo_modele:/opt/ros/humble LD_LIBRARY_PATH=/home/xu/automatic-navigation/install/dynamicvoronoi/lib:/home/xu/automatic-navigation/install/nav2_voronoi_planner/lib:/home/xu/automatic-navigation/install/nav2_costmap_2d/lib:/usr/lib/x86_64-linux-gnu/gazebo-11/plugins:/opt/ros/humble/opt/rviz_ogre_vendor/lib:/opt/ros/humble/lib/x86_64-linux-gnu:/opt/ros/humble/lib /usr/bin/cmake --build /home/xu/automatic-navigation/build/nav2_costmap_2d -- -j2 -l2
[0.263s] [  2%] Built target gtest_main
[0.308s] [ 19%] Built target nav2_costmap_2d_core
[0.377s] [ 21%] Built target gtest
[0.442s] [ 32%] Built target layers
[0.524s] [ 37%] Built target filters
[0.585s] [ 42%] Built target nav2_costmap_2d_client
[0.642s] [ 44%] Built target nav2_costmap_2d_markers
[0.658s] [ 46%] Built target nav2_costmap_2d_cloud
[0.752s] [ 49%] Built target nav2_costmap_2d
[0.779s] [ 51%] Built target array_parser_test
[0.912s] [ 54%] Built target costmap_convesion_test
[0.950s] [ 56%] Built target collision_footprint_test
[1.001s] [ 59%] Built target declare_parameter_test
[1.066s] [ 61%] Built target costmap_filter_test
[1.126s] [ 63%] Built target keepout_filter_test
[1.159s] [ 66%] Built target speed_filter_test
[1.248s] [ 68%] Built target binary_filter_test
[1.265s] [ 71%] Built target copy_window_test
[1.344s] [ 73%] Built target costmap_filter_service_test
[1.374s] [ 78%] Built target denoise_layer_test
[1.444s] [ 80%] Built target footprint_tests_exec
[1.515s] [ 83%] Built target test_collision_checker_exec
[1.621s] [ 85%] Built target obstacle_tests_exec
[1.625s] [ 87%] Built target inflation_tests_exec
[1.731s] [ 90%] Built target dyn_params_tests
[1.748s] [ 92%] Built target range_tests_exec
[1.839s] [ 95%] Built target costmap_bresenham_2d
[1.876s] [ 97%] Built target order_layer
[1.932s] [100%] Built target plugin_api_order
[2.282s] Invoked command in '/home/xu/automatic-navigation/build/nav2_costmap_2d' returned '0': CMAKE_PREFIX_PATH=/home/xu/automatic-navigation/install/dynamicvoronoi:/home/xu/automatic-navigation/install/nav2_voronoi_planner:/home/xu/automatic-navigation/install/nav2_costmap_2d:/home/xu/automatic-navigation/install/nav_slam:/home/xu/automatic-navigation/install/gazebo_modele:/opt/ros/humble LD_LIBRARY_PATH=/home/xu/automatic-navigation/install/dynamicvoronoi/lib:/home/xu/automatic-navigation/install/nav2_voronoi_planner/lib:/home/xu/automatic-navigation/install/nav2_costmap_2d/lib:/usr/lib/x86_64-linux-gnu/gazebo-11/plugins:/opt/ros/humble/opt/rviz_ogre_vendor/lib:/opt/ros/humble/lib/x86_64-linux-gnu:/opt/ros/humble/lib /usr/bin/cmake --build /home/xu/automatic-navigation/build/nav2_costmap_2d -- -j2 -l2
[2.297s] Invoking command in '/home/xu/automatic-navigation/build/nav2_costmap_2d': CMAKE_PREFIX_PATH=/home/xu/automatic-navigation/install/dynamicvoronoi:/home/xu/automatic-navigation/install/nav2_voronoi_planner:/home/xu/automatic-navigation/install/nav2_costmap_2d:/home/xu/automatic-navigation/install/nav_slam:/home/xu/automatic-navigation/install/gazebo_modele:/opt/ros/humble LD_LIBRARY_PATH=/home/xu/automatic-navigation/install/dynamicvoronoi/lib:/home/xu/automatic-navigation/install/nav2_voronoi_planner/lib:/home/xu/automatic-navigation/install/nav2_costmap_2d/lib:/usr/lib/x86_64-linux-gnu/gazebo-11/plugins:/opt/ros/humble/opt/rviz_ogre_vendor/lib:/opt/ros/humble/lib/x86_64-linux-gnu:/opt/ros/humble/lib /usr/bin/cmake --install /home/xu/automatic-navigation/build/nav2_costmap_2d
[2.314s] -- Install configuration: "Release"
[2.316s] -- Up-to-date: /home/xu/automatic-navigation/install/nav2_costmap_2d/lib/liblayers.so
[2.319s] -- Up-to-date: /home/xu/automatic-navigation/install/nav2_costmap_2d/lib/libfilters.so
[2.319s] -- Up-to-date: /home/xu/automatic-navigation/install/nav2_costmap_2d/lib/libnav2_costmap_2d_core.so
[2.321s] -- Up-to-date: /home/xu/automatic-navigation/install/nav2_costmap_2d/lib/libnav2_costmap_2d_client.so
[2.322s] -- Up-to-date: /home/xu/automatic-navigation/install/nav2_costmap_2d/lib/nav2_costmap_2d/nav2_costmap_2d_markers
[2.323s] -- Up-to-date: /home/xu/automatic-navigation/install/nav2_costmap_2d/lib/nav2_costmap_2d/nav2_costmap_2d_cloud
[2.325s] -- Up-to-date: /home/xu/automatic-navigation/install/nav2_costmap_2d/lib/nav2_costmap_2d/nav2_costmap_2d
[2.328s] -- Up-to-date: /home/xu/automatic-navigation/install/nav2_costmap_2d/share/nav2_costmap_2d/costmap_plugins.xml
[2.328s] -- Up-to-date: /home/xu/automatic-navigation/install/nav2_costmap_2d/include/nav2_costmap_2d
[2.334s] -- Up-to-date: /home/xu/automatic-navigation/install/nav2_costmap_2d/include/nav2_costmap_2d/nav2_costmap_2d
[2.334s] -- Up-to-date: /home/xu/automatic-navigation/install/nav2_costmap_2d/include/nav2_costmap_2d/nav2_costmap_2d/clear_costmap_service.hpp
[2.334s] -- Up-to-date: /home/xu/automatic-navigation/install/nav2_costmap_2d/include/nav2_costmap_2d/nav2_costmap_2d/range_sensor_layer.hpp
[2.334s] -- Up-to-date: /home/xu/automatic-navigation/install/nav2_costmap_2d/include/nav2_costmap_2d/nav2_costmap_2d/denoise
[2.334s] -- Up-to-date: /home/xu/automatic-navigation/install/nav2_costmap_2d/include/nav2_costmap_2d/nav2_costmap_2d/denoise/image.hpp
[2.334s] -- Up-to-date: /home/xu/automatic-navigation/install/nav2_costmap_2d/include/nav2_costmap_2d/nav2_costmap_2d/denoise/image_processing.hpp
[2.335s] -- Up-to-date: /home/xu/automatic-navigation/install/nav2_costmap_2d/include/nav2_costmap_2d/nav2_costmap_2d/costmap_topic_collision_checker.hpp
[2.335s] -- Up-to-date: /home/xu/automatic-navigation/install/nav2_costmap_2d/include/nav2_costmap_2d/nav2_costmap_2d/footprint_collision_checker.hpp
[2.337s] -- Up-to-date: /home/xu/automatic-navigation/install/nav2_costmap_2d/include/nav2_costmap_2d/nav2_costmap_2d/inflation_layer.hpp
[2.337s] -- Up-to-date: /home/xu/automatic-navigation/install/nav2_costmap_2d/include/nav2_costmap_2d/nav2_costmap_2d/observation_buffer.hpp
[2.337s] -- Up-to-date: /home/xu/automatic-navigation/install/nav2_costmap_2d/include/nav2_costmap_2d/nav2_costmap_2d/array_parser.hpp
[2.337s] -- Up-to-date: /home/xu/automatic-navigation/install/nav2_costmap_2d/include/nav2_costmap_2d/nav2_costmap_2d/costmap_subscriber.hpp
[2.337s] -- Up-to-date: /home/xu/automatic-navigation/install/nav2_costmap_2d/include/nav2_costmap_2d/nav2_costmap_2d/costmap_math.hpp
[2.338s] -- Up-to-date: /home/xu/automatic-navigation/install/nav2_costmap_2d/include/nav2_costmap_2d/nav2_costmap_2d/voronoi_layer.hpp
[2.338s] -- Up-to-date: /home/xu/automatic-navigation/install/nav2_costmap_2d/include/nav2_costmap_2d/nav2_costmap_2d/layer.hpp
[2.338s] -- Up-to-date: /home/xu/automatic-navigation/install/nav2_costmap_2d/include/nav2_costmap_2d/nav2_costmap_2d/obstacle_layer.hpp
[2.338s] -- Up-to-date: /home/xu/automatic-navigation/install/nav2_costmap_2d/include/nav2_costmap_2d/nav2_costmap_2d/observation.hpp
[2.338s] -- Up-to-date: /home/xu/automatic-navigation/install/nav2_costmap_2d/include/nav2_costmap_2d/nav2_costmap_2d/footprint.hpp
[2.338s] -- Up-to-date: /home/xu/automatic-navigation/install/nav2_costmap_2d/include/nav2_costmap_2d/nav2_costmap_2d/voxel_layer.hpp
[2.338s] -- Up-to-date: /home/xu/automatic-navigation/install/nav2_costmap_2d/include/nav2_costmap_2d/nav2_costmap_2d/static_layer.hpp
[2.338s] -- Up-to-date: /home/xu/automatic-navigation/install/nav2_costmap_2d/include/nav2_costmap_2d/nav2_costmap_2d/cost_values.hpp
[2.338s] -- Up-to-date: /home/xu/automatic-navigation/install/nav2_costmap_2d/include/nav2_costmap_2d/nav2_costmap_2d/costmap_2d_publisher.hpp
[2.338s] -- Up-to-date: /home/xu/automatic-navigation/install/nav2_costmap_2d/include/nav2_costmap_2d/nav2_costmap_2d/denoise_layer.hpp
[2.339s] -- Up-to-date: /home/xu/automatic-navigation/install/nav2_costmap_2d/include/nav2_costmap_2d/nav2_costmap_2d/layered_costmap.hpp
[2.339s] -- Up-to-date: /home/xu/automatic-navigation/install/nav2_costmap_2d/include/nav2_costmap_2d/nav2_costmap_2d/costmap_2d_ros.hpp
[2.339s] -- Up-to-date: /home/xu/automatic-navigation/install/nav2_costmap_2d/include/nav2_costmap_2d/nav2_costmap_2d/exceptions.hpp
[2.345s] -- Up-to-date: /home/xu/automatic-navigation/install/nav2_costmap_2d/include/nav2_costmap_2d/nav2_costmap_2d/footprint_subscriber.hpp
[2.346s] -- Up-to-date: /home/xu/automatic-navigation/install/nav2_costmap_2d/include/nav2_costmap_2d/nav2_costmap_2d/costmap_layer.hpp
[2.346s] -- Up-to-date: /home/xu/automatic-navigation/install/nav2_costmap_2d/include/nav2_costmap_2d/nav2_costmap_2d/costmap_filters
[2.346s] -- Up-to-date: /home/xu/automatic-navigation/install/nav2_costmap_2d/include/nav2_costmap_2d/nav2_costmap_2d/costmap_filters/speed_filter.hpp
[2.346s] -- Up-to-date: /home/xu/automatic-navigation/install/nav2_costmap_2d/include/nav2_costmap_2d/nav2_costmap_2d/costmap_filters/costmap_filter.hpp
[2.346s] -- Up-to-date: /home/xu/automatic-navigation/install/nav2_costmap_2d/include/nav2_costmap_2d/nav2_costmap_2d/costmap_filters/filter_values.hpp
[2.346s] -- Up-to-date: /home/xu/automatic-navigation/install/nav2_costmap_2d/include/nav2_costmap_2d/nav2_costmap_2d/costmap_filters/binary_filter.hpp
[2.346s] -- Up-to-date: /home/xu/automatic-navigation/install/nav2_costmap_2d/include/nav2_costmap_2d/nav2_costmap_2d/costmap_filters/keepout_filter.hpp
[2.346s] -- Up-to-date: /home/xu/automatic-navigation/install/nav2_costmap_2d/include/nav2_costmap_2d/nav2_costmap_2d/costmap_2d.hpp
[2.346s] -- Up-to-date: /home/xu/automatic-navigation/install/nav2_costmap_2d/share/nav2_costmap_2d/test/regression/order_layer.xml
[2.346s] -- Up-to-date: /home/xu/automatic-navigation/install/nav2_costmap_2d/share/nav2_costmap_2d/environment/library_path.sh
[2.346s] -- Up-to-date: /home/xu/automatic-navigation/install/nav2_costmap_2d/share/nav2_costmap_2d/environment/library_path.dsv
[2.347s] -- Up-to-date: /home/xu/automatic-navigation/install/nav2_costmap_2d/share/nav2_costmap_2d/costmap_plugins.xml
[2.347s] -- Up-to-date: /home/xu/automatic-navigation/install/nav2_costmap_2d/share/ament_index/resource_index/package_run_dependencies/nav2_costmap_2d
[2.347s] -- Up-to-date: /home/xu/automatic-navigation/install/nav2_costmap_2d/share/ament_index/resource_index/parent_prefix_path/nav2_costmap_2d
[2.355s] -- Up-to-date: /home/xu/automatic-navigation/install/nav2_costmap_2d/share/nav2_costmap_2d/environment/ament_prefix_path.sh
[2.355s] -- Up-to-date: /home/xu/automatic-navigation/install/nav2_costmap_2d/share/nav2_costmap_2d/environment/ament_prefix_path.dsv
[2.355s] -- Up-to-date: /home/xu/automatic-navigation/install/nav2_costmap_2d/share/nav2_costmap_2d/environment/path.sh
[2.355s] -- Up-to-date: /home/xu/automatic-navigation/install/nav2_costmap_2d/share/nav2_costmap_2d/environment/path.dsv
[2.356s] -- Up-to-date: /home/xu/automatic-navigation/install/nav2_costmap_2d/share/nav2_costmap_2d/local_setup.bash
[2.356s] -- Up-to-date: /home/xu/automatic-navigation/install/nav2_costmap_2d/share/nav2_costmap_2d/local_setup.sh
[2.356s] -- Up-to-date: /home/xu/automatic-navigation/install/nav2_costmap_2d/share/nav2_costmap_2d/local_setup.zsh
[2.356s] -- Up-to-date: /home/xu/automatic-navigation/install/nav2_costmap_2d/share/nav2_costmap_2d/local_setup.dsv
[2.356s] -- Installing: /home/xu/automatic-navigation/install/nav2_costmap_2d/share/nav2_costmap_2d/package.dsv
[2.356s] -- Up-to-date: /home/xu/automatic-navigation/install/nav2_costmap_2d/share/ament_index/resource_index/packages/nav2_costmap_2d
[2.356s] -- Up-to-date: /home/xu/automatic-navigation/install/nav2_costmap_2d/share/ament_index/resource_index/nav2_costmap_2d__pluginlib__plugin/nav2_costmap_2d
[2.356s] -- Up-to-date: /home/xu/automatic-navigation/install/nav2_costmap_2d/share/nav2_costmap_2d/cmake/export_nav2_costmap_2dExport.cmake
[2.356s] -- Up-to-date: /home/xu/automatic-navigation/install/nav2_costmap_2d/share/nav2_costmap_2d/cmake/export_nav2_costmap_2dExport-release.cmake
[2.356s] -- Up-to-date: /home/xu/automatic-navigation/install/nav2_costmap_2d/share/nav2_costmap_2d/cmake/ament_cmake_export_targets-extras.cmake
[2.357s] -- Up-to-date: /home/xu/automatic-navigation/install/nav2_costmap_2d/share/nav2_costmap_2d/cmake/ament_cmake_export_dependencies-extras.cmake
[2.357s] -- Up-to-date: /home/xu/automatic-navigation/install/nav2_costmap_2d/share/nav2_costmap_2d/cmake/nav2_costmap_2dConfig.cmake
[2.357s] -- Up-to-date: /home/xu/automatic-navigation/install/nav2_costmap_2d/share/nav2_costmap_2d/cmake/nav2_costmap_2dConfig-version.cmake
[2.364s] -- Up-to-date: /home/xu/automatic-navigation/install/nav2_costmap_2d/share/nav2_costmap_2d/package.xml
[2.365s] -- Up-to-date: /home/xu/automatic-navigation/install/nav2_costmap_2d/lib/liborder_layer.so
[2.370s] Invoked command in '/home/xu/automatic-navigation/build/nav2_costmap_2d' returned '0': CMAKE_PREFIX_PATH=/home/xu/automatic-navigation/install/dynamicvoronoi:/home/xu/automatic-navigation/install/nav2_voronoi_planner:/home/xu/automatic-navigation/install/nav2_costmap_2d:/home/xu/automatic-navigation/install/nav_slam:/home/xu/automatic-navigation/install/gazebo_modele:/opt/ros/humble LD_LIBRARY_PATH=/home/xu/automatic-navigation/install/dynamicvoronoi/lib:/home/xu/automatic-navigation/install/nav2_voronoi_planner/lib:/home/xu/automatic-navigation/install/nav2_costmap_2d/lib:/usr/lib/x86_64-linux-gnu/gazebo-11/plugins:/opt/ros/humble/opt/rviz_ogre_vendor/lib:/opt/ros/humble/lib/x86_64-linux-gnu:/opt/ros/humble/lib /usr/bin/cmake --install /home/xu/automatic-navigation/build/nav2_costmap_2d
