/home/xu/automatic-navigation/install/nav_slam/lib/python3.10/site-packages/nav_slam/points_pub_map.py
/home/xu/automatic-navigation/install/nav_slam/lib/python3.10/site-packages/nav_slam/start_nav.py
/home/xu/automatic-navigation/install/nav_slam/lib/python3.10/site-packages/nav_slam/odom_map_tf.py
/home/xu/automatic-navigation/install/nav_slam/lib/python3.10/site-packages/nav_slam/map_pub.py
/home/xu/automatic-navigation/install/nav_slam/lib/python3.10/site-packages/nav_slam/astar.py
/home/xu/automatic-navigation/install/nav_slam/lib/python3.10/site-packages/nav_slam/__init__.py
/home/xu/automatic-navigation/install/nav_slam/lib/python3.10/site-packages/nav_slam/__pycache__/points_pub_map.cpython-310.pyc
/home/xu/automatic-navigation/install/nav_slam/lib/python3.10/site-packages/nav_slam/__pycache__/start_nav.cpython-310.pyc
/home/xu/automatic-navigation/install/nav_slam/lib/python3.10/site-packages/nav_slam/__pycache__/odom_map_tf.cpython-310.pyc
/home/xu/automatic-navigation/install/nav_slam/lib/python3.10/site-packages/nav_slam/__pycache__/map_pub.cpython-310.pyc
/home/xu/automatic-navigation/install/nav_slam/lib/python3.10/site-packages/nav_slam/__pycache__/astar.cpython-310.pyc
/home/xu/automatic-navigation/install/nav_slam/lib/python3.10/site-packages/nav_slam/__pycache__/__init__.cpython-310.pyc
/home/xu/automatic-navigation/install/nav_slam/share/ament_index/resource_index/packages/nav_slam
/home/xu/automatic-navigation/install/nav_slam/share/nav_slam/package.xml
/home/xu/automatic-navigation/install/nav_slam/share/nav_slam/launch/2dpoints.launch.py
/home/xu/automatic-navigation/install/nav_slam/share/nav_slam/config/rviz.rviz
/home/xu/automatic-navigation/install/nav_slam/lib/python3.10/site-packages/nav_slam-0.0.0-py3.10.egg-info/SOURCES.txt
/home/xu/automatic-navigation/install/nav_slam/lib/python3.10/site-packages/nav_slam-0.0.0-py3.10.egg-info/requires.txt
/home/xu/automatic-navigation/install/nav_slam/lib/python3.10/site-packages/nav_slam-0.0.0-py3.10.egg-info/dependency_links.txt
/home/xu/automatic-navigation/install/nav_slam/lib/python3.10/site-packages/nav_slam-0.0.0-py3.10.egg-info/PKG-INFO
/home/xu/automatic-navigation/install/nav_slam/lib/python3.10/site-packages/nav_slam-0.0.0-py3.10.egg-info/entry_points.txt
/home/xu/automatic-navigation/install/nav_slam/lib/python3.10/site-packages/nav_slam-0.0.0-py3.10.egg-info/top_level.txt
/home/xu/automatic-navigation/install/nav_slam/lib/python3.10/site-packages/nav_slam-0.0.0-py3.10.egg-info/zip-safe
/home/xu/automatic-navigation/install/nav_slam/lib/nav_slam/astar
/home/xu/automatic-navigation/install/nav_slam/lib/nav_slam/map_pub
/home/xu/automatic-navigation/install/nav_slam/lib/nav_slam/odom_map_tf
/home/xu/automatic-navigation/install/nav_slam/lib/nav_slam/points_pub_map
/home/xu/automatic-navigation/install/nav_slam/lib/nav_slam/start_nav
