[1.441s] Invoking command in '/home/xu/automatic-navigation/src/nav_slam': PYTHONPATH=/home/xu/automatic-navigation/build/nav_slam/prefix_override:/usr/lib/python3/dist-packages/colcon_core/task/python/colcon_distutils_commands:/home/xu/automatic-navigation/install/nav_slam/lib/python3.10/site-packages:${PYTHONPATH} /usr/bin/python3 -W ignore:setup.py install is deprecated -W ignore:easy_install command is deprecated setup.py egg_info --egg-base ../../build/nav_slam build --build-base /home/xu/automatic-navigation/build/nav_slam/build install --record /home/xu/automatic-navigation/build/nav_slam/install.log --single-version-externally-managed install_data
[1.919s] running egg_info
[1.921s] writing ../../build/nav_slam/nav_slam.egg-info/PKG-INFO
[1.922s] writing dependency_links to ../../build/nav_slam/nav_slam.egg-info/dependency_links.txt
[1.923s] writing entry points to ../../build/nav_slam/nav_slam.egg-info/entry_points.txt
[1.924s] writing requirements to ../../build/nav_slam/nav_slam.egg-info/requires.txt
[1.924s] writing top-level names to ../../build/nav_slam/nav_slam.egg-info/top_level.txt
[1.927s] reading manifest file '../../build/nav_slam/nav_slam.egg-info/SOURCES.txt'
[1.930s] writing manifest file '../../build/nav_slam/nav_slam.egg-info/SOURCES.txt'
[1.930s] running build
[1.931s] running build_py
[1.932s] running install
[1.932s] running install_lib
[1.936s] running install_data
[1.937s] running install_egg_info
[1.942s] removing '/home/xu/automatic-navigation/install/nav_slam/lib/python3.10/site-packages/nav_slam-0.0.0-py3.10.egg-info' (and everything under it)
[1.942s] Copying ../../build/nav_slam/nav_slam.egg-info to /home/xu/automatic-navigation/install/nav_slam/lib/python3.10/site-packages/nav_slam-0.0.0-py3.10.egg-info
[1.950s] running install_scripts
[1.990s] Installing astar script to /home/xu/automatic-navigation/install/nav_slam/lib/nav_slam
[1.990s] Installing map_pub script to /home/xu/automatic-navigation/install/nav_slam/lib/nav_slam
[1.991s] Installing odom_map_tf script to /home/xu/automatic-navigation/install/nav_slam/lib/nav_slam
[1.992s] Installing points_pub_map script to /home/xu/automatic-navigation/install/nav_slam/lib/nav_slam
[1.992s] Installing start_nav script to /home/xu/automatic-navigation/install/nav_slam/lib/nav_slam
[1.993s] writing list of installed files to '/home/xu/automatic-navigation/build/nav_slam/install.log'
[2.034s] Invoked command in '/home/xu/automatic-navigation/src/nav_slam' returned '0': PYTHONPATH=/home/xu/automatic-navigation/build/nav_slam/prefix_override:/usr/lib/python3/dist-packages/colcon_core/task/python/colcon_distutils_commands:/home/xu/automatic-navigation/install/nav_slam/lib/python3.10/site-packages:${PYTHONPATH} /usr/bin/python3 -W ignore:setup.py install is deprecated -W ignore:easy_install command is deprecated setup.py egg_info --egg-base ../../build/nav_slam build --build-base /home/xu/automatic-navigation/build/nav_slam/build install --record /home/xu/automatic-navigation/build/nav_slam/install.log --single-version-externally-managed install_data
