running egg_info
writing ../../build/gazebo_modele/gazebo_modele.egg-info/PKG-INFO
writing dependency_links to ../../build/gazebo_modele/gazebo_modele.egg-info/dependency_links.txt
writing entry points to ../../build/gazebo_modele/gazebo_modele.egg-info/entry_points.txt
writing requirements to ../../build/gazebo_modele/gazebo_modele.egg-info/requires.txt
writing top-level names to ../../build/gazebo_modele/gazebo_modele.egg-info/top_level.txt
reading manifest file '../../build/gazebo_modele/gazebo_modele.egg-info/SOURCES.txt'
writing manifest file '../../build/gazebo_modele/gazebo_modele.egg-info/SOURCES.txt'
running build
running build_py
running install
running install_lib
running install_data
copying launch/gazebo.launch.py -> /home/xu/automatic-navigation/install/gazebo_modele/share/gazebo_modele/launch
copying world/fixroom.world -> /home/xu/automatic-navigation/install/gazebo_modele/share/gazebo_modele/world
running install_egg_info
removing '/home/xu/automatic-navigation/install/gazebo_modele/lib/python3.10/site-packages/gazebo_modele-0.0.0-py3.10.egg-info' (and everything under it)
Copying ../../build/gazebo_modele/gazebo_modele.egg-info to /home/xu/automatic-navigation/install/gazebo_modele/lib/python3.10/site-packages/gazebo_modele-0.0.0-py3.10.egg-info
running install_scripts
writing list of installed files to '/home/xu/automatic-navigation/build/gazebo_modele/install.log'
