[1.380s] Invoking command in '/home/xu/automatic-navigation/src/gazebo_modele': PYTHONPATH=/home/xu/automatic-navigation/build/gazebo_modele/prefix_override:/usr/lib/python3/dist-packages/colcon_core/task/python/colcon_distutils_commands:/home/xu/automatic-navigation/install/gazebo_modele/lib/python3.10/site-packages:${PYTHONPATH} /usr/bin/python3 -W ignore:setup.py install is deprecated -W ignore:easy_install command is deprecated setup.py egg_info --egg-base ../../build/gazebo_modele build --build-base /home/xu/automatic-navigation/build/gazebo_modele/build install --record /home/xu/automatic-navigation/build/gazebo_modele/install.log --single-version-externally-managed install_data
[1.896s] running egg_info
[1.898s] writing ../../build/gazebo_modele/gazebo_modele.egg-info/PKG-INFO
[1.899s] writing dependency_links to ../../build/gazebo_modele/gazebo_modele.egg-info/dependency_links.txt
[1.900s] writing entry points to ../../build/gazebo_modele/gazebo_modele.egg-info/entry_points.txt
[1.900s] writing requirements to ../../build/gazebo_modele/gazebo_modele.egg-info/requires.txt
[1.901s] writing top-level names to ../../build/gazebo_modele/gazebo_modele.egg-info/top_level.txt
[1.905s] reading manifest file '../../build/gazebo_modele/gazebo_modele.egg-info/SOURCES.txt'
[1.906s] writing manifest file '../../build/gazebo_modele/gazebo_modele.egg-info/SOURCES.txt'
[1.907s] running build
[1.908s] running build_py
[1.908s] running install
[1.909s] running install_lib
[1.912s] running install_data
[1.913s] copying launch/gazebo.launch.py -> /home/xu/automatic-navigation/install/gazebo_modele/share/gazebo_modele/launch
[1.914s] copying world/fixroom.world -> /home/xu/automatic-navigation/install/gazebo_modele/share/gazebo_modele/world
[1.914s] running install_egg_info
[1.917s] removing '/home/xu/automatic-navigation/install/gazebo_modele/lib/python3.10/site-packages/gazebo_modele-0.0.0-py3.10.egg-info' (and everything under it)
[1.920s] Copying ../../build/gazebo_modele/gazebo_modele.egg-info to /home/xu/automatic-navigation/install/gazebo_modele/lib/python3.10/site-packages/gazebo_modele-0.0.0-py3.10.egg-info
[1.926s] running install_scripts
[1.962s] writing list of installed files to '/home/xu/automatic-navigation/build/gazebo_modele/install.log'
[2.005s] Invoked command in '/home/xu/automatic-navigation/src/gazebo_modele' returned '0': PYTHONPATH=/home/xu/automatic-navigation/build/gazebo_modele/prefix_override:/usr/lib/python3/dist-packages/colcon_core/task/python/colcon_distutils_commands:/home/xu/automatic-navigation/install/gazebo_modele/lib/python3.10/site-packages:${PYTHONPATH} /usr/bin/python3 -W ignore:setup.py install is deprecated -W ignore:easy_install command is deprecated setup.py egg_info --egg-base ../../build/gazebo_modele build --build-base /home/xu/automatic-navigation/build/gazebo_modele/build install --record /home/xu/automatic-navigation/build/gazebo_modele/install.log --single-version-externally-managed install_data
