[0.065s] Invoking command in '/home/xu/automatic-navigation/build/nav2_voronoi_planner': CMAKE_PREFIX_PATH=/home/xu/automatic-navigation/install/nav2_costmap_2d:/home/xu/automatic-navigation/install/dynamicvoronoi:/home/xu/automatic-navigation/install/nav2_voronoi_planner:/home/xu/automatic-navigation/install/nav_slam:/home/xu/automatic-navigation/install/gazebo_modele:/opt/ros/humble LD_LIBRARY_PATH=/home/xu/automatic-navigation/install/nav2_costmap_2d/lib:/home/xu/automatic-navigation/install/dynamicvoronoi/lib:/home/xu/automatic-navigation/install/nav2_voronoi_planner/lib:/usr/lib/x86_64-linux-gnu/gazebo-11/plugins:/opt/ros/humble/opt/rviz_ogre_vendor/lib:/opt/ros/humble/lib/x86_64-linux-gnu:/opt/ros/humble/lib /usr/bin/cmake --build /home/xu/automatic-navigation/build/nav2_voronoi_planner -- -j2 -l2
[0.222s] [35m[1mConsolidate compiler generated dependencies of target voronoi_node[0m
[0.286s] [ 40%] Built target voronoi_node
[0.387s] [ 80%] Built target nav2_voronoi_planner
[0.490s] [100%] Built target voronoi_planner_tf_broadcaster
[0.532s] Invoked command in '/home/xu/automatic-navigation/build/nav2_voronoi_planner' returned '0': CMAKE_PREFIX_PATH=/home/xu/automatic-navigation/install/nav2_costmap_2d:/home/xu/automatic-navigation/install/dynamicvoronoi:/home/xu/automatic-navigation/install/nav2_voronoi_planner:/home/xu/automatic-navigation/install/nav_slam:/home/xu/automatic-navigation/install/gazebo_modele:/opt/ros/humble LD_LIBRARY_PATH=/home/xu/automatic-navigation/install/nav2_costmap_2d/lib:/home/xu/automatic-navigation/install/dynamicvoronoi/lib:/home/xu/automatic-navigation/install/nav2_voronoi_planner/lib:/usr/lib/x86_64-linux-gnu/gazebo-11/plugins:/opt/ros/humble/opt/rviz_ogre_vendor/lib:/opt/ros/humble/lib/x86_64-linux-gnu:/opt/ros/humble/lib /usr/bin/cmake --build /home/xu/automatic-navigation/build/nav2_voronoi_planner -- -j2 -l2
[0.536s] Invoking command in '/home/xu/automatic-navigation/build/nav2_voronoi_planner': CMAKE_PREFIX_PATH=/home/xu/automatic-navigation/install/nav2_costmap_2d:/home/xu/automatic-navigation/install/dynamicvoronoi:/home/xu/automatic-navigation/install/nav2_voronoi_planner:/home/xu/automatic-navigation/install/nav_slam:/home/xu/automatic-navigation/install/gazebo_modele:/opt/ros/humble LD_LIBRARY_PATH=/home/xu/automatic-navigation/install/nav2_costmap_2d/lib:/home/xu/automatic-navigation/install/dynamicvoronoi/lib:/home/xu/automatic-navigation/install/nav2_voronoi_planner/lib:/usr/lib/x86_64-linux-gnu/gazebo-11/plugins:/opt/ros/humble/opt/rviz_ogre_vendor/lib:/opt/ros/humble/lib/x86_64-linux-gnu:/opt/ros/humble/lib /usr/bin/cmake --install /home/xu/automatic-navigation/build/nav2_voronoi_planner
[0.567s] -- Install configuration: ""
[0.567s] -- Up-to-date: /home/xu/automatic-navigation/install/nav2_voronoi_planner/lib/nav2_voronoi_planner/voronoi_node
[0.571s] -- Up-to-date: /home/xu/automatic-navigation/install/nav2_voronoi_planner/share/nav2_voronoi_planner/voronoi_planner_plugin.xml
[0.575s] -- Up-to-date: /home/xu/automatic-navigation/install/nav2_voronoi_planner/lib/libnav2_voronoi_planner.so
[0.575s] -- Up-to-date: /home/xu/automatic-navigation/install/nav2_voronoi_planner/lib/nav2_voronoi_planner/voronoi_planner_tf_broadcaster
[0.579s] -- Up-to-date: /home/xu/automatic-navigation/install/nav2_voronoi_planner/include/
[0.579s] -- Up-to-date: /home/xu/automatic-navigation/install/nav2_voronoi_planner/include//nav2_voronoi_planner
[0.579s] -- Up-to-date: /home/xu/automatic-navigation/install/nav2_voronoi_planner/include//nav2_voronoi_planner/node.hpp
[0.579s] -- Up-to-date: /home/xu/automatic-navigation/install/nav2_voronoi_planner/include//nav2_voronoi_planner/node2d.hpp
[0.585s] -- Up-to-date: /home/xu/automatic-navigation/install/nav2_voronoi_planner/include//nav2_voronoi_planner/heap.hpp
[0.585s] -- Up-to-date: /home/xu/automatic-navigation/install/nav2_voronoi_planner/include//nav2_voronoi_planner/voronoi.hpp
[0.585s] -- Up-to-date: /home/xu/automatic-navigation/install/nav2_voronoi_planner/include//nav2_voronoi_planner/util.hpp
[0.585s] -- Up-to-date: /home/xu/automatic-navigation/install/nav2_voronoi_planner/include//nav2_voronoi_planner/voronoi_planner.hpp
[0.586s] -- Up-to-date: /home/xu/automatic-navigation/install/nav2_voronoi_planner/include//nav2_voronoi_planner/constants.hpp
[0.586s] -- Up-to-date: /home/xu/automatic-navigation/install/nav2_voronoi_planner/share/nav2_voronoi_planner/voronoi_planner_plugin.xml
[0.586s] -- Up-to-date: /home/xu/automatic-navigation/install/nav2_voronoi_planner/share/nav2_voronoi_planner/environment/library_path.sh
[0.586s] -- Up-to-date: /home/xu/automatic-navigation/install/nav2_voronoi_planner/share/nav2_voronoi_planner/environment/library_path.dsv
[0.586s] -- Up-to-date: /home/xu/automatic-navigation/install/nav2_voronoi_planner/share/ament_index/resource_index/package_run_dependencies/nav2_voronoi_planner
[0.588s] -- Up-to-date: /home/xu/automatic-navigation/install/nav2_voronoi_planner/share/ament_index/resource_index/parent_prefix_path/nav2_voronoi_planner
[0.588s] -- Up-to-date: /home/xu/automatic-navigation/install/nav2_voronoi_planner/share/nav2_voronoi_planner/environment/ament_prefix_path.sh
[0.588s] -- Up-to-date: /home/xu/automatic-navigation/install/nav2_voronoi_planner/share/nav2_voronoi_planner/environment/ament_prefix_path.dsv
[0.588s] -- Up-to-date: /home/xu/automatic-navigation/install/nav2_voronoi_planner/share/nav2_voronoi_planner/environment/path.sh
[0.588s] -- Up-to-date: /home/xu/automatic-navigation/install/nav2_voronoi_planner/share/nav2_voronoi_planner/environment/path.dsv
[0.588s] -- Up-to-date: /home/xu/automatic-navigation/install/nav2_voronoi_planner/share/nav2_voronoi_planner/local_setup.bash
[0.588s] -- Up-to-date: /home/xu/automatic-navigation/install/nav2_voronoi_planner/share/nav2_voronoi_planner/local_setup.sh
[0.588s] -- Up-to-date: /home/xu/automatic-navigation/install/nav2_voronoi_planner/share/nav2_voronoi_planner/local_setup.zsh
[0.588s] -- Up-to-date: /home/xu/automatic-navigation/install/nav2_voronoi_planner/share/nav2_voronoi_planner/local_setup.dsv
[0.588s] -- Installing: /home/xu/automatic-navigation/install/nav2_voronoi_planner/share/nav2_voronoi_planner/package.dsv
[0.590s] -- Up-to-date: /home/xu/automatic-navigation/install/nav2_voronoi_planner/share/ament_index/resource_index/packages/nav2_voronoi_planner
[0.591s] -- Up-to-date: /home/xu/automatic-navigation/install/nav2_voronoi_planner/share/ament_index/resource_index/nav2_core__pluginlib__plugin/nav2_voronoi_planner
[0.591s] -- Up-to-date: /home/xu/automatic-navigation/install/nav2_voronoi_planner/share/nav2_voronoi_planner/cmake/ament_cmake_export_include_directories-extras.cmake
[0.592s] -- Up-to-date: /home/xu/automatic-navigation/install/nav2_voronoi_planner/share/nav2_voronoi_planner/cmake/ament_cmake_export_libraries-extras.cmake
[0.592s] -- Up-to-date: /home/xu/automatic-navigation/install/nav2_voronoi_planner/share/nav2_voronoi_planner/cmake/ament_cmake_export_dependencies-extras.cmake
[0.592s] -- Up-to-date: /home/xu/automatic-navigation/install/nav2_voronoi_planner/share/nav2_voronoi_planner/cmake/nav2_voronoi_plannerConfig.cmake
[0.592s] -- Up-to-date: /home/xu/automatic-navigation/install/nav2_voronoi_planner/share/nav2_voronoi_planner/cmake/nav2_voronoi_plannerConfig-version.cmake
[0.592s] -- Up-to-date: /home/xu/automatic-navigation/install/nav2_voronoi_planner/share/nav2_voronoi_planner/package.xml
[0.601s] Invoked command in '/home/xu/automatic-navigation/build/nav2_voronoi_planner' returned '0': CMAKE_PREFIX_PATH=/home/xu/automatic-navigation/install/nav2_costmap_2d:/home/xu/automatic-navigation/install/dynamicvoronoi:/home/xu/automatic-navigation/install/nav2_voronoi_planner:/home/xu/automatic-navigation/install/nav_slam:/home/xu/automatic-navigation/install/gazebo_modele:/opt/ros/humble LD_LIBRARY_PATH=/home/xu/automatic-navigation/install/nav2_costmap_2d/lib:/home/xu/automatic-navigation/install/dynamicvoronoi/lib:/home/xu/automatic-navigation/install/nav2_voronoi_planner/lib:/usr/lib/x86_64-linux-gnu/gazebo-11/plugins:/opt/ros/humble/opt/rviz_ogre_vendor/lib:/opt/ros/humble/lib/x86_64-linux-gnu:/opt/ros/humble/lib /usr/bin/cmake --install /home/xu/automatic-navigation/build/nav2_voronoi_planner
