[1.819s] Invoking command in '/home/xu/automatic-navigation/src/gazebo_modele': PYTHONPATH=/home/xu/automatic-navigation/build/gazebo_modele/prefix_override:/usr/lib/python3/dist-packages/colcon_core/task/python/colcon_distutils_commands:/home/xu/automatic-navigation/install/gazebo_modele/lib/python3.10/site-packages:${PYTHONPATH} /usr/bin/python3 -W ignore:setup.py install is deprecated -W ignore:easy_install command is deprecated setup.py egg_info --egg-base ../../build/gazebo_modele build --build-base /home/xu/automatic-navigation/build/gazebo_modele/build install --record /home/xu/automatic-navigation/build/gazebo_modele/install.log --single-version-externally-managed install_data
[2.495s] running egg_info
[2.497s] writing ../../build/gazebo_modele/gazebo_modele.egg-info/PKG-INFO
[2.499s] writing dependency_links to ../../build/gazebo_modele/gazebo_modele.egg-info/dependency_links.txt
[2.501s] writing entry points to ../../build/gazebo_modele/gazebo_modele.egg-info/entry_points.txt
[2.503s] writing requirements to ../../build/gazebo_modele/gazebo_modele.egg-info/requires.txt
[2.504s] writing top-level names to ../../build/gazebo_modele/gazebo_modele.egg-info/top_level.txt
[2.509s] reading manifest file '../../build/gazebo_modele/gazebo_modele.egg-info/SOURCES.txt'
[2.512s] writing manifest file '../../build/gazebo_modele/gazebo_modele.egg-info/SOURCES.txt'
[2.514s] running build
[2.514s] running build_py
[2.514s] running install
[2.517s] running install_lib
[2.522s] running install_data
[2.522s] copying launch/gazebo.launch.py -> /home/xu/automatic-navigation/install/gazebo_modele/share/gazebo_modele/launch
[2.526s] running install_egg_info
[2.530s] removing '/home/xu/automatic-navigation/install/gazebo_modele/lib/python3.10/site-packages/gazebo_modele-0.0.0-py3.10.egg-info' (and everything under it)
[2.537s] Copying ../../build/gazebo_modele/gazebo_modele.egg-info to /home/xu/automatic-navigation/install/gazebo_modele/lib/python3.10/site-packages/gazebo_modele-0.0.0-py3.10.egg-info
[2.545s] running install_scripts
[2.609s] writing list of installed files to '/home/xu/automatic-navigation/build/gazebo_modele/install.log'
[2.676s] Invoked command in '/home/xu/automatic-navigation/src/gazebo_modele' returned '0': PYTHONPATH=/home/xu/automatic-navigation/build/gazebo_modele/prefix_override:/usr/lib/python3/dist-packages/colcon_core/task/python/colcon_distutils_commands:/home/xu/automatic-navigation/install/gazebo_modele/lib/python3.10/site-packages:${PYTHONPATH} /usr/bin/python3 -W ignore:setup.py install is deprecated -W ignore:easy_install command is deprecated setup.py egg_info --egg-base ../../build/gazebo_modele build --build-base /home/xu/automatic-navigation/build/gazebo_modele/build install --record /home/xu/automatic-navigation/build/gazebo_modele/install.log --single-version-externally-managed install_data
