[1.304s] Invoking command in '/home/xu/automatic-navigation/src/nav_slam': PYTHONPATH=/home/xu/automatic-navigation/build/nav_slam/prefix_override:/usr/lib/python3/dist-packages/colcon_core/task/python/colcon_distutils_commands:/home/xu/automatic-navigation/install/nav_slam/lib/python3.10/site-packages:${PYTHONPATH} /usr/bin/python3 -W ignore:setup.py install is deprecated -W ignore:easy_install command is deprecated setup.py egg_info --egg-base ../../build/nav_slam build --build-base /home/xu/automatic-navigation/build/nav_slam/build install --record /home/xu/automatic-navigation/build/nav_slam/install.log --single-version-externally-managed install_data
[1.795s] running egg_info
[1.798s] writing ../../build/nav_slam/nav_slam.egg-info/PKG-INFO
[1.799s] writing dependency_links to ../../build/nav_slam/nav_slam.egg-info/dependency_links.txt
[1.800s] writing entry points to ../../build/nav_slam/nav_slam.egg-info/entry_points.txt
[1.800s] writing requirements to ../../build/nav_slam/nav_slam.egg-info/requires.txt
[1.800s] writing top-level names to ../../build/nav_slam/nav_slam.egg-info/top_level.txt
[1.802s] reading manifest file '../../build/nav_slam/nav_slam.egg-info/SOURCES.txt'
[1.804s] writing manifest file '../../build/nav_slam/nav_slam.egg-info/SOURCES.txt'
[1.806s] running build
[1.806s] running build_py
[1.806s] running install
[1.807s] running install_lib
[1.810s] running install_data
[1.812s] copying launch/2dpoints.launch.py -> /home/xu/automatic-navigation/install/nav_slam/share/nav_slam/launch
[1.814s] running install_egg_info
[1.814s] removing '/home/xu/automatic-navigation/install/nav_slam/lib/python3.10/site-packages/nav_slam-0.0.0-py3.10.egg-info' (and everything under it)
[1.816s] Copying ../../build/nav_slam/nav_slam.egg-info to /home/xu/automatic-navigation/install/nav_slam/lib/python3.10/site-packages/nav_slam-0.0.0-py3.10.egg-info
[1.818s] running install_scripts
[1.854s] Installing astar script to /home/xu/automatic-navigation/install/nav_slam/lib/nav_slam
[1.856s] Installing map_pub script to /home/xu/automatic-navigation/install/nav_slam/lib/nav_slam
[1.857s] Installing odom_map_tf script to /home/xu/automatic-navigation/install/nav_slam/lib/nav_slam
[1.859s] Installing points_pub_map script to /home/xu/automatic-navigation/install/nav_slam/lib/nav_slam
[1.860s] Installing start_nav script to /home/xu/automatic-navigation/install/nav_slam/lib/nav_slam
[1.860s] writing list of installed files to '/home/xu/automatic-navigation/build/nav_slam/install.log'
[1.901s] Invoked command in '/home/xu/automatic-navigation/src/nav_slam' returned '0': PYTHONPATH=/home/xu/automatic-navigation/build/nav_slam/prefix_override:/usr/lib/python3/dist-packages/colcon_core/task/python/colcon_distutils_commands:/home/xu/automatic-navigation/install/nav_slam/lib/python3.10/site-packages:${PYTHONPATH} /usr/bin/python3 -W ignore:setup.py install is deprecated -W ignore:easy_install command is deprecated setup.py egg_info --egg-base ../../build/nav_slam build --build-base /home/xu/automatic-navigation/build/nav_slam/build install --record /home/xu/automatic-navigation/build/nav_slam/install.log --single-version-externally-managed install_data
