-- The C compiler identification is GNU 11.4.0
-- The CXX compiler identification is GNU 11.4.0
-- Detecting C compiler ABI info
-- Detecting C compiler ABI info - done
-- Check for working C compiler: /usr/bin/cc - skipped
-- Detecting C compile features
-- Detecting C compile features - done
-- Detecting CXX compiler ABI info
-- Detecting CXX compiler ABI info - done
-- Check for working CXX compiler: /usr/bin/c++ - skipped
-- Detecting CXX compile features
-- Detecting CXX compile features - done
-- Found ament_cmake: 1.3.13 (/opt/ros/humble/share/ament_cmake/cmake)
-- Found Python3: /usr/bin/python3 (found version "3.10.12") found components: Interpreter 
-- Found rclcpp: 16.0.18 (/opt/ros/humble/share/rclcpp/cmake)
-- Found rosidl_generator_c: 3.1.8 (/opt/ros/humble/share/rosidl_generator_c/cmake)
-- Found rosidl_adapter: 3.1.8 (/opt/ros/humble/share/rosidl_adapter/cmake)
-- Found rosidl_generator_cpp: 3.1.8 (/opt/ros/humble/share/rosidl_generator_cpp/cmake)
-- Using all available rosidl_typesupport_c: rosidl_typesupport_fastrtps_c;rosidl_typesupport_introspection_c
-- Using all available rosidl_typesupport_cpp: rosidl_typesupport_fastrtps_cpp;rosidl_typesupport_introspection_cpp
-- Found rmw_implementation_cmake: 6.1.2 (/opt/ros/humble/share/rmw_implementation_cmake/cmake)
-- Found rmw_fastrtps_cpp: 6.2.10 (/opt/ros/humble/share/rmw_fastrtps_cpp/cmake)
-- Found OpenSSL: /usr/lib/x86_64-linux-gnu/libcrypto.so (found version "3.0.2")  
-- Found FastRTPS: /opt/ros/humble/include  
-- Using RMW implementation 'rmw_fastrtps_cpp' as default
-- Looking for pthread.h
-- Looking for pthread.h - found
-- Performing Test CMAKE_HAVE_LIBC_PTHREAD
-- Performing Test CMAKE_HAVE_LIBC_PTHREAD - Success
-- Found Threads: TRUE  
-- Found rclcpp_action: 16.0.18 (/opt/ros/humble/share/rclcpp_action/cmake)
-- Found rclcpp_lifecycle: 16.0.18 (/opt/ros/humble/share/rclcpp_lifecycle/cmake)
-- Found visualization_msgs: 4.9.1 (/opt/ros/humble/share/visualization_msgs/cmake)
-- Found nav2_util: 1.1.20 (/opt/ros/humble/share/nav2_util/cmake)
-- Found eigen3_cmake_module: 0.1.1 (/opt/ros/humble/share/eigen3_cmake_module/cmake)
-- Found Eigen3: TRUE (found version "3.4.0") 
-- Ensuring Eigen3 include directory is part of orocos-kdl CMake target
-- Found nav2_costmap_2d: 1.1.20 (/home/xu/automatic-navigation/install/nav2_costmap_2d/share/nav2_costmap_2d/cmake)
-- Found nav2_core: 1.1.20 (/opt/ros/humble/share/nav2_core/cmake)
-- Found dynamicvoronoi: 0.0.0 (/home/xu/automatic-navigation/install/dynamicvoronoi/share/dynamicvoronoi/cmake)
-- Found ament_lint_auto: 0.12.15 (/opt/ros/humble/share/ament_lint_auto/cmake)
-- Added test 'cppcheck' to perform static code analysis on C / C++ code
-- Configured cppcheck include dirs: /home/xu/automatic-navigation/src/nav2_voronoi_planner/include;/home/xu/automatic-navigation/src/nav2_voronoi_planner/include/nav2_voronoi_planner
-- Configured cppcheck exclude dirs and/or files: 
-- Added test 'lint_cmake' to check CMake code style
-- Added test 'uncrustify' to check C / C++ code style
-- Configured uncrustify additional arguments: 
-- Added test 'xmllint' to check XML markup files
-- Configuring done
-- Generating done
-- Build files have been written to: /home/xu/automatic-navigation/build/nav2_voronoi_planner
[ 16%] [32mBuilding CXX object CMakeFiles/nav2_voronoi_planner.dir/src/voronoi.cpp.o[0m
[ 33%] [32mBuilding CXX object CMakeFiles/nav2_voronoi_planner.dir/src/voronoi_planner.cpp.o[0m
[ 50%] [32mBuilding CXX object CMakeFiles/nav2_voronoi_planner.dir/src/heap.cpp.o[0m
[ 66%] [32m[1mLinking CXX shared library libnav2_voronoi_planner.so[0m
[ 66%] Built target nav2_voronoi_planner
[ 83%] [32mBuilding CXX object CMakeFiles/voronoi_planner_tf_broadcaster.dir/src/tf_broadcaster.cpp.o[0m
[100%] [32m[1mLinking CXX executable voronoi_planner_tf_broadcaster[0m
[100%] Built target voronoi_planner_tf_broadcaster
-- Install configuration: ""
-- Installing: /home/xu/automatic-navigation/install/nav2_voronoi_planner/share/nav2_voronoi_planner/voronoi_planner_plugin.xml
-- Installing: /home/xu/automatic-navigation/install/nav2_voronoi_planner/lib/libnav2_voronoi_planner.so
-- Set runtime path of "/home/xu/automatic-navigation/install/nav2_voronoi_planner/lib/libnav2_voronoi_planner.so" to ""
-- Installing: /home/xu/automatic-navigation/install/nav2_voronoi_planner/lib/nav2_voronoi_planner/voronoi_planner_tf_broadcaster
-- Set runtime path of "/home/xu/automatic-navigation/install/nav2_voronoi_planner/lib/nav2_voronoi_planner/voronoi_planner_tf_broadcaster" to ""
-- Installing: /home/xu/automatic-navigation/install/nav2_voronoi_planner/include/
-- Installing: /home/xu/automatic-navigation/install/nav2_voronoi_planner/include//nav2_voronoi_planner
-- Installing: /home/xu/automatic-navigation/install/nav2_voronoi_planner/include//nav2_voronoi_planner/node.hpp
-- Installing: /home/xu/automatic-navigation/install/nav2_voronoi_planner/include//nav2_voronoi_planner/node2d.hpp
-- Installing: /home/xu/automatic-navigation/install/nav2_voronoi_planner/include//nav2_voronoi_planner/heap.hpp
-- Installing: /home/xu/automatic-navigation/install/nav2_voronoi_planner/include//nav2_voronoi_planner/voronoi.hpp
-- Installing: /home/xu/automatic-navigation/install/nav2_voronoi_planner/include//nav2_voronoi_planner/util.hpp
-- Installing: /home/xu/automatic-navigation/install/nav2_voronoi_planner/include//nav2_voronoi_planner/voronoi_planner.hpp
-- Installing: /home/xu/automatic-navigation/install/nav2_voronoi_planner/include//nav2_voronoi_planner/constants.hpp
-- Up-to-date: /home/xu/automatic-navigation/install/nav2_voronoi_planner/share/nav2_voronoi_planner/voronoi_planner_plugin.xml
-- Installing: /home/xu/automatic-navigation/install/nav2_voronoi_planner/share/nav2_voronoi_planner/environment/library_path.sh
-- Installing: /home/xu/automatic-navigation/install/nav2_voronoi_planner/share/nav2_voronoi_planner/environment/library_path.dsv
-- Installing: /home/xu/automatic-navigation/install/nav2_voronoi_planner/share/ament_index/resource_index/package_run_dependencies/nav2_voronoi_planner
-- Installing: /home/xu/automatic-navigation/install/nav2_voronoi_planner/share/ament_index/resource_index/parent_prefix_path/nav2_voronoi_planner
-- Installing: /home/xu/automatic-navigation/install/nav2_voronoi_planner/share/nav2_voronoi_planner/environment/ament_prefix_path.sh
-- Installing: /home/xu/automatic-navigation/install/nav2_voronoi_planner/share/nav2_voronoi_planner/environment/ament_prefix_path.dsv
-- Installing: /home/xu/automatic-navigation/install/nav2_voronoi_planner/share/nav2_voronoi_planner/environment/path.sh
-- Installing: /home/xu/automatic-navigation/install/nav2_voronoi_planner/share/nav2_voronoi_planner/environment/path.dsv
-- Installing: /home/xu/automatic-navigation/install/nav2_voronoi_planner/share/nav2_voronoi_planner/local_setup.bash
-- Installing: /home/xu/automatic-navigation/install/nav2_voronoi_planner/share/nav2_voronoi_planner/local_setup.sh
-- Installing: /home/xu/automatic-navigation/install/nav2_voronoi_planner/share/nav2_voronoi_planner/local_setup.zsh
-- Installing: /home/xu/automatic-navigation/install/nav2_voronoi_planner/share/nav2_voronoi_planner/local_setup.dsv
-- Installing: /home/xu/automatic-navigation/install/nav2_voronoi_planner/share/nav2_voronoi_planner/package.dsv
-- Installing: /home/xu/automatic-navigation/install/nav2_voronoi_planner/share/ament_index/resource_index/packages/nav2_voronoi_planner
-- Installing: /home/xu/automatic-navigation/install/nav2_voronoi_planner/share/ament_index/resource_index/nav2_core__pluginlib__plugin/nav2_voronoi_planner
-- Installing: /home/xu/automatic-navigation/install/nav2_voronoi_planner/share/nav2_voronoi_planner/cmake/ament_cmake_export_include_directories-extras.cmake
-- Installing: /home/xu/automatic-navigation/install/nav2_voronoi_planner/share/nav2_voronoi_planner/cmake/ament_cmake_export_libraries-extras.cmake
-- Installing: /home/xu/automatic-navigation/install/nav2_voronoi_planner/share/nav2_voronoi_planner/cmake/ament_cmake_export_dependencies-extras.cmake
-- Installing: /home/xu/automatic-navigation/install/nav2_voronoi_planner/share/nav2_voronoi_planner/cmake/nav2_voronoi_plannerConfig.cmake
-- Installing: /home/xu/automatic-navigation/install/nav2_voronoi_planner/share/nav2_voronoi_planner/cmake/nav2_voronoi_plannerConfig-version.cmake
-- Installing: /home/xu/automatic-navigation/install/nav2_voronoi_planner/share/nav2_voronoi_planner/package.xml
