[100%] Built target dynamicvoronoi
-- Install configuration: ""
-- Up-to-date: /home/xu/automatic-navigation/install/dynamicvoronoi/lib/libdynamicvoronoi.so
-- Up-to-date: /home/xu/automatic-navigation/install/dynamicvoronoi/include/
-- Up-to-date: /home/xu/automatic-navigation/install/dynamicvoronoi/include//dynamicvoronoi
-- Up-to-date: /home/xu/automatic-navigation/install/dynamicvoronoi/include//dynamicvoronoi/point.h
-- Up-to-date: /home/xu/automatic-navigation/install/dynamicvoronoi/include//dynamicvoronoi/dynamicvoronoi.h
-- Up-to-date: /home/xu/automatic-navigation/install/dynamicvoronoi/include//dynamicvoronoi/bucketedqueue.h
-- Up-to-date: /home/xu/automatic-navigation/install/dynamicvoronoi/share/dynamicvoronoi/environment/library_path.sh
-- Up-to-date: /home/xu/automatic-navigation/install/dynamicvoronoi/share/dynamicvoronoi/environment/library_path.dsv
-- Up-to-date: /home/xu/automatic-navigation/install/dynamicvoronoi/share/ament_index/resource_index/package_run_dependencies/dynamicvoronoi
-- Up-to-date: /home/xu/automatic-navigation/install/dynamicvoronoi/share/ament_index/resource_index/parent_prefix_path/dynamicvoronoi
-- Up-to-date: /home/xu/automatic-navigation/install/dynamicvoronoi/share/dynamicvoronoi/environment/ament_prefix_path.sh
-- Up-to-date: /home/xu/automatic-navigation/install/dynamicvoronoi/share/dynamicvoronoi/environment/ament_prefix_path.dsv
-- Up-to-date: /home/xu/automatic-navigation/install/dynamicvoronoi/share/dynamicvoronoi/environment/path.sh
-- Up-to-date: /home/xu/automatic-navigation/install/dynamicvoronoi/share/dynamicvoronoi/environment/path.dsv
-- Up-to-date: /home/xu/automatic-navigation/install/dynamicvoronoi/share/dynamicvoronoi/local_setup.bash
-- Up-to-date: /home/xu/automatic-navigation/install/dynamicvoronoi/share/dynamicvoronoi/local_setup.sh
-- Up-to-date: /home/xu/automatic-navigation/install/dynamicvoronoi/share/dynamicvoronoi/local_setup.zsh
-- Up-to-date: /home/xu/automatic-navigation/install/dynamicvoronoi/share/dynamicvoronoi/local_setup.dsv
-- Installing: /home/xu/automatic-navigation/install/dynamicvoronoi/share/dynamicvoronoi/package.dsv
-- Up-to-date: /home/xu/automatic-navigation/install/dynamicvoronoi/share/ament_index/resource_index/packages/dynamicvoronoi
-- Up-to-date: /home/xu/automatic-navigation/install/dynamicvoronoi/share/dynamicvoronoi/cmake/dynamicvoronoiTargetsExport.cmake
-- Up-to-date: /home/xu/automatic-navigation/install/dynamicvoronoi/share/dynamicvoronoi/cmake/dynamicvoronoiTargetsExport-noconfig.cmake
-- Up-to-date: /home/xu/automatic-navigation/install/dynamicvoronoi/share/dynamicvoronoi/cmake/ament_cmake_export_include_directories-extras.cmake
-- Up-to-date: /home/xu/automatic-navigation/install/dynamicvoronoi/share/dynamicvoronoi/cmake/ament_cmake_export_targets-extras.cmake
-- Up-to-date: /home/xu/automatic-navigation/install/dynamicvoronoi/share/dynamicvoronoi/cmake/dynamicvoronoiConfig.cmake
-- Up-to-date: /home/xu/automatic-navigation/install/dynamicvoronoi/share/dynamicvoronoi/cmake/dynamicvoronoiConfig-version.cmake
-- Up-to-date: /home/xu/automatic-navigation/install/dynamicvoronoi/share/dynamicvoronoi/package.xml
