[0.196s] DEBUG:colcon:Command line arguments: ['/usr/bin/colcon', 'build']
[0.196s] DEBUG:colcon:Parsed command line arguments: Namespace(log_base=None, log_level=None, verb_name='build', build_base='build', install_base='install', merge_install=False, symlink_install=False, test_result_base=None, continue_on_error=False, executor='parallel', parallel_workers=2, event_handlers=None, ignore_user_meta=False, metas=['./colcon.meta'], base_paths=['.'], packages_ignore=None, packages_ignore_regex=None, paths=None, packages_up_to=None, packages_up_to_regex=None, packages_above=None, packages_above_and_dependencies=None, packages_above_depth=None, packages_select_by_dep=None, packages_skip_by_dep=None, packages_skip_up_to=None, packages_select_build_failed=False, packages_skip_build_finished=False, packages_select_test_failures=False, packages_skip_test_passed=False, packages_select=None, packages_skip=None, packages_select_regex=None, packages_skip_regex=None, packages_start=None, packages_end=None, allow_overriding=[], cmake_args=None, cmake_target=None, cmake_target_skip_unavailable=False, cmake_clean_cache=False, cmake_clean_first=False, cmake_force_configure=False, ament_cmake_args=None, catkin_cmake_args=None, catkin_skip_building_tests=False, verb_parser=<colcon_defaults.argument_parser.defaults.DefaultArgumentsDecorator object at 0x7c41ceb68730>, verb_extension=<colcon_core.verb.build.BuildVerb object at 0x7c41cec75ba0>, main=<bound method BuildVerb.main of <colcon_core.verb.build.BuildVerb object at 0x7c41cec75ba0>>)
[0.499s] Level 1:colcon.colcon_core.package_discovery:discover_packages(colcon_meta) check parameters
[0.500s] Level 1:colcon.colcon_core.package_discovery:discover_packages(recursive) check parameters
[0.500s] Level 1:colcon.colcon_core.package_discovery:discover_packages(ignore) check parameters
[0.500s] Level 1:colcon.colcon_core.package_discovery:discover_packages(path) check parameters
[0.500s] Level 1:colcon.colcon_core.package_discovery:discover_packages(colcon_meta) discover
[0.500s] Level 1:colcon.colcon_core.package_discovery:discover_packages(recursive) discover
[0.500s] INFO:colcon.colcon_core.package_discovery:Crawling recursively for packages in '/home/xu/automatic-navigation'
[0.500s] Level 1:colcon.colcon_core.package_identification:_identify(.) by extensions ['ignore', 'ignore_ament_install']
[0.501s] Level 1:colcon.colcon_core.package_identification:_identify(.) by extension 'ignore'
[0.501s] Level 1:colcon.colcon_core.package_identification:_identify(.) by extension 'ignore_ament_install'
[0.501s] Level 1:colcon.colcon_core.package_identification:_identify(.) by extensions ['colcon_pkg']
[0.501s] Level 1:colcon.colcon_core.package_identification:_identify(.) by extension 'colcon_pkg'
[0.501s] Level 1:colcon.colcon_core.package_identification:_identify(.) by extensions ['colcon_meta']
[0.502s] Level 1:colcon.colcon_core.package_identification:_identify(.) by extension 'colcon_meta'
[0.502s] Level 1:colcon.colcon_core.package_identification:_identify(.) by extensions ['ros']
[0.502s] Level 1:colcon.colcon_core.package_identification:_identify(.) by extension 'ros'
[0.526s] Level 1:colcon.colcon_core.package_identification:_identify(.) by extensions ['cmake', 'python']
[0.526s] Level 1:colcon.colcon_core.package_identification:_identify(.) by extension 'cmake'
[0.526s] Level 1:colcon.colcon_core.package_identification:_identify(.) by extension 'python'
[0.526s] Level 1:colcon.colcon_core.package_identification:_identify(.) by extensions ['python_setup_py']
[0.526s] Level 1:colcon.colcon_core.package_identification:_identify(.) by extension 'python_setup_py'
[0.526s] Level 1:colcon.colcon_core.package_identification:_identify(build) by extensions ['ignore', 'ignore_ament_install']
[0.526s] Level 1:colcon.colcon_core.package_identification:_identify(build) by extension 'ignore'
[0.527s] Level 1:colcon.colcon_core.package_identification:_identify(build) ignored
[0.527s] Level 1:colcon.colcon_core.package_identification:_identify(install) by extensions ['ignore', 'ignore_ament_install']
[0.529s] Level 1:colcon.colcon_core.package_identification:_identify(install) by extension 'ignore'
[0.529s] Level 1:colcon.colcon_core.package_identification:_identify(install) ignored
[0.529s] Level 1:colcon.colcon_core.package_identification:_identify(log) by extensions ['ignore', 'ignore_ament_install']
[0.529s] Level 1:colcon.colcon_core.package_identification:_identify(log) by extension 'ignore'
[0.530s] Level 1:colcon.colcon_core.package_identification:_identify(log) ignored
[0.530s] Level 1:colcon.colcon_core.package_identification:_identify(src) by extensions ['ignore', 'ignore_ament_install']
[0.530s] Level 1:colcon.colcon_core.package_identification:_identify(src) by extension 'ignore'
[0.530s] Level 1:colcon.colcon_core.package_identification:_identify(src) by extension 'ignore_ament_install'
[0.530s] Level 1:colcon.colcon_core.package_identification:_identify(src) by extensions ['colcon_pkg']
[0.530s] Level 1:colcon.colcon_core.package_identification:_identify(src) by extension 'colcon_pkg'
[0.530s] Level 1:colcon.colcon_core.package_identification:_identify(src) by extensions ['colcon_meta']
[0.530s] Level 1:colcon.colcon_core.package_identification:_identify(src) by extension 'colcon_meta'
[0.530s] Level 1:colcon.colcon_core.package_identification:_identify(src) by extensions ['ros']
[0.530s] Level 1:colcon.colcon_core.package_identification:_identify(src) by extension 'ros'
[0.530s] Level 1:colcon.colcon_core.package_identification:_identify(src) by extensions ['cmake', 'python']
[0.531s] Level 1:colcon.colcon_core.package_identification:_identify(src) by extension 'cmake'
[0.531s] Level 1:colcon.colcon_core.package_identification:_identify(src) by extension 'python'
[0.531s] Level 1:colcon.colcon_core.package_identification:_identify(src) by extensions ['python_setup_py']
[0.531s] Level 1:colcon.colcon_core.package_identification:_identify(src) by extension 'python_setup_py'
[0.533s] Level 1:colcon.colcon_core.package_identification:_identify(src/gazebo_modele) by extensions ['ignore', 'ignore_ament_install']
[0.533s] Level 1:colcon.colcon_core.package_identification:_identify(src/gazebo_modele) by extension 'ignore'
[0.533s] Level 1:colcon.colcon_core.package_identification:_identify(src/gazebo_modele) by extension 'ignore_ament_install'
[0.533s] Level 1:colcon.colcon_core.package_identification:_identify(src/gazebo_modele) by extensions ['colcon_pkg']
[0.533s] Level 1:colcon.colcon_core.package_identification:_identify(src/gazebo_modele) by extension 'colcon_pkg'
[0.533s] Level 1:colcon.colcon_core.package_identification:_identify(src/gazebo_modele) by extensions ['colcon_meta']
[0.533s] Level 1:colcon.colcon_core.package_identification:_identify(src/gazebo_modele) by extension 'colcon_meta'
[0.533s] Level 1:colcon.colcon_core.package_identification:_identify(src/gazebo_modele) by extensions ['ros']
[0.533s] Level 1:colcon.colcon_core.package_identification:_identify(src/gazebo_modele) by extension 'ros'
[0.541s] DEBUG:colcon.colcon_core.package_identification:Package 'src/gazebo_modele' with type 'ros.ament_python' and name 'gazebo_modele'
[0.541s] Level 1:colcon.colcon_core.package_identification:_identify(src/nav_slam) by extensions ['ignore', 'ignore_ament_install']
[0.542s] Level 1:colcon.colcon_core.package_identification:_identify(src/nav_slam) by extension 'ignore'
[0.542s] Level 1:colcon.colcon_core.package_identification:_identify(src/nav_slam) by extension 'ignore_ament_install'
[0.542s] Level 1:colcon.colcon_core.package_identification:_identify(src/nav_slam) by extensions ['colcon_pkg']
[0.542s] Level 1:colcon.colcon_core.package_identification:_identify(src/nav_slam) by extension 'colcon_pkg'
[0.542s] Level 1:colcon.colcon_core.package_identification:_identify(src/nav_slam) by extensions ['colcon_meta']
[0.542s] Level 1:colcon.colcon_core.package_identification:_identify(src/nav_slam) by extension 'colcon_meta'
[0.542s] Level 1:colcon.colcon_core.package_identification:_identify(src/nav_slam) by extensions ['ros']
[0.542s] Level 1:colcon.colcon_core.package_identification:_identify(src/nav_slam) by extension 'ros'
[0.544s] DEBUG:colcon.colcon_core.package_identification:Package 'src/nav_slam' with type 'ros.ament_python' and name 'nav_slam'
[0.544s] Level 1:colcon.colcon_core.package_discovery:discover_packages(recursive) using defaults
[0.544s] Level 1:colcon.colcon_core.package_discovery:discover_packages(ignore) discover
[0.544s] Level 1:colcon.colcon_core.package_discovery:discover_packages(ignore) using defaults
[0.544s] Level 1:colcon.colcon_core.package_discovery:discover_packages(path) discover
[0.544s] Level 1:colcon.colcon_core.package_discovery:discover_packages(path) using defaults
[0.598s] Level 1:colcon.colcon_core.package_discovery:discover_packages(prefix_path) check parameters
[0.598s] Level 1:colcon.colcon_core.package_discovery:discover_packages(prefix_path) discover
[0.602s] DEBUG:colcon.colcon_installed_package_information.package_discovery:Found 2 installed packages in /home/xu/automatic-navigation/install
[0.605s] DEBUG:colcon.colcon_installed_package_information.package_discovery:Found 370 installed packages in /opt/ros/humble
[0.610s] Level 1:colcon.colcon_core.package_discovery:discover_packages(prefix_path) using defaults
[0.695s] Level 5:colcon.colcon_core.verb:set package 'gazebo_modele' build argument 'cmake_args' from command line to 'None'
[0.695s] Level 5:colcon.colcon_core.verb:set package 'gazebo_modele' build argument 'cmake_target' from command line to 'None'
[0.695s] Level 5:colcon.colcon_core.verb:set package 'gazebo_modele' build argument 'cmake_target_skip_unavailable' from command line to 'False'
[0.695s] Level 5:colcon.colcon_core.verb:set package 'gazebo_modele' build argument 'cmake_clean_cache' from command line to 'False'
[0.695s] Level 5:colcon.colcon_core.verb:set package 'gazebo_modele' build argument 'cmake_clean_first' from command line to 'False'
[0.695s] Level 5:colcon.colcon_core.verb:set package 'gazebo_modele' build argument 'cmake_force_configure' from command line to 'False'
[0.695s] Level 5:colcon.colcon_core.verb:set package 'gazebo_modele' build argument 'ament_cmake_args' from command line to 'None'
[0.695s] Level 5:colcon.colcon_core.verb:set package 'gazebo_modele' build argument 'catkin_cmake_args' from command line to 'None'
[0.695s] Level 5:colcon.colcon_core.verb:set package 'gazebo_modele' build argument 'catkin_skip_building_tests' from command line to 'False'
[0.695s] DEBUG:colcon.colcon_core.verb:Building package 'gazebo_modele' with the following arguments: {'ament_cmake_args': None, 'build_base': '/home/xu/automatic-navigation/build/gazebo_modele', 'catkin_cmake_args': None, 'catkin_skip_building_tests': False, 'cmake_args': None, 'cmake_clean_cache': False, 'cmake_clean_first': False, 'cmake_force_configure': False, 'cmake_target': None, 'cmake_target_skip_unavailable': False, 'install_base': '/home/xu/automatic-navigation/install/gazebo_modele', 'merge_install': False, 'path': '/home/xu/automatic-navigation/src/gazebo_modele', 'symlink_install': False, 'test_result_base': None}
[0.696s] Level 5:colcon.colcon_core.verb:set package 'nav_slam' build argument 'cmake_args' from command line to 'None'
[0.696s] Level 5:colcon.colcon_core.verb:set package 'nav_slam' build argument 'cmake_target' from command line to 'None'
[0.696s] Level 5:colcon.colcon_core.verb:set package 'nav_slam' build argument 'cmake_target_skip_unavailable' from command line to 'False'
[0.696s] Level 5:colcon.colcon_core.verb:set package 'nav_slam' build argument 'cmake_clean_cache' from command line to 'False'
[0.696s] Level 5:colcon.colcon_core.verb:set package 'nav_slam' build argument 'cmake_clean_first' from command line to 'False'
[0.696s] Level 5:colcon.colcon_core.verb:set package 'nav_slam' build argument 'cmake_force_configure' from command line to 'False'
[0.696s] Level 5:colcon.colcon_core.verb:set package 'nav_slam' build argument 'ament_cmake_args' from command line to 'None'
[0.696s] Level 5:colcon.colcon_core.verb:set package 'nav_slam' build argument 'catkin_cmake_args' from command line to 'None'
[0.696s] Level 5:colcon.colcon_core.verb:set package 'nav_slam' build argument 'catkin_skip_building_tests' from command line to 'False'
[0.696s] DEBUG:colcon.colcon_core.verb:Building package 'nav_slam' with the following arguments: {'ament_cmake_args': None, 'build_base': '/home/xu/automatic-navigation/build/nav_slam', 'catkin_cmake_args': None, 'catkin_skip_building_tests': False, 'cmake_args': None, 'cmake_clean_cache': False, 'cmake_clean_first': False, 'cmake_force_configure': False, 'cmake_target': None, 'cmake_target_skip_unavailable': False, 'install_base': '/home/xu/automatic-navigation/install/nav_slam', 'merge_install': False, 'path': '/home/xu/automatic-navigation/src/nav_slam', 'symlink_install': False, 'test_result_base': None}
[0.697s] INFO:colcon.colcon_core.executor:Executing jobs using 'parallel' executor
[0.699s] DEBUG:colcon.colcon_parallel_executor.executor.parallel:run_until_complete
[0.699s] INFO:colcon.colcon_ros.task.ament_python.build:Building ROS package in '/home/xu/automatic-navigation/src/gazebo_modele' with build type 'ament_python'
[0.699s] Level 1:colcon.colcon_core.shell:create_environment_hook('gazebo_modele', 'ament_prefix_path')
[0.702s] INFO:colcon.colcon_core.plugin_system:Skipping extension 'colcon_core.shell.bat': Not used on non-Windows systems
[0.703s] INFO:colcon.colcon_core.shell:Creating environment hook '/home/xu/automatic-navigation/install/gazebo_modele/share/gazebo_modele/hook/ament_prefix_path.ps1'
[0.705s] INFO:colcon.colcon_core.shell:Creating environment descriptor '/home/xu/automatic-navigation/install/gazebo_modele/share/gazebo_modele/hook/ament_prefix_path.dsv'
[0.707s] INFO:colcon.colcon_core.shell:Creating environment hook '/home/xu/automatic-navigation/install/gazebo_modele/share/gazebo_modele/hook/ament_prefix_path.sh'
[0.709s] INFO:colcon.colcon_core.shell:Skip shell extension 'powershell' for command environment: Not usable outside of PowerShell
[0.709s] DEBUG:colcon.colcon_core.shell:Skip shell extension 'dsv' for command environment
[0.717s] INFO:colcon.colcon_ros.task.ament_python.build:Building ROS package in '/home/xu/automatic-navigation/src/nav_slam' with build type 'ament_python'
[0.718s] Level 1:colcon.colcon_core.shell:create_environment_hook('nav_slam', 'ament_prefix_path')
[0.718s] INFO:colcon.colcon_core.shell:Creating environment hook '/home/xu/automatic-navigation/install/nav_slam/share/nav_slam/hook/ament_prefix_path.ps1'
[0.719s] INFO:colcon.colcon_core.shell:Creating environment descriptor '/home/xu/automatic-navigation/install/nav_slam/share/nav_slam/hook/ament_prefix_path.dsv'
[0.720s] INFO:colcon.colcon_core.shell:Creating environment hook '/home/xu/automatic-navigation/install/nav_slam/share/nav_slam/hook/ament_prefix_path.sh'
[0.721s] INFO:colcon.colcon_core.shell:Skip shell extension 'powershell' for command environment: Not usable outside of PowerShell
[0.722s] DEBUG:colcon.colcon_core.shell:Skip shell extension 'dsv' for command environment
[1.223s] INFO:colcon.colcon_core.task.python.build:Building Python package in '/home/xu/automatic-navigation/src/gazebo_modele'
[1.224s] INFO:colcon.colcon_core.shell:Skip shell extension 'powershell' for command environment: Not usable outside of PowerShell
[1.224s] DEBUG:colcon.colcon_core.shell:Skip shell extension 'dsv' for command environment
[1.688s] INFO:colcon.colcon_core.task.python.build:Building Python package in '/home/xu/automatic-navigation/src/nav_slam'
[1.689s] INFO:colcon.colcon_core.shell:Skip shell extension 'powershell' for command environment: Not usable outside of PowerShell
[1.689s] DEBUG:colcon.colcon_core.shell:Skip shell extension 'dsv' for command environment
[2.333s] DEBUG:colcon.colcon_core.event_handler.log_command:Invoking command in '/home/xu/automatic-navigation/src/nav_slam': PYTHONPATH=/home/xu/automatic-navigation/build/nav_slam/prefix_override:/usr/lib/python3/dist-packages/colcon_core/task/python/colcon_distutils_commands:/home/xu/automatic-navigation/install/nav_slam/lib/python3.10/site-packages:${PYTHONPATH} /usr/bin/python3 -W ignore:setup.py install is deprecated -W ignore:easy_install command is deprecated setup.py egg_info --egg-base ../../build/nav_slam build --build-base /home/xu/automatic-navigation/build/nav_slam/build install --record /home/xu/automatic-navigation/build/nav_slam/install.log --single-version-externally-managed install_data
[2.356s] DEBUG:colcon.colcon_core.event_handler.log_command:Invoking command in '/home/xu/automatic-navigation/src/gazebo_modele': PYTHONPATH=/home/xu/automatic-navigation/build/gazebo_modele/prefix_override:/usr/lib/python3/dist-packages/colcon_core/task/python/colcon_distutils_commands:/home/xu/automatic-navigation/install/gazebo_modele/lib/python3.10/site-packages:${PYTHONPATH} /usr/bin/python3 -W ignore:setup.py install is deprecated -W ignore:easy_install command is deprecated setup.py egg_info --egg-base ../../build/gazebo_modele build --build-base /home/xu/automatic-navigation/build/gazebo_modele/build install --record /home/xu/automatic-navigation/build/gazebo_modele/install.log --single-version-externally-managed install_data
[2.889s] DEBUG:colcon.colcon_core.event_handler.log_command:Invoked command in '/home/xu/automatic-navigation/src/nav_slam' returned '0': PYTHONPATH=/home/xu/automatic-navigation/build/nav_slam/prefix_override:/usr/lib/python3/dist-packages/colcon_core/task/python/colcon_distutils_commands:/home/xu/automatic-navigation/install/nav_slam/lib/python3.10/site-packages:${PYTHONPATH} /usr/bin/python3 -W ignore:setup.py install is deprecated -W ignore:easy_install command is deprecated setup.py egg_info --egg-base ../../build/nav_slam build --build-base /home/xu/automatic-navigation/build/nav_slam/build install --record /home/xu/automatic-navigation/build/nav_slam/install.log --single-version-externally-managed install_data
[2.895s] Level 1:colcon.colcon_core.environment:checking '/home/xu/automatic-navigation/install/nav_slam' for CMake module files
[2.897s] Level 1:colcon.colcon_core.environment:checking '/home/xu/automatic-navigation/install/nav_slam' for CMake config files
[2.898s] Level 1:colcon.colcon_core.environment:checking '/home/xu/automatic-navigation/install/nav_slam/lib'
[2.899s] Level 1:colcon.colcon_core.environment:checking '/home/xu/automatic-navigation/install/nav_slam/bin'
[2.899s] Level 1:colcon.colcon_core.environment:checking '/home/xu/automatic-navigation/install/nav_slam/lib/pkgconfig/nav_slam.pc'
[2.899s] Level 1:colcon.colcon_core.environment:checking '/home/xu/automatic-navigation/install/nav_slam/lib/python3.10/site-packages'
[2.899s] Level 1:colcon.colcon_core.shell:create_environment_hook('nav_slam', 'pythonpath')
[2.900s] INFO:colcon.colcon_core.shell:Creating environment hook '/home/xu/automatic-navigation/install/nav_slam/share/nav_slam/hook/pythonpath.ps1'
[2.901s] INFO:colcon.colcon_core.shell:Creating environment descriptor '/home/xu/automatic-navigation/install/nav_slam/share/nav_slam/hook/pythonpath.dsv'
[2.902s] INFO:colcon.colcon_core.shell:Creating environment hook '/home/xu/automatic-navigation/install/nav_slam/share/nav_slam/hook/pythonpath.sh'
[2.904s] Level 1:colcon.colcon_core.environment:checking '/home/xu/automatic-navigation/install/nav_slam/bin'
[2.904s] Level 1:colcon.colcon_core.environment:create_environment_scripts_only(nav_slam)
[2.905s] INFO:colcon.colcon_core.shell:Creating package script '/home/xu/automatic-navigation/install/nav_slam/share/nav_slam/package.ps1'
[2.906s] INFO:colcon.colcon_core.shell:Creating package descriptor '/home/xu/automatic-navigation/install/nav_slam/share/nav_slam/package.dsv'
[2.907s] INFO:colcon.colcon_core.shell:Creating package script '/home/xu/automatic-navigation/install/nav_slam/share/nav_slam/package.sh'
[2.909s] INFO:colcon.colcon_core.shell:Creating package script '/home/xu/automatic-navigation/install/nav_slam/share/nav_slam/package.bash'
[2.910s] INFO:colcon.colcon_core.shell:Creating package script '/home/xu/automatic-navigation/install/nav_slam/share/nav_slam/package.zsh'
[2.911s] Level 1:colcon.colcon_core.environment:create_file_with_runtime_dependencies(/home/xu/automatic-navigation/install/nav_slam/share/colcon-core/packages/nav_slam)
[2.913s] Level 1:colcon.colcon_core.environment:checking '/home/xu/automatic-navigation/install/gazebo_modele' for CMake module files
[2.913s] Level 1:colcon.colcon_core.environment:checking '/home/xu/automatic-navigation/install/gazebo_modele' for CMake config files
[2.915s] DEBUG:colcon.colcon_core.event_handler.log_command:Invoked command in '/home/xu/automatic-navigation/src/gazebo_modele' returned '0': PYTHONPATH=/home/xu/automatic-navigation/build/gazebo_modele/prefix_override:/usr/lib/python3/dist-packages/colcon_core/task/python/colcon_distutils_commands:/home/xu/automatic-navigation/install/gazebo_modele/lib/python3.10/site-packages:${PYTHONPATH} /usr/bin/python3 -W ignore:setup.py install is deprecated -W ignore:easy_install command is deprecated setup.py egg_info --egg-base ../../build/gazebo_modele build --build-base /home/xu/automatic-navigation/build/gazebo_modele/build install --record /home/xu/automatic-navigation/build/gazebo_modele/install.log --single-version-externally-managed install_data
[2.916s] Level 1:colcon.colcon_core.environment:checking '/home/xu/automatic-navigation/install/gazebo_modele/lib'
[2.916s] Level 1:colcon.colcon_core.environment:checking '/home/xu/automatic-navigation/install/gazebo_modele/bin'
[2.916s] Level 1:colcon.colcon_core.environment:checking '/home/xu/automatic-navigation/install/gazebo_modele/lib/pkgconfig/gazebo_modele.pc'
[2.916s] Level 1:colcon.colcon_core.environment:checking '/home/xu/automatic-navigation/install/gazebo_modele/lib/python3.10/site-packages'
[2.916s] Level 1:colcon.colcon_core.shell:create_environment_hook('gazebo_modele', 'pythonpath')
[2.917s] INFO:colcon.colcon_core.shell:Creating environment hook '/home/xu/automatic-navigation/install/gazebo_modele/share/gazebo_modele/hook/pythonpath.ps1'
[2.918s] INFO:colcon.colcon_core.shell:Creating environment descriptor '/home/xu/automatic-navigation/install/gazebo_modele/share/gazebo_modele/hook/pythonpath.dsv'
[2.920s] INFO:colcon.colcon_core.shell:Creating environment hook '/home/xu/automatic-navigation/install/gazebo_modele/share/gazebo_modele/hook/pythonpath.sh'
[2.921s] Level 1:colcon.colcon_core.environment:checking '/home/xu/automatic-navigation/install/gazebo_modele/bin'
[2.922s] Level 1:colcon.colcon_core.environment:create_environment_scripts_only(gazebo_modele)
[2.922s] INFO:colcon.colcon_core.shell:Creating package script '/home/xu/automatic-navigation/install/gazebo_modele/share/gazebo_modele/package.ps1'
[2.924s] INFO:colcon.colcon_core.shell:Creating package descriptor '/home/xu/automatic-navigation/install/gazebo_modele/share/gazebo_modele/package.dsv'
[2.925s] INFO:colcon.colcon_core.shell:Creating package script '/home/xu/automatic-navigation/install/gazebo_modele/share/gazebo_modele/package.sh'
[2.926s] INFO:colcon.colcon_core.shell:Creating package script '/home/xu/automatic-navigation/install/gazebo_modele/share/gazebo_modele/package.bash'
[2.927s] INFO:colcon.colcon_core.shell:Creating package script '/home/xu/automatic-navigation/install/gazebo_modele/share/gazebo_modele/package.zsh'
[2.928s] Level 1:colcon.colcon_core.environment:create_file_with_runtime_dependencies(/home/xu/automatic-navigation/install/gazebo_modele/share/colcon-core/packages/gazebo_modele)
[2.930s] DEBUG:colcon.colcon_parallel_executor.executor.parallel:closing loop
[2.930s] DEBUG:colcon.colcon_parallel_executor.executor.parallel:loop closed
[2.930s] DEBUG:colcon.colcon_parallel_executor.executor.parallel:run_until_complete finished with '0'
[2.930s] DEBUG:colcon.colcon_core.event_reactor:joining thread
[2.942s] INFO:colcon.colcon_core.plugin_system:Skipping extension 'colcon_notification.desktop_notification.terminal_notifier': Not used on non-Darwin systems
[2.942s] INFO:colcon.colcon_core.plugin_system:Skipping extension 'colcon_notification.desktop_notification.win32': Not used on non-Windows systems
[2.942s] INFO:colcon.colcon_notification.desktop_notification:Sending desktop notification using 'notify2'
[2.970s] DEBUG:colcon.colcon_core.event_reactor:joined thread
[2.970s] INFO:colcon.colcon_core.shell:Creating prefix script '/home/xu/automatic-navigation/install/local_setup.ps1'
[2.974s] INFO:colcon.colcon_core.shell:Creating prefix util module '/home/xu/automatic-navigation/install/_local_setup_util_ps1.py'
[2.977s] INFO:colcon.colcon_core.shell:Creating prefix chain script '/home/xu/automatic-navigation/install/setup.ps1'
[2.980s] INFO:colcon.colcon_core.shell:Creating prefix script '/home/xu/automatic-navigation/install/local_setup.sh'
[2.981s] INFO:colcon.colcon_core.shell:Creating prefix util module '/home/xu/automatic-navigation/install/_local_setup_util_sh.py'
[2.983s] INFO:colcon.colcon_core.shell:Creating prefix chain script '/home/xu/automatic-navigation/install/setup.sh'
[2.986s] INFO:colcon.colcon_core.shell:Creating prefix script '/home/xu/automatic-navigation/install/local_setup.bash'
[2.988s] INFO:colcon.colcon_core.shell:Creating prefix chain script '/home/xu/automatic-navigation/install/setup.bash'
[2.990s] INFO:colcon.colcon_core.shell:Creating prefix script '/home/xu/automatic-navigation/install/local_setup.zsh'
[2.991s] INFO:colcon.colcon_core.shell:Creating prefix chain script '/home/xu/automatic-navigation/install/setup.zsh'
