[2.384s] Invoking command in '/home/xu/automatic-navigation/src/gazebo_modele': PYTHONPATH=/home/xu/automatic-navigation/build/gazebo_modele/prefix_override:/usr/lib/python3/dist-packages/colcon_core/task/python/colcon_distutils_commands:/home/xu/automatic-navigation/install/gazebo_modele/lib/python3.10/site-packages:${PYTHONPATH} /usr/bin/python3 -W ignore:setup.py install is deprecated -W ignore:easy_install command is deprecated setup.py egg_info --egg-base ../../build/gazebo_modele build --build-base /home/xu/automatic-navigation/build/gazebo_modele/build install --record /home/xu/automatic-navigation/build/gazebo_modele/install.log --single-version-externally-managed install_data
[3.696s] running egg_info
[3.697s] writing ../../build/gazebo_modele/gazebo_modele.egg-info/PKG-INFO
[3.704s] writing dependency_links to ../../build/gazebo_modele/gazebo_modele.egg-info/dependency_links.txt
[3.704s] writing entry points to ../../build/gazebo_modele/gazebo_modele.egg-info/entry_points.txt
[3.704s] writing requirements to ../../build/gazebo_modele/gazebo_modele.egg-info/requires.txt
[3.705s] writing top-level names to ../../build/gazebo_modele/gazebo_modele.egg-info/top_level.txt
[3.710s] reading manifest file '../../build/gazebo_modele/gazebo_modele.egg-info/SOURCES.txt'
[3.711s] writing manifest file '../../build/gazebo_modele/gazebo_modele.egg-info/SOURCES.txt'
[3.712s] running build
[3.713s] running build_py
[3.717s] running install
[3.717s] running install_lib
[3.723s] running install_data
[3.726s] running install_egg_info
[3.730s] removing '/home/xu/automatic-navigation/install/gazebo_modele/lib/python3.10/site-packages/gazebo_modele-0.0.0-py3.10.egg-info' (and everything under it)
[3.736s] Copying ../../build/gazebo_modele/gazebo_modele.egg-info to /home/xu/automatic-navigation/install/gazebo_modele/lib/python3.10/site-packages/gazebo_modele-0.0.0-py3.10.egg-info
[3.738s] running install_scripts
[3.829s] writing list of installed files to '/home/xu/automatic-navigation/build/gazebo_modele/install.log'
[4.440s] Invoked command in '/home/xu/automatic-navigation/src/gazebo_modele' returned '0': PYTHONPATH=/home/xu/automatic-navigation/build/gazebo_modele/prefix_override:/usr/lib/python3/dist-packages/colcon_core/task/python/colcon_distutils_commands:/home/xu/automatic-navigation/install/gazebo_modele/lib/python3.10/site-packages:${PYTHONPATH} /usr/bin/python3 -W ignore:setup.py install is deprecated -W ignore:easy_install command is deprecated setup.py egg_info --egg-base ../../build/gazebo_modele build --build-base /home/xu/automatic-navigation/build/gazebo_modele/build install --record /home/xu/automatic-navigation/build/gazebo_modele/install.log --single-version-externally-managed install_data
