running egg_info
writing ../../build/nav_slam/nav_slam.egg-info/PKG-INFO
writing dependency_links to ../../build/nav_slam/nav_slam.egg-info/dependency_links.txt
writing entry points to ../../build/nav_slam/nav_slam.egg-info/entry_points.txt
writing requirements to ../../build/nav_slam/nav_slam.egg-info/requires.txt
writing top-level names to ../../build/nav_slam/nav_slam.egg-info/top_level.txt
reading manifest file '../../build/nav_slam/nav_slam.egg-info/SOURCES.txt'
writing manifest file '../../build/nav_slam/nav_slam.egg-info/SOURCES.txt'
running build
running build_py
copying nav_slam/start_nav.py -> /home/xu/automatic-navigation/build/nav_slam/build/lib/nav_slam
running install
running install_lib
copying /home/xu/automatic-navigation/build/nav_slam/build/lib/nav_slam/start_nav.py -> /home/xu/automatic-navigation/install/nav_slam/lib/python3.10/site-packages/nav_slam
byte-compiling /home/xu/automatic-navigation/install/nav_slam/lib/python3.10/site-packages/nav_slam/start_nav.py to start_nav.cpython-310.pyc
running install_data
running install_egg_info
removing '/home/xu/automatic-navigation/install/nav_slam/lib/python3.10/site-packages/nav_slam-0.0.0-py3.10.egg-info' (and everything under it)
Copying ../../build/nav_slam/nav_slam.egg-info to /home/xu/automatic-navigation/install/nav_slam/lib/python3.10/site-packages/nav_slam-0.0.0-py3.10.egg-info
running install_scripts
Installing astar script to /home/xu/automatic-navigation/install/nav_slam/lib/nav_slam
Installing map_pub script to /home/xu/automatic-navigation/install/nav_slam/lib/nav_slam
Installing odom_map_tf script to /home/xu/automatic-navigation/install/nav_slam/lib/nav_slam
Installing points_pub_map script to /home/xu/automatic-navigation/install/nav_slam/lib/nav_slam
Installing start_nav script to /home/xu/automatic-navigation/install/nav_slam/lib/nav_slam
writing list of installed files to '/home/xu/automatic-navigation/build/nav_slam/install.log'
