[ 40%] Built target voronoi_node
[ 80%] Built target nav2_voronoi_planner
[100%] Built target voronoi_planner_tf_broadcaster
-- Install configuration: ""
-- Up-to-date: /home/xu/automatic-navigation/install/nav2_voronoi_planner/lib/nav2_voronoi_planner/voronoi_node
-- Up-to-date: /home/xu/automatic-navigation/install/nav2_voronoi_planner/share/nav2_voronoi_planner/voronoi_planner_plugin.xml
-- Up-to-date: /home/xu/automatic-navigation/install/nav2_voronoi_planner/lib/libnav2_voronoi_planner.so
-- Up-to-date: /home/xu/automatic-navigation/install/nav2_voronoi_planner/lib/nav2_voronoi_planner/voronoi_planner_tf_broadcaster
-- Up-to-date: /home/xu/automatic-navigation/install/nav2_voronoi_planner/include/
-- Up-to-date: /home/xu/automatic-navigation/install/nav2_voronoi_planner/include//nav2_voronoi_planner
-- Up-to-date: /home/xu/automatic-navigation/install/nav2_voronoi_planner/include//nav2_voronoi_planner/node.hpp
-- Up-to-date: /home/xu/automatic-navigation/install/nav2_voronoi_planner/include//nav2_voronoi_planner/node2d.hpp
-- Up-to-date: /home/xu/automatic-navigation/install/nav2_voronoi_planner/include//nav2_voronoi_planner/heap.hpp
-- Up-to-date: /home/xu/automatic-navigation/install/nav2_voronoi_planner/include//nav2_voronoi_planner/voronoi.hpp
-- Up-to-date: /home/xu/automatic-navigation/install/nav2_voronoi_planner/include//nav2_voronoi_planner/util.hpp
-- Up-to-date: /home/xu/automatic-navigation/install/nav2_voronoi_planner/include//nav2_voronoi_planner/voronoi_planner.hpp
-- Up-to-date: /home/xu/automatic-navigation/install/nav2_voronoi_planner/include//nav2_voronoi_planner/constants.hpp
-- Up-to-date: /home/xu/automatic-navigation/install/nav2_voronoi_planner/share/nav2_voronoi_planner/voronoi_planner_plugin.xml
-- Up-to-date: /home/xu/automatic-navigation/install/nav2_voronoi_planner/share/nav2_voronoi_planner/environment/library_path.sh
-- Up-to-date: /home/xu/automatic-navigation/install/nav2_voronoi_planner/share/nav2_voronoi_planner/environment/library_path.dsv
-- Up-to-date: /home/xu/automatic-navigation/install/nav2_voronoi_planner/share/ament_index/resource_index/package_run_dependencies/nav2_voronoi_planner
-- Up-to-date: /home/xu/automatic-navigation/install/nav2_voronoi_planner/share/ament_index/resource_index/parent_prefix_path/nav2_voronoi_planner
-- Up-to-date: /home/xu/automatic-navigation/install/nav2_voronoi_planner/share/nav2_voronoi_planner/environment/ament_prefix_path.sh
-- Up-to-date: /home/xu/automatic-navigation/install/nav2_voronoi_planner/share/nav2_voronoi_planner/environment/ament_prefix_path.dsv
-- Up-to-date: /home/xu/automatic-navigation/install/nav2_voronoi_planner/share/nav2_voronoi_planner/environment/path.sh
-- Up-to-date: /home/xu/automatic-navigation/install/nav2_voronoi_planner/share/nav2_voronoi_planner/environment/path.dsv
-- Up-to-date: /home/xu/automatic-navigation/install/nav2_voronoi_planner/share/nav2_voronoi_planner/local_setup.bash
-- Up-to-date: /home/xu/automatic-navigation/install/nav2_voronoi_planner/share/nav2_voronoi_planner/local_setup.sh
-- Up-to-date: /home/xu/automatic-navigation/install/nav2_voronoi_planner/share/nav2_voronoi_planner/local_setup.zsh
-- Up-to-date: /home/xu/automatic-navigation/install/nav2_voronoi_planner/share/nav2_voronoi_planner/local_setup.dsv
-- Installing: /home/xu/automatic-navigation/install/nav2_voronoi_planner/share/nav2_voronoi_planner/package.dsv
-- Up-to-date: /home/xu/automatic-navigation/install/nav2_voronoi_planner/share/ament_index/resource_index/packages/nav2_voronoi_planner
-- Up-to-date: /home/xu/automatic-navigation/install/nav2_voronoi_planner/share/ament_index/resource_index/nav2_core__pluginlib__plugin/nav2_voronoi_planner
-- Up-to-date: /home/xu/automatic-navigation/install/nav2_voronoi_planner/share/nav2_voronoi_planner/cmake/ament_cmake_export_include_directories-extras.cmake
-- Up-to-date: /home/xu/automatic-navigation/install/nav2_voronoi_planner/share/nav2_voronoi_planner/cmake/ament_cmake_export_libraries-extras.cmake
-- Up-to-date: /home/xu/automatic-navigation/install/nav2_voronoi_planner/share/nav2_voronoi_planner/cmake/ament_cmake_export_dependencies-extras.cmake
-- Up-to-date: /home/xu/automatic-navigation/install/nav2_voronoi_planner/share/nav2_voronoi_planner/cmake/nav2_voronoi_plannerConfig.cmake
-- Up-to-date: /home/xu/automatic-navigation/install/nav2_voronoi_planner/share/nav2_voronoi_planner/cmake/nav2_voronoi_plannerConfig-version.cmake
-- Up-to-date: /home/xu/automatic-navigation/install/nav2_voronoi_planner/share/nav2_voronoi_planner/package.xml
