[1.915s] Invoking command in '/home/xu/automatic-navigation/src/nav_slam': PYTHONPATH=/home/xu/automatic-navigation/build/nav_slam/prefix_override:/usr/lib/python3/dist-packages/colcon_core/task/python/colcon_distutils_commands:/home/xu/automatic-navigation/install/nav_slam/lib/python3.10/site-packages:${PYTHONPATH} /usr/bin/python3 -W ignore:setup.py install is deprecated -W ignore:easy_install command is deprecated setup.py egg_info --egg-base ../../build/nav_slam build --build-base /home/xu/automatic-navigation/build/nav_slam/build install --record /home/xu/automatic-navigation/build/nav_slam/install.log --single-version-externally-managed install_data
[2.493s] running egg_info
[2.496s] writing ../../build/nav_slam/nav_slam.egg-info/PKG-INFO
[2.497s] writing dependency_links to ../../build/nav_slam/nav_slam.egg-info/dependency_links.txt
[2.499s] writing entry points to ../../build/nav_slam/nav_slam.egg-info/entry_points.txt
[2.500s] writing requirements to ../../build/nav_slam/nav_slam.egg-info/requires.txt
[2.501s] writing top-level names to ../../build/nav_slam/nav_slam.egg-info/top_level.txt
[2.507s] reading manifest file '../../build/nav_slam/nav_slam.egg-info/SOURCES.txt'
[2.507s] writing manifest file '../../build/nav_slam/nav_slam.egg-info/SOURCES.txt'
[2.508s] running build
[2.508s] running build_py
[2.511s] running install
[2.511s] running install_lib
[2.517s] running install_data
[2.518s] running install_egg_info
[2.523s] removing '/home/xu/automatic-navigation/install/nav_slam/lib/python3.10/site-packages/nav_slam-0.0.0-py3.10.egg-info' (and everything under it)
[2.523s] Copying ../../build/nav_slam/nav_slam.egg-info to /home/xu/automatic-navigation/install/nav_slam/lib/python3.10/site-packages/nav_slam-0.0.0-py3.10.egg-info
[2.530s] running install_scripts
[2.563s] Installing astar script to /home/xu/automatic-navigation/install/nav_slam/lib/nav_slam
[2.564s] Installing map_pub script to /home/xu/automatic-navigation/install/nav_slam/lib/nav_slam
[2.564s] Installing odom_map_tf script to /home/xu/automatic-navigation/install/nav_slam/lib/nav_slam
[2.568s] Installing points_pub_map script to /home/xu/automatic-navigation/install/nav_slam/lib/nav_slam
[2.568s] Installing start_nav script to /home/xu/automatic-navigation/install/nav_slam/lib/nav_slam
[2.568s] writing list of installed files to '/home/xu/automatic-navigation/build/nav_slam/install.log'
[2.617s] Invoked command in '/home/xu/automatic-navigation/src/nav_slam' returned '0': PYTHONPATH=/home/xu/automatic-navigation/build/nav_slam/prefix_override:/usr/lib/python3/dist-packages/colcon_core/task/python/colcon_distutils_commands:/home/xu/automatic-navigation/install/nav_slam/lib/python3.10/site-packages:${PYTHONPATH} /usr/bin/python3 -W ignore:setup.py install is deprecated -W ignore:easy_install command is deprecated setup.py egg_info --egg-base ../../build/nav_slam build --build-base /home/xu/automatic-navigation/build/nav_slam/build install --record /home/xu/automatic-navigation/build/nav_slam/install.log --single-version-externally-managed install_data
