-- Found ament_cmake: 1.3.13 (/opt/ros/humble/share/ament_cmake/cmake)
-- Found rclcpp: 16.0.18 (/opt/ros/humble/share/rclcpp/cmake)
-- Found rosidl_generator_c: 3.1.8 (/opt/ros/humble/share/rosidl_generator_c/cmake)
-- Found rosidl_adapter: 3.1.8 (/opt/ros/humble/share/rosidl_adapter/cmake)
-- Found rosidl_generator_cpp: 3.1.8 (/opt/ros/humble/share/rosidl_generator_cpp/cmake)
-- Using all available rosidl_typesupport_c: rosidl_typesupport_fastrtps_c;rosidl_typesupport_introspection_c
-- Using all available rosidl_typesupport_cpp: rosidl_typesupport_fastrtps_cpp;rosidl_typesupport_introspection_cpp
-- Found rmw_implementation_cmake: 6.1.2 (/opt/ros/humble/share/rmw_implementation_cmake/cmake)
-- Found rmw_fastrtps_cpp: 6.2.10 (/opt/ros/humble/share/rmw_fastrtps_cpp/cmake)
-- Using RMW implementation 'rmw_fastrtps_cpp' as default
-- Found rclcpp_action: 16.0.18 (/opt/ros/humble/share/rclcpp_action/cmake)
-- Found rclcpp_lifecycle: 16.0.18 (/opt/ros/humble/share/rclcpp_lifecycle/cmake)
-- Found visualization_msgs: 4.9.1 (/opt/ros/humble/share/visualization_msgs/cmake)
-- Found nav2_util: 1.1.20 (/opt/ros/humble/share/nav2_util/cmake)
-- Found eigen3_cmake_module: 0.1.1 (/opt/ros/humble/share/eigen3_cmake_module/cmake)
-- Ensuring Eigen3 include directory is part of orocos-kdl CMake target
-- Found nav2_costmap_2d: 1.1.20 (/home/xu/automatic-navigation/install/nav2_costmap_2d/share/nav2_costmap_2d/cmake)
-- Found nav2_core: 1.1.20 (/opt/ros/humble/share/nav2_core/cmake)
-- Found dynamicvoronoi: 0.0.0 (/home/xu/automatic-navigation/install/dynamicvoronoi/share/dynamicvoronoi/cmake)
-- Found ament_lint_auto: 0.12.15 (/opt/ros/humble/share/ament_lint_auto/cmake)
-- Added test 'cppcheck' to perform static code analysis on C / C++ code
-- Configured cppcheck include dirs: /home/xu/automatic-navigation/src/nav2_voronoi_planner/include;/home/xu/automatic-navigation/src/nav2_voronoi_planner/include/nav2_voronoi_planner;$<BUILD_INTERFACE:/home/xu/automatic-navigation/src/nav2_voronoi_planner/include>
-- Configured cppcheck exclude dirs and/or files: 
-- Added test 'lint_cmake' to check CMake code style
-- Added test 'uncrustify' to check C / C++ code style
-- Configured uncrustify additional arguments: 
-- Added test 'xmllint' to check XML markup files
-- Configuring done
-- Generating done
-- Build files have been written to: /home/xu/automatic-navigation/build/nav2_voronoi_planner
[ 10%] [32mBuilding CXX object CMakeFiles/voronoi_node.dir/src/voronoi_node.cpp.o[0m
[35m[1mConsolidate compiler generated dependencies of target nav2_voronoi_planner[0m
[ 50%] Built target nav2_voronoi_planner
[35m[1mConsolidate compiler generated dependencies of target voronoi_planner_tf_broadcaster[0m
[ 70%] Built target voronoi_planner_tf_broadcaster
[ 80%] [32mBuilding CXX object CMakeFiles/voronoi_node.dir/src/voronoi.cpp.o[0m
[ 90%] [32mBuilding CXX object CMakeFiles/voronoi_node.dir/src/heap.cpp.o[0m
[100%] [32m[1mLinking CXX executable voronoi_node[0m
[100%] Built target voronoi_node
-- Install configuration: ""
-- Installing: /home/xu/automatic-navigation/install/nav2_voronoi_planner/lib/nav2_voronoi_planner/voronoi_node
-- Set runtime path of "/home/xu/automatic-navigation/install/nav2_voronoi_planner/lib/nav2_voronoi_planner/voronoi_node" to ""
-- Up-to-date: /home/xu/automatic-navigation/install/nav2_voronoi_planner/share/nav2_voronoi_planner/voronoi_planner_plugin.xml
-- Up-to-date: /home/xu/automatic-navigation/install/nav2_voronoi_planner/lib/libnav2_voronoi_planner.so
-- Up-to-date: /home/xu/automatic-navigation/install/nav2_voronoi_planner/lib/nav2_voronoi_planner/voronoi_planner_tf_broadcaster
-- Up-to-date: /home/xu/automatic-navigation/install/nav2_voronoi_planner/include/
-- Up-to-date: /home/xu/automatic-navigation/install/nav2_voronoi_planner/include//nav2_voronoi_planner
-- Up-to-date: /home/xu/automatic-navigation/install/nav2_voronoi_planner/include//nav2_voronoi_planner/node.hpp
-- Up-to-date: /home/xu/automatic-navigation/install/nav2_voronoi_planner/include//nav2_voronoi_planner/node2d.hpp
-- Up-to-date: /home/xu/automatic-navigation/install/nav2_voronoi_planner/include//nav2_voronoi_planner/heap.hpp
-- Up-to-date: /home/xu/automatic-navigation/install/nav2_voronoi_planner/include//nav2_voronoi_planner/voronoi.hpp
-- Up-to-date: /home/xu/automatic-navigation/install/nav2_voronoi_planner/include//nav2_voronoi_planner/util.hpp
-- Up-to-date: /home/xu/automatic-navigation/install/nav2_voronoi_planner/include//nav2_voronoi_planner/voronoi_planner.hpp
-- Up-to-date: /home/xu/automatic-navigation/install/nav2_voronoi_planner/include//nav2_voronoi_planner/constants.hpp
-- Up-to-date: /home/xu/automatic-navigation/install/nav2_voronoi_planner/share/nav2_voronoi_planner/voronoi_planner_plugin.xml
-- Up-to-date: /home/xu/automatic-navigation/install/nav2_voronoi_planner/share/nav2_voronoi_planner/environment/library_path.sh
-- Installing: /home/xu/automatic-navigation/install/nav2_voronoi_planner/share/nav2_voronoi_planner/environment/library_path.dsv
-- Up-to-date: /home/xu/automatic-navigation/install/nav2_voronoi_planner/share/ament_index/resource_index/package_run_dependencies/nav2_voronoi_planner
-- Up-to-date: /home/xu/automatic-navigation/install/nav2_voronoi_planner/share/ament_index/resource_index/parent_prefix_path/nav2_voronoi_planner
-- Up-to-date: /home/xu/automatic-navigation/install/nav2_voronoi_planner/share/nav2_voronoi_planner/environment/ament_prefix_path.sh
-- Installing: /home/xu/automatic-navigation/install/nav2_voronoi_planner/share/nav2_voronoi_planner/environment/ament_prefix_path.dsv
-- Up-to-date: /home/xu/automatic-navigation/install/nav2_voronoi_planner/share/nav2_voronoi_planner/environment/path.sh
-- Installing: /home/xu/automatic-navigation/install/nav2_voronoi_planner/share/nav2_voronoi_planner/environment/path.dsv
-- Up-to-date: /home/xu/automatic-navigation/install/nav2_voronoi_planner/share/nav2_voronoi_planner/local_setup.bash
-- Up-to-date: /home/xu/automatic-navigation/install/nav2_voronoi_planner/share/nav2_voronoi_planner/local_setup.sh
-- Up-to-date: /home/xu/automatic-navigation/install/nav2_voronoi_planner/share/nav2_voronoi_planner/local_setup.zsh
-- Installing: /home/xu/automatic-navigation/install/nav2_voronoi_planner/share/nav2_voronoi_planner/local_setup.dsv
-- Installing: /home/xu/automatic-navigation/install/nav2_voronoi_planner/share/nav2_voronoi_planner/package.dsv
-- Up-to-date: /home/xu/automatic-navigation/install/nav2_voronoi_planner/share/ament_index/resource_index/packages/nav2_voronoi_planner
-- Up-to-date: /home/xu/automatic-navigation/install/nav2_voronoi_planner/share/ament_index/resource_index/nav2_core__pluginlib__plugin/nav2_voronoi_planner
-- Up-to-date: /home/xu/automatic-navigation/install/nav2_voronoi_planner/share/nav2_voronoi_planner/cmake/ament_cmake_export_include_directories-extras.cmake
-- Up-to-date: /home/xu/automatic-navigation/install/nav2_voronoi_planner/share/nav2_voronoi_planner/cmake/ament_cmake_export_libraries-extras.cmake
-- Up-to-date: /home/xu/automatic-navigation/install/nav2_voronoi_planner/share/nav2_voronoi_planner/cmake/ament_cmake_export_dependencies-extras.cmake
-- Up-to-date: /home/xu/automatic-navigation/install/nav2_voronoi_planner/share/nav2_voronoi_planner/cmake/nav2_voronoi_plannerConfig.cmake
-- Up-to-date: /home/xu/automatic-navigation/install/nav2_voronoi_planner/share/nav2_voronoi_planner/cmake/nav2_voronoi_plannerConfig-version.cmake
-- Up-to-date: /home/xu/automatic-navigation/install/nav2_voronoi_planner/share/nav2_voronoi_planner/package.xml
