[0.045s] Invoking command in '/home/xu/automatic-navigation/build/nav2_voronoi_planner': AMENT_PREFIX_PATH=/home/xu/automatic-navigation/install/nav2_costmap_2d:/home/xu/automatic-navigation/install/dynamicvoronoi:${AMENT_PREFIX_PATH} CMAKE_PREFIX_PATH=/home/xu/automatic-navigation/install/nav2_costmap_2d:/home/xu/automatic-navigation/install/dynamicvoronoi:/home/xu/automatic-navigation/install/nav_slam:/home/xu/automatic-navigation/install/gazebo_modele:/opt/ros/humble LD_LIBRARY_PATH=/home/xu/automatic-navigation/install/nav2_costmap_2d/lib:/home/xu/automatic-navigation/install/dynamicvoronoi/lib:${LD_LIBRARY_PATH} /usr/bin/cmake --build /home/xu/automatic-navigation/build/nav2_voronoi_planner -- -j2 -l2
[0.117s] -- Found ament_cmake: 1.3.13 (/opt/ros/humble/share/ament_cmake/cmake)
[0.377s] -- Found rclcpp: 16.0.18 (/opt/ros/humble/share/rclcpp/cmake)
[0.430s] -- Found rosidl_generator_c: 3.1.8 (/opt/ros/humble/share/rosidl_generator_c/cmake)
[0.439s] -- Found rosidl_adapter: 3.1.8 (/opt/ros/humble/share/rosidl_adapter/cmake)
[0.448s] -- Found rosidl_generator_cpp: 3.1.8 (/opt/ros/humble/share/rosidl_generator_cpp/cmake)
[0.465s] -- Using all available rosidl_typesupport_c: rosidl_typesupport_fastrtps_c;rosidl_typesupport_introspection_c
[0.495s] -- Using all available rosidl_typesupport_cpp: rosidl_typesupport_fastrtps_cpp;rosidl_typesupport_introspection_cpp
[0.553s] -- Found rmw_implementation_cmake: 6.1.2 (/opt/ros/humble/share/rmw_implementation_cmake/cmake)
[0.556s] -- Found rmw_fastrtps_cpp: 6.2.10 (/opt/ros/humble/share/rmw_fastrtps_cpp/cmake)
[0.756s] -- Using RMW implementation 'rmw_fastrtps_cpp' as default
[0.843s] -- Found rclcpp_action: 16.0.18 (/opt/ros/humble/share/rclcpp_action/cmake)
[0.891s] -- Found rclcpp_lifecycle: 16.0.18 (/opt/ros/humble/share/rclcpp_lifecycle/cmake)
[0.917s] -- Found visualization_msgs: 4.9.1 (/opt/ros/humble/share/visualization_msgs/cmake)
[1.002s] -- Found nav2_util: 1.1.20 (/opt/ros/humble/share/nav2_util/cmake)
[1.173s] -- Found eigen3_cmake_module: 0.1.1 (/opt/ros/humble/share/eigen3_cmake_module/cmake)
[1.176s] -- Ensuring Eigen3 include directory is part of orocos-kdl CMake target
[1.222s] -- Found nav2_costmap_2d: 1.1.20 (/home/xu/automatic-navigation/install/nav2_costmap_2d/share/nav2_costmap_2d/cmake)
[1.342s] -- Found nav2_core: 1.1.20 (/opt/ros/humble/share/nav2_core/cmake)
[1.365s] -- Found dynamicvoronoi: 0.0.0 (/home/xu/automatic-navigation/install/dynamicvoronoi/share/dynamicvoronoi/cmake)
[1.798s] -- Found ament_lint_auto: 0.12.15 (/opt/ros/humble/share/ament_lint_auto/cmake)
[1.941s] -- Added test 'cppcheck' to perform static code analysis on C / C++ code
[1.943s] -- Configured cppcheck include dirs: /home/xu/automatic-navigation/src/nav2_voronoi_planner/include;/home/xu/automatic-navigation/src/nav2_voronoi_planner/include/nav2_voronoi_planner;$<BUILD_INTERFACE:/home/xu/automatic-navigation/src/nav2_voronoi_planner/include>
[1.943s] -- Configured cppcheck exclude dirs and/or files: 
[1.944s] -- Added test 'lint_cmake' to check CMake code style
[1.949s] -- Added test 'uncrustify' to check C / C++ code style
[1.949s] -- Configured uncrustify additional arguments: 
[1.955s] -- Added test 'xmllint' to check XML markup files
[1.955s] -- Configuring done
[2.178s] -- Generating done
[2.204s] -- Build files have been written to: /home/xu/automatic-navigation/build/nav2_voronoi_planner
[2.306s] [ 10%] [32mBuilding CXX object CMakeFiles/voronoi_node.dir/src/voronoi_node.cpp.o[0m
[7.333s] [35m[1mConsolidate compiler generated dependencies of target nav2_voronoi_planner[0m
[7.395s] [ 50%] Built target nav2_voronoi_planner
[7.432s] [35m[1mConsolidate compiler generated dependencies of target voronoi_planner_tf_broadcaster[0m
[7.484s] [ 70%] Built target voronoi_planner_tf_broadcaster
[7.512s] [ 80%] [32mBuilding CXX object CMakeFiles/voronoi_node.dir/src/voronoi.cpp.o[0m
[9.379s] [ 90%] [32mBuilding CXX object CMakeFiles/voronoi_node.dir/src/heap.cpp.o[0m
[31.496s] [100%] [32m[1mLinking CXX executable voronoi_node[0m
[32.914s] [100%] Built target voronoi_node
[32.941s] Invoked command in '/home/xu/automatic-navigation/build/nav2_voronoi_planner' returned '0': AMENT_PREFIX_PATH=/home/xu/automatic-navigation/install/nav2_costmap_2d:/home/xu/automatic-navigation/install/dynamicvoronoi:${AMENT_PREFIX_PATH} CMAKE_PREFIX_PATH=/home/xu/automatic-navigation/install/nav2_costmap_2d:/home/xu/automatic-navigation/install/dynamicvoronoi:/home/xu/automatic-navigation/install/nav_slam:/home/xu/automatic-navigation/install/gazebo_modele:/opt/ros/humble LD_LIBRARY_PATH=/home/xu/automatic-navigation/install/nav2_costmap_2d/lib:/home/xu/automatic-navigation/install/dynamicvoronoi/lib:${LD_LIBRARY_PATH} /usr/bin/cmake --build /home/xu/automatic-navigation/build/nav2_voronoi_planner -- -j2 -l2
[32.942s] Invoking command in '/home/xu/automatic-navigation/build/nav2_voronoi_planner': AMENT_PREFIX_PATH=/home/xu/automatic-navigation/install/nav2_costmap_2d:/home/xu/automatic-navigation/install/dynamicvoronoi:${AMENT_PREFIX_PATH} CMAKE_PREFIX_PATH=/home/xu/automatic-navigation/install/nav2_costmap_2d:/home/xu/automatic-navigation/install/dynamicvoronoi:/home/xu/automatic-navigation/install/nav_slam:/home/xu/automatic-navigation/install/gazebo_modele:/opt/ros/humble LD_LIBRARY_PATH=/home/xu/automatic-navigation/install/nav2_costmap_2d/lib:/home/xu/automatic-navigation/install/dynamicvoronoi/lib:${LD_LIBRARY_PATH} /usr/bin/cmake --install /home/xu/automatic-navigation/build/nav2_voronoi_planner
[32.958s] -- Install configuration: ""
[32.959s] -- Installing: /home/xu/automatic-navigation/install/nav2_voronoi_planner/lib/nav2_voronoi_planner/voronoi_node
[32.976s] -- Set runtime path of "/home/xu/automatic-navigation/install/nav2_voronoi_planner/lib/nav2_voronoi_planner/voronoi_node" to ""
[32.976s] -- Up-to-date: /home/xu/automatic-navigation/install/nav2_voronoi_planner/share/nav2_voronoi_planner/voronoi_planner_plugin.xml
[32.977s] -- Up-to-date: /home/xu/automatic-navigation/install/nav2_voronoi_planner/lib/libnav2_voronoi_planner.so
[32.979s] -- Up-to-date: /home/xu/automatic-navigation/install/nav2_voronoi_planner/lib/nav2_voronoi_planner/voronoi_planner_tf_broadcaster
[32.979s] -- Up-to-date: /home/xu/automatic-navigation/install/nav2_voronoi_planner/include/
[32.981s] -- Up-to-date: /home/xu/automatic-navigation/install/nav2_voronoi_planner/include//nav2_voronoi_planner
[32.981s] -- Up-to-date: /home/xu/automatic-navigation/install/nav2_voronoi_planner/include//nav2_voronoi_planner/node.hpp
[32.981s] -- Up-to-date: /home/xu/automatic-navigation/install/nav2_voronoi_planner/include//nav2_voronoi_planner/node2d.hpp
[32.981s] -- Up-to-date: /home/xu/automatic-navigation/install/nav2_voronoi_planner/include//nav2_voronoi_planner/heap.hpp
[32.981s] -- Up-to-date: /home/xu/automatic-navigation/install/nav2_voronoi_planner/include//nav2_voronoi_planner/voronoi.hpp
[32.981s] -- Up-to-date: /home/xu/automatic-navigation/install/nav2_voronoi_planner/include//nav2_voronoi_planner/util.hpp
[32.982s] -- Up-to-date: /home/xu/automatic-navigation/install/nav2_voronoi_planner/include//nav2_voronoi_planner/voronoi_planner.hpp
[32.983s] -- Up-to-date: /home/xu/automatic-navigation/install/nav2_voronoi_planner/include//nav2_voronoi_planner/constants.hpp
[32.983s] -- Up-to-date: /home/xu/automatic-navigation/install/nav2_voronoi_planner/share/nav2_voronoi_planner/voronoi_planner_plugin.xml
[32.983s] -- Up-to-date: /home/xu/automatic-navigation/install/nav2_voronoi_planner/share/nav2_voronoi_planner/environment/library_path.sh
[32.983s] -- Installing: /home/xu/automatic-navigation/install/nav2_voronoi_planner/share/nav2_voronoi_planner/environment/library_path.dsv
[32.983s] -- Up-to-date: /home/xu/automatic-navigation/install/nav2_voronoi_planner/share/ament_index/resource_index/package_run_dependencies/nav2_voronoi_planner
[32.983s] -- Up-to-date: /home/xu/automatic-navigation/install/nav2_voronoi_planner/share/ament_index/resource_index/parent_prefix_path/nav2_voronoi_planner
[32.983s] -- Up-to-date: /home/xu/automatic-navigation/install/nav2_voronoi_planner/share/nav2_voronoi_planner/environment/ament_prefix_path.sh
[32.983s] -- Installing: /home/xu/automatic-navigation/install/nav2_voronoi_planner/share/nav2_voronoi_planner/environment/ament_prefix_path.dsv
[32.983s] -- Up-to-date: /home/xu/automatic-navigation/install/nav2_voronoi_planner/share/nav2_voronoi_planner/environment/path.sh
[32.983s] -- Installing: /home/xu/automatic-navigation/install/nav2_voronoi_planner/share/nav2_voronoi_planner/environment/path.dsv
[32.984s] -- Up-to-date: /home/xu/automatic-navigation/install/nav2_voronoi_planner/share/nav2_voronoi_planner/local_setup.bash
[32.984s] -- Up-to-date: /home/xu/automatic-navigation/install/nav2_voronoi_planner/share/nav2_voronoi_planner/local_setup.sh
[32.984s] -- Up-to-date: /home/xu/automatic-navigation/install/nav2_voronoi_planner/share/nav2_voronoi_planner/local_setup.zsh
[32.984s] -- Installing: /home/xu/automatic-navigation/install/nav2_voronoi_planner/share/nav2_voronoi_planner/local_setup.dsv
[32.984s] -- Installing: /home/xu/automatic-navigation/install/nav2_voronoi_planner/share/nav2_voronoi_planner/package.dsv
[32.984s] -- Up-to-date: /home/xu/automatic-navigation/install/nav2_voronoi_planner/share/ament_index/resource_index/packages/nav2_voronoi_planner
[32.984s] -- Up-to-date: /home/xu/automatic-navigation/install/nav2_voronoi_planner/share/ament_index/resource_index/nav2_core__pluginlib__plugin/nav2_voronoi_planner
[32.984s] -- Up-to-date: /home/xu/automatic-navigation/install/nav2_voronoi_planner/share/nav2_voronoi_planner/cmake/ament_cmake_export_include_directories-extras.cmake
[32.984s] -- Up-to-date: /home/xu/automatic-navigation/install/nav2_voronoi_planner/share/nav2_voronoi_planner/cmake/ament_cmake_export_libraries-extras.cmake
[32.984s] -- Up-to-date: /home/xu/automatic-navigation/install/nav2_voronoi_planner/share/nav2_voronoi_planner/cmake/ament_cmake_export_dependencies-extras.cmake
[32.984s] -- Up-to-date: /home/xu/automatic-navigation/install/nav2_voronoi_planner/share/nav2_voronoi_planner/cmake/nav2_voronoi_plannerConfig.cmake
[32.984s] -- Up-to-date: /home/xu/automatic-navigation/install/nav2_voronoi_planner/share/nav2_voronoi_planner/cmake/nav2_voronoi_plannerConfig-version.cmake
[32.985s] -- Up-to-date: /home/xu/automatic-navigation/install/nav2_voronoi_planner/share/nav2_voronoi_planner/package.xml
[32.987s] Invoked command in '/home/xu/automatic-navigation/build/nav2_voronoi_planner' returned '0': AMENT_PREFIX_PATH=/home/xu/automatic-navigation/install/nav2_costmap_2d:/home/xu/automatic-navigation/install/dynamicvoronoi:${AMENT_PREFIX_PATH} CMAKE_PREFIX_PATH=/home/xu/automatic-navigation/install/nav2_costmap_2d:/home/xu/automatic-navigation/install/dynamicvoronoi:/home/xu/automatic-navigation/install/nav_slam:/home/xu/automatic-navigation/install/gazebo_modele:/opt/ros/humble LD_LIBRARY_PATH=/home/xu/automatic-navigation/install/nav2_costmap_2d/lib:/home/xu/automatic-navigation/install/dynamicvoronoi/lib:${LD_LIBRARY_PATH} /usr/bin/cmake --install /home/xu/automatic-navigation/build/nav2_voronoi_planner
