[0.035s] Invoking command in '/home/xu/automatic-navigation/build/nav2_costmap_2d': CMAKE_PREFIX_PATH=/home/xu/automatic-navigation/install/dynamicvoronoi:/home/xu/automatic-navigation/install/nav2_voronoi_planner:/home/xu/automatic-navigation/install/nav2_costmap_2d:/home/xu/automatic-navigation/install/nav_slam:/home/xu/automatic-navigation/install/gazebo_modele:/opt/ros/humble LD_LIBRARY_PATH=/home/xu/automatic-navigation/install/dynamicvoronoi/lib:/home/xu/automatic-navigation/install/nav2_voronoi_planner/lib:/home/xu/automatic-navigation/install/nav2_costmap_2d/lib:/usr/lib/x86_64-linux-gnu/gazebo-11/plugins:/opt/ros/humble/opt/rviz_ogre_vendor/lib:/opt/ros/humble/lib/x86_64-linux-gnu:/opt/ros/humble/lib /usr/bin/cmake --build /home/xu/automatic-navigation/build/nav2_costmap_2d -- -j2 -l2
[0.223s] [ 16%] Built target nav2_costmap_2d_core
[0.283s] [ 19%] Built target gtest_main
[0.342s] [ 21%] Built target gtest
[0.412s] [ 24%] Built target order_layer
[0.507s] [ 34%] Built target layers
[0.589s] [ 39%] Built target filters
[0.665s] [ 44%] Built target nav2_costmap_2d_client
[0.731s] [ 46%] Built target nav2_costmap_2d_markers
[0.801s] [ 49%] Built target nav2_costmap_2d_cloud
[0.885s] [ 51%] Built target nav2_costmap_2d
[0.946s] [ 54%] Built target array_parser_test
[1.016s] [ 56%] Built target collision_footprint_test
[1.089s] [ 59%] Built target costmap_convesion_test
[1.172s] [ 61%] Built target declare_parameter_test
[1.253s] [ 63%] Built target costmap_filter_test
[1.343s] [ 66%] Built target keepout_filter_test
[1.455s] [ 68%] Built target speed_filter_test
[1.539s] [ 71%] Built target binary_filter_test
[1.608s] [ 73%] Built target copy_window_test
[1.674s] [ 75%] Built target costmap_filter_service_test
[1.749s] [ 80%] Built target denoise_layer_test
[1.816s] [ 83%] Built target footprint_tests_exec
[1.887s] [ 85%] Built target test_collision_checker_exec
[1.987s] [ 87%] Built target inflation_tests_exec
[2.078s] [ 90%] Built target obstacle_tests_exec
[2.158s] [ 92%] Built target range_tests_exec
[2.225s] [ 95%] Built target dyn_params_tests
[2.291s] [ 97%] Built target costmap_bresenham_2d
[2.373s] [100%] Built target plugin_api_order
[2.401s] Invoked command in '/home/xu/automatic-navigation/build/nav2_costmap_2d' returned '0': CMAKE_PREFIX_PATH=/home/xu/automatic-navigation/install/dynamicvoronoi:/home/xu/automatic-navigation/install/nav2_voronoi_planner:/home/xu/automatic-navigation/install/nav2_costmap_2d:/home/xu/automatic-navigation/install/nav_slam:/home/xu/automatic-navigation/install/gazebo_modele:/opt/ros/humble LD_LIBRARY_PATH=/home/xu/automatic-navigation/install/dynamicvoronoi/lib:/home/xu/automatic-navigation/install/nav2_voronoi_planner/lib:/home/xu/automatic-navigation/install/nav2_costmap_2d/lib:/usr/lib/x86_64-linux-gnu/gazebo-11/plugins:/opt/ros/humble/opt/rviz_ogre_vendor/lib:/opt/ros/humble/lib/x86_64-linux-gnu:/opt/ros/humble/lib /usr/bin/cmake --build /home/xu/automatic-navigation/build/nav2_costmap_2d -- -j2 -l2
[2.402s] Invoking command in '/home/xu/automatic-navigation/build/nav2_costmap_2d': CMAKE_PREFIX_PATH=/home/xu/automatic-navigation/install/dynamicvoronoi:/home/xu/automatic-navigation/install/nav2_voronoi_planner:/home/xu/automatic-navigation/install/nav2_costmap_2d:/home/xu/automatic-navigation/install/nav_slam:/home/xu/automatic-navigation/install/gazebo_modele:/opt/ros/humble LD_LIBRARY_PATH=/home/xu/automatic-navigation/install/dynamicvoronoi/lib:/home/xu/automatic-navigation/install/nav2_voronoi_planner/lib:/home/xu/automatic-navigation/install/nav2_costmap_2d/lib:/usr/lib/x86_64-linux-gnu/gazebo-11/plugins:/opt/ros/humble/opt/rviz_ogre_vendor/lib:/opt/ros/humble/lib/x86_64-linux-gnu:/opt/ros/humble/lib /usr/bin/cmake --install /home/xu/automatic-navigation/build/nav2_costmap_2d
[2.422s] -- Install configuration: "Release"
[2.424s] -- Up-to-date: /home/xu/automatic-navigation/install/nav2_costmap_2d/lib/liblayers.so
[2.425s] -- Up-to-date: /home/xu/automatic-navigation/install/nav2_costmap_2d/lib/libfilters.so
[2.429s] -- Up-to-date: /home/xu/automatic-navigation/install/nav2_costmap_2d/lib/libnav2_costmap_2d_core.so
[2.429s] -- Up-to-date: /home/xu/automatic-navigation/install/nav2_costmap_2d/lib/libnav2_costmap_2d_client.so
[2.430s] -- Up-to-date: /home/xu/automatic-navigation/install/nav2_costmap_2d/lib/nav2_costmap_2d/nav2_costmap_2d_markers
[2.433s] -- Up-to-date: /home/xu/automatic-navigation/install/nav2_costmap_2d/lib/nav2_costmap_2d/nav2_costmap_2d_cloud
[2.433s] -- Up-to-date: /home/xu/automatic-navigation/install/nav2_costmap_2d/lib/nav2_costmap_2d/nav2_costmap_2d
[2.434s] -- Up-to-date: /home/xu/automatic-navigation/install/nav2_costmap_2d/share/nav2_costmap_2d/costmap_plugins.xml
[2.435s] -- Up-to-date: /home/xu/automatic-navigation/install/nav2_costmap_2d/include/nav2_costmap_2d
[2.436s] -- Up-to-date: /home/xu/automatic-navigation/install/nav2_costmap_2d/include/nav2_costmap_2d/nav2_costmap_2d
[2.437s] -- Up-to-date: /home/xu/automatic-navigation/install/nav2_costmap_2d/include/nav2_costmap_2d/nav2_costmap_2d/clear_costmap_service.hpp
[2.438s] -- Up-to-date: /home/xu/automatic-navigation/install/nav2_costmap_2d/include/nav2_costmap_2d/nav2_costmap_2d/range_sensor_layer.hpp
[2.439s] -- Up-to-date: /home/xu/automatic-navigation/install/nav2_costmap_2d/include/nav2_costmap_2d/nav2_costmap_2d/denoise
[2.440s] -- Up-to-date: /home/xu/automatic-navigation/install/nav2_costmap_2d/include/nav2_costmap_2d/nav2_costmap_2d/denoise/image.hpp
[2.441s] -- Up-to-date: /home/xu/automatic-navigation/install/nav2_costmap_2d/include/nav2_costmap_2d/nav2_costmap_2d/denoise/image_processing.hpp
[2.442s] -- Up-to-date: /home/xu/automatic-navigation/install/nav2_costmap_2d/include/nav2_costmap_2d/nav2_costmap_2d/costmap_topic_collision_checker.hpp
[2.443s] -- Up-to-date: /home/xu/automatic-navigation/install/nav2_costmap_2d/include/nav2_costmap_2d/nav2_costmap_2d/footprint_collision_checker.hpp
[2.444s] -- Up-to-date: /home/xu/automatic-navigation/install/nav2_costmap_2d/include/nav2_costmap_2d/nav2_costmap_2d/inflation_layer.hpp
[2.445s] -- Up-to-date: /home/xu/automatic-navigation/install/nav2_costmap_2d/include/nav2_costmap_2d/nav2_costmap_2d/observation_buffer.hpp
[2.446s] -- Up-to-date: /home/xu/automatic-navigation/install/nav2_costmap_2d/include/nav2_costmap_2d/nav2_costmap_2d/array_parser.hpp
[2.446s] -- Up-to-date: /home/xu/automatic-navigation/install/nav2_costmap_2d/include/nav2_costmap_2d/nav2_costmap_2d/costmap_subscriber.hpp
[2.446s] -- Up-to-date: /home/xu/automatic-navigation/install/nav2_costmap_2d/include/nav2_costmap_2d/nav2_costmap_2d/costmap_math.hpp
[2.447s] -- Up-to-date: /home/xu/automatic-navigation/install/nav2_costmap_2d/include/nav2_costmap_2d/nav2_costmap_2d/voronoi_layer.hpp
[2.447s] -- Up-to-date: /home/xu/automatic-navigation/install/nav2_costmap_2d/include/nav2_costmap_2d/nav2_costmap_2d/layer.hpp
[2.449s] -- Up-to-date: /home/xu/automatic-navigation/install/nav2_costmap_2d/include/nav2_costmap_2d/nav2_costmap_2d/obstacle_layer.hpp
[2.449s] -- Up-to-date: /home/xu/automatic-navigation/install/nav2_costmap_2d/include/nav2_costmap_2d/nav2_costmap_2d/observation.hpp
[2.450s] -- Up-to-date: /home/xu/automatic-navigation/install/nav2_costmap_2d/include/nav2_costmap_2d/nav2_costmap_2d/footprint.hpp
[2.450s] -- Up-to-date: /home/xu/automatic-navigation/install/nav2_costmap_2d/include/nav2_costmap_2d/nav2_costmap_2d/voxel_layer.hpp
[2.450s] -- Up-to-date: /home/xu/automatic-navigation/install/nav2_costmap_2d/include/nav2_costmap_2d/nav2_costmap_2d/static_layer.hpp
[2.450s] -- Up-to-date: /home/xu/automatic-navigation/install/nav2_costmap_2d/include/nav2_costmap_2d/nav2_costmap_2d/cost_values.hpp
[2.450s] -- Up-to-date: /home/xu/automatic-navigation/install/nav2_costmap_2d/include/nav2_costmap_2d/nav2_costmap_2d/costmap_2d_publisher.hpp
[2.450s] -- Up-to-date: /home/xu/automatic-navigation/install/nav2_costmap_2d/include/nav2_costmap_2d/nav2_costmap_2d/denoise_layer.hpp
[2.455s] -- Up-to-date: /home/xu/automatic-navigation/install/nav2_costmap_2d/include/nav2_costmap_2d/nav2_costmap_2d/layered_costmap.hpp
[2.455s] -- Up-to-date: /home/xu/automatic-navigation/install/nav2_costmap_2d/include/nav2_costmap_2d/nav2_costmap_2d/costmap_2d_ros.hpp
[2.456s] -- Up-to-date: /home/xu/automatic-navigation/install/nav2_costmap_2d/include/nav2_costmap_2d/nav2_costmap_2d/exceptions.hpp
[2.456s] -- Up-to-date: /home/xu/automatic-navigation/install/nav2_costmap_2d/include/nav2_costmap_2d/nav2_costmap_2d/footprint_subscriber.hpp
[2.456s] -- Up-to-date: /home/xu/automatic-navigation/install/nav2_costmap_2d/include/nav2_costmap_2d/nav2_costmap_2d/costmap_layer.hpp
[2.456s] -- Up-to-date: /home/xu/automatic-navigation/install/nav2_costmap_2d/include/nav2_costmap_2d/nav2_costmap_2d/costmap_filters
[2.456s] -- Up-to-date: /home/xu/automatic-navigation/install/nav2_costmap_2d/include/nav2_costmap_2d/nav2_costmap_2d/costmap_filters/speed_filter.hpp
[2.458s] -- Up-to-date: /home/xu/automatic-navigation/install/nav2_costmap_2d/include/nav2_costmap_2d/nav2_costmap_2d/costmap_filters/costmap_filter.hpp
[2.458s] -- Up-to-date: /home/xu/automatic-navigation/install/nav2_costmap_2d/include/nav2_costmap_2d/nav2_costmap_2d/costmap_filters/filter_values.hpp
[2.458s] -- Up-to-date: /home/xu/automatic-navigation/install/nav2_costmap_2d/include/nav2_costmap_2d/nav2_costmap_2d/costmap_filters/binary_filter.hpp
[2.458s] -- Up-to-date: /home/xu/automatic-navigation/install/nav2_costmap_2d/include/nav2_costmap_2d/nav2_costmap_2d/costmap_filters/keepout_filter.hpp
[2.459s] -- Up-to-date: /home/xu/automatic-navigation/install/nav2_costmap_2d/include/nav2_costmap_2d/nav2_costmap_2d/costmap_2d.hpp
[2.459s] -- Up-to-date: /home/xu/automatic-navigation/install/nav2_costmap_2d/share/nav2_costmap_2d/test/regression/order_layer.xml
[2.459s] -- Up-to-date: /home/xu/automatic-navigation/install/nav2_costmap_2d/share/nav2_costmap_2d/environment/library_path.sh
[2.459s] -- Up-to-date: /home/xu/automatic-navigation/install/nav2_costmap_2d/share/nav2_costmap_2d/environment/library_path.dsv
[2.459s] -- Up-to-date: /home/xu/automatic-navigation/install/nav2_costmap_2d/share/nav2_costmap_2d/costmap_plugins.xml
[2.467s] -- Up-to-date: /home/xu/automatic-navigation/install/nav2_costmap_2d/share/ament_index/resource_index/package_run_dependencies/nav2_costmap_2d
[2.467s] -- Up-to-date: /home/xu/automatic-navigation/install/nav2_costmap_2d/share/ament_index/resource_index/parent_prefix_path/nav2_costmap_2d
[2.468s] -- Up-to-date: /home/xu/automatic-navigation/install/nav2_costmap_2d/share/nav2_costmap_2d/environment/ament_prefix_path.sh
[2.468s] -- Up-to-date: /home/xu/automatic-navigation/install/nav2_costmap_2d/share/nav2_costmap_2d/environment/ament_prefix_path.dsv
[2.468s] -- Up-to-date: /home/xu/automatic-navigation/install/nav2_costmap_2d/share/nav2_costmap_2d/environment/path.sh
[2.468s] -- Up-to-date: /home/xu/automatic-navigation/install/nav2_costmap_2d/share/nav2_costmap_2d/environment/path.dsv
[2.468s] -- Up-to-date: /home/xu/automatic-navigation/install/nav2_costmap_2d/share/nav2_costmap_2d/local_setup.bash
[2.468s] -- Up-to-date: /home/xu/automatic-navigation/install/nav2_costmap_2d/share/nav2_costmap_2d/local_setup.sh
[2.468s] -- Up-to-date: /home/xu/automatic-navigation/install/nav2_costmap_2d/share/nav2_costmap_2d/local_setup.zsh
[2.468s] -- Up-to-date: /home/xu/automatic-navigation/install/nav2_costmap_2d/share/nav2_costmap_2d/local_setup.dsv
[2.468s] -- Installing: /home/xu/automatic-navigation/install/nav2_costmap_2d/share/nav2_costmap_2d/package.dsv
[2.468s] -- Up-to-date: /home/xu/automatic-navigation/install/nav2_costmap_2d/share/ament_index/resource_index/packages/nav2_costmap_2d
[2.469s] -- Up-to-date: /home/xu/automatic-navigation/install/nav2_costmap_2d/share/ament_index/resource_index/nav2_costmap_2d__pluginlib__plugin/nav2_costmap_2d
[2.469s] -- Up-to-date: /home/xu/automatic-navigation/install/nav2_costmap_2d/share/nav2_costmap_2d/cmake/export_nav2_costmap_2dExport.cmake
[2.469s] -- Up-to-date: /home/xu/automatic-navigation/install/nav2_costmap_2d/share/nav2_costmap_2d/cmake/export_nav2_costmap_2dExport-release.cmake
[2.469s] -- Up-to-date: /home/xu/automatic-navigation/install/nav2_costmap_2d/share/nav2_costmap_2d/cmake/ament_cmake_export_targets-extras.cmake
[2.469s] -- Up-to-date: /home/xu/automatic-navigation/install/nav2_costmap_2d/share/nav2_costmap_2d/cmake/ament_cmake_export_dependencies-extras.cmake
[2.469s] -- Up-to-date: /home/xu/automatic-navigation/install/nav2_costmap_2d/share/nav2_costmap_2d/cmake/nav2_costmap_2dConfig.cmake
[2.477s] -- Up-to-date: /home/xu/automatic-navigation/install/nav2_costmap_2d/share/nav2_costmap_2d/cmake/nav2_costmap_2dConfig-version.cmake
[2.477s] -- Up-to-date: /home/xu/automatic-navigation/install/nav2_costmap_2d/share/nav2_costmap_2d/package.xml
[2.477s] -- Up-to-date: /home/xu/automatic-navigation/install/nav2_costmap_2d/lib/liborder_layer.so
[2.478s] Invoked command in '/home/xu/automatic-navigation/build/nav2_costmap_2d' returned '0': CMAKE_PREFIX_PATH=/home/xu/automatic-navigation/install/dynamicvoronoi:/home/xu/automatic-navigation/install/nav2_voronoi_planner:/home/xu/automatic-navigation/install/nav2_costmap_2d:/home/xu/automatic-navigation/install/nav_slam:/home/xu/automatic-navigation/install/gazebo_modele:/opt/ros/humble LD_LIBRARY_PATH=/home/xu/automatic-navigation/install/dynamicvoronoi/lib:/home/xu/automatic-navigation/install/nav2_voronoi_planner/lib:/home/xu/automatic-navigation/install/nav2_costmap_2d/lib:/usr/lib/x86_64-linux-gnu/gazebo-11/plugins:/opt/ros/humble/opt/rviz_ogre_vendor/lib:/opt/ros/humble/lib/x86_64-linux-gnu:/opt/ros/humble/lib /usr/bin/cmake --install /home/xu/automatic-navigation/build/nav2_costmap_2d
