[0.024s] Invoking command in '/home/xu/automatic-navigation/build/nav2_costmap_2d': AMENT_PREFIX_PATH=/home/xu/automatic-navigation/install/dynamicvoronoi:${AMENT_PREFIX_PATH} CMAKE_PREFIX_PATH=/home/xu/automatic-navigation/install/dynamicvoronoi:/home/xu/automatic-navigation/install/nav_slam:/home/xu/automatic-navigation/install/gazebo_modele:/opt/ros/humble LD_LIBRARY_PATH=/home/xu/automatic-navigation/install/dynamicvoronoi/lib:${LD_LIBRARY_PATH} /usr/bin/cmake --build /home/xu/automatic-navigation/build/nav2_costmap_2d -- -j2 -l2
[0.143s] [35m[1mConsolidate compiler generated dependencies of target nav2_costmap_2d_core[0m
[0.233s] [ 16%] Built target nav2_costmap_2d_core
[0.258s] [35m[1mConsolidate compiler generated dependencies of target gtest_main[0m
[0.288s] [ 19%] Built target gtest_main
[0.319s] [35m[1mConsolidate compiler generated dependencies of target gtest[0m
[0.360s] [ 21%] Built target gtest
[0.388s] [35m[1mConsolidate compiler generated dependencies of target order_layer[0m
[0.431s] [ 24%] Built target order_layer
[0.468s] [35m[1mConsolidate compiler generated dependencies of target layers[0m
[0.552s] [ 34%] Built target layers
[0.582s] [35m[1mConsolidate compiler generated dependencies of target filters[0m
[0.646s] [ 39%] Built target filters
[0.690s] [35m[1mConsolidate compiler generated dependencies of target nav2_costmap_2d_client[0m
[0.744s] [ 44%] Built target nav2_costmap_2d_client
[0.773s] [35m[1mConsolidate compiler generated dependencies of target nav2_costmap_2d_markers[0m
[0.822s] [ 46%] Built target nav2_costmap_2d_markers
[0.869s] [35m[1mConsolidate compiler generated dependencies of target nav2_costmap_2d_cloud[0m
[0.924s] [ 49%] Built target nav2_costmap_2d_cloud
[0.957s] [35m[1mConsolidate compiler generated dependencies of target nav2_costmap_2d[0m
[1.014s] [ 51%] Built target nav2_costmap_2d
[1.044s] [35m[1mConsolidate compiler generated dependencies of target array_parser_test[0m
[1.083s] [ 54%] Built target array_parser_test
[1.128s] [35m[1mConsolidate compiler generated dependencies of target collision_footprint_test[0m
[1.175s] [ 56%] Built target collision_footprint_test
[1.198s] [35m[1mConsolidate compiler generated dependencies of target costmap_convesion_test[0m
[1.240s] [ 59%] Built target costmap_convesion_test
[1.265s] [35m[1mConsolidate compiler generated dependencies of target declare_parameter_test[0m
[1.320s] [ 61%] Built target declare_parameter_test
[1.369s] [35m[1mConsolidate compiler generated dependencies of target costmap_filter_test[0m
[1.430s] [ 63%] Built target costmap_filter_test
[1.464s] [35m[1mConsolidate compiler generated dependencies of target keepout_filter_test[0m
[1.513s] [ 66%] Built target keepout_filter_test
[1.542s] [35m[1mConsolidate compiler generated dependencies of target speed_filter_test[0m
[1.582s] [ 68%] Built target speed_filter_test
[1.618s] [35m[1mConsolidate compiler generated dependencies of target binary_filter_test[0m
[1.671s] [ 71%] Built target binary_filter_test
[1.707s] [35m[1mConsolidate compiler generated dependencies of target copy_window_test[0m
[1.746s] [ 73%] Built target copy_window_test
[1.771s] [35m[1mConsolidate compiler generated dependencies of target costmap_filter_service_test[0m
[1.814s] [ 75%] Built target costmap_filter_service_test
[1.843s] [35m[1mConsolidate compiler generated dependencies of target denoise_layer_test[0m
[1.912s] [ 80%] Built target denoise_layer_test
[1.945s] [35m[1mConsolidate compiler generated dependencies of target footprint_tests_exec[0m
[2.002s] [ 83%] Built target footprint_tests_exec
[2.035s] [35m[1mConsolidate compiler generated dependencies of target test_collision_checker_exec[0m
[2.119s] [ 85%] Built target test_collision_checker_exec
[2.170s] [35m[1mConsolidate compiler generated dependencies of target inflation_tests_exec[0m
[2.237s] [ 87%] Built target inflation_tests_exec
[2.264s] [35m[1mConsolidate compiler generated dependencies of target obstacle_tests_exec[0m
[2.333s] [ 90%] Built target obstacle_tests_exec
[2.369s] [35m[1mConsolidate compiler generated dependencies of target range_tests_exec[0m
[2.435s] [ 92%] Built target range_tests_exec
[2.462s] [35m[1mConsolidate compiler generated dependencies of target dyn_params_tests[0m
[2.533s] [ 95%] Built target dyn_params_tests
[2.560s] [35m[1mConsolidate compiler generated dependencies of target costmap_bresenham_2d[0m
[2.597s] [ 97%] Built target costmap_bresenham_2d
[2.644s] [35m[1mConsolidate compiler generated dependencies of target plugin_api_order[0m
[2.709s] [100%] Built target plugin_api_order
[2.757s] Invoked command in '/home/xu/automatic-navigation/build/nav2_costmap_2d' returned '0': AMENT_PREFIX_PATH=/home/xu/automatic-navigation/install/dynamicvoronoi:${AMENT_PREFIX_PATH} CMAKE_PREFIX_PATH=/home/xu/automatic-navigation/install/dynamicvoronoi:/home/xu/automatic-navigation/install/nav_slam:/home/xu/automatic-navigation/install/gazebo_modele:/opt/ros/humble LD_LIBRARY_PATH=/home/xu/automatic-navigation/install/dynamicvoronoi/lib:${LD_LIBRARY_PATH} /usr/bin/cmake --build /home/xu/automatic-navigation/build/nav2_costmap_2d -- -j2 -l2
[2.763s] Invoking command in '/home/xu/automatic-navigation/build/nav2_costmap_2d': AMENT_PREFIX_PATH=/home/xu/automatic-navigation/install/dynamicvoronoi:${AMENT_PREFIX_PATH} CMAKE_PREFIX_PATH=/home/xu/automatic-navigation/install/dynamicvoronoi:/home/xu/automatic-navigation/install/nav_slam:/home/xu/automatic-navigation/install/gazebo_modele:/opt/ros/humble LD_LIBRARY_PATH=/home/xu/automatic-navigation/install/dynamicvoronoi/lib:${LD_LIBRARY_PATH} /usr/bin/cmake --install /home/xu/automatic-navigation/build/nav2_costmap_2d
[2.785s] -- Install configuration: "Release"
[2.787s] -- Up-to-date: /home/xu/automatic-navigation/install/nav2_costmap_2d/lib/liblayers.so
[2.788s] -- Up-to-date: /home/xu/automatic-navigation/install/nav2_costmap_2d/lib/libfilters.so
[2.791s] -- Up-to-date: /home/xu/automatic-navigation/install/nav2_costmap_2d/lib/libnav2_costmap_2d_core.so
[2.792s] -- Up-to-date: /home/xu/automatic-navigation/install/nav2_costmap_2d/lib/libnav2_costmap_2d_client.so
[2.792s] -- Up-to-date: /home/xu/automatic-navigation/install/nav2_costmap_2d/lib/nav2_costmap_2d/nav2_costmap_2d_markers
[2.795s] -- Up-to-date: /home/xu/automatic-navigation/install/nav2_costmap_2d/lib/nav2_costmap_2d/nav2_costmap_2d_cloud
[2.796s] -- Up-to-date: /home/xu/automatic-navigation/install/nav2_costmap_2d/lib/nav2_costmap_2d/nav2_costmap_2d
[2.797s] -- Up-to-date: /home/xu/automatic-navigation/install/nav2_costmap_2d/share/nav2_costmap_2d/costmap_plugins.xml
[2.798s] -- Up-to-date: /home/xu/automatic-navigation/install/nav2_costmap_2d/include/nav2_costmap_2d
[2.799s] -- Up-to-date: /home/xu/automatic-navigation/install/nav2_costmap_2d/include/nav2_costmap_2d/nav2_costmap_2d
[2.800s] -- Up-to-date: /home/xu/automatic-navigation/install/nav2_costmap_2d/include/nav2_costmap_2d/nav2_costmap_2d/clear_costmap_service.hpp
[2.800s] -- Up-to-date: /home/xu/automatic-navigation/install/nav2_costmap_2d/include/nav2_costmap_2d/nav2_costmap_2d/range_sensor_layer.hpp
[2.802s] -- Up-to-date: /home/xu/automatic-navigation/install/nav2_costmap_2d/include/nav2_costmap_2d/nav2_costmap_2d/denoise
[2.802s] -- Up-to-date: /home/xu/automatic-navigation/install/nav2_costmap_2d/include/nav2_costmap_2d/nav2_costmap_2d/denoise/image.hpp
[2.802s] -- Up-to-date: /home/xu/automatic-navigation/install/nav2_costmap_2d/include/nav2_costmap_2d/nav2_costmap_2d/denoise/image_processing.hpp
[2.802s] -- Up-to-date: /home/xu/automatic-navigation/install/nav2_costmap_2d/include/nav2_costmap_2d/nav2_costmap_2d/costmap_topic_collision_checker.hpp
[2.804s] -- Up-to-date: /home/xu/automatic-navigation/install/nav2_costmap_2d/include/nav2_costmap_2d/nav2_costmap_2d/footprint_collision_checker.hpp
[2.804s] -- Up-to-date: /home/xu/automatic-navigation/install/nav2_costmap_2d/include/nav2_costmap_2d/nav2_costmap_2d/inflation_layer.hpp
[2.804s] -- Up-to-date: /home/xu/automatic-navigation/install/nav2_costmap_2d/include/nav2_costmap_2d/nav2_costmap_2d/observation_buffer.hpp
[2.804s] -- Up-to-date: /home/xu/automatic-navigation/install/nav2_costmap_2d/include/nav2_costmap_2d/nav2_costmap_2d/array_parser.hpp
[2.804s] -- Up-to-date: /home/xu/automatic-navigation/install/nav2_costmap_2d/include/nav2_costmap_2d/nav2_costmap_2d/costmap_subscriber.hpp
[2.804s] -- Up-to-date: /home/xu/automatic-navigation/install/nav2_costmap_2d/include/nav2_costmap_2d/nav2_costmap_2d/costmap_math.hpp
[2.804s] -- Up-to-date: /home/xu/automatic-navigation/install/nav2_costmap_2d/include/nav2_costmap_2d/nav2_costmap_2d/voronoi_layer.hpp
[2.804s] -- Up-to-date: /home/xu/automatic-navigation/install/nav2_costmap_2d/include/nav2_costmap_2d/nav2_costmap_2d/layer.hpp
[2.807s] -- Up-to-date: /home/xu/automatic-navigation/install/nav2_costmap_2d/include/nav2_costmap_2d/nav2_costmap_2d/obstacle_layer.hpp
[2.807s] -- Up-to-date: /home/xu/automatic-navigation/install/nav2_costmap_2d/include/nav2_costmap_2d/nav2_costmap_2d/observation.hpp
[2.807s] -- Up-to-date: /home/xu/automatic-navigation/install/nav2_costmap_2d/include/nav2_costmap_2d/nav2_costmap_2d/footprint.hpp
[2.807s] -- Up-to-date: /home/xu/automatic-navigation/install/nav2_costmap_2d/include/nav2_costmap_2d/nav2_costmap_2d/voxel_layer.hpp
[2.807s] -- Up-to-date: /home/xu/automatic-navigation/install/nav2_costmap_2d/include/nav2_costmap_2d/nav2_costmap_2d/static_layer.hpp
[2.808s] -- Up-to-date: /home/xu/automatic-navigation/install/nav2_costmap_2d/include/nav2_costmap_2d/nav2_costmap_2d/cost_values.hpp
[2.808s] -- Up-to-date: /home/xu/automatic-navigation/install/nav2_costmap_2d/include/nav2_costmap_2d/nav2_costmap_2d/costmap_2d_publisher.hpp
[2.808s] -- Up-to-date: /home/xu/automatic-navigation/install/nav2_costmap_2d/include/nav2_costmap_2d/nav2_costmap_2d/denoise_layer.hpp
[2.808s] -- Up-to-date: /home/xu/automatic-navigation/install/nav2_costmap_2d/include/nav2_costmap_2d/nav2_costmap_2d/layered_costmap.hpp
[2.808s] -- Up-to-date: /home/xu/automatic-navigation/install/nav2_costmap_2d/include/nav2_costmap_2d/nav2_costmap_2d/costmap_2d_ros.hpp
[2.814s] -- Up-to-date: /home/xu/automatic-navigation/install/nav2_costmap_2d/include/nav2_costmap_2d/nav2_costmap_2d/exceptions.hpp
[2.814s] -- Up-to-date: /home/xu/automatic-navigation/install/nav2_costmap_2d/include/nav2_costmap_2d/nav2_costmap_2d/footprint_subscriber.hpp
[2.814s] -- Up-to-date: /home/xu/automatic-navigation/install/nav2_costmap_2d/include/nav2_costmap_2d/nav2_costmap_2d/costmap_layer.hpp
[2.815s] -- Up-to-date: /home/xu/automatic-navigation/install/nav2_costmap_2d/include/nav2_costmap_2d/nav2_costmap_2d/costmap_filters
[2.816s] -- Up-to-date: /home/xu/automatic-navigation/install/nav2_costmap_2d/include/nav2_costmap_2d/nav2_costmap_2d/costmap_filters/speed_filter.hpp
[2.816s] -- Up-to-date: /home/xu/automatic-navigation/install/nav2_costmap_2d/include/nav2_costmap_2d/nav2_costmap_2d/costmap_filters/costmap_filter.hpp
[2.816s] -- Up-to-date: /home/xu/automatic-navigation/install/nav2_costmap_2d/include/nav2_costmap_2d/nav2_costmap_2d/costmap_filters/filter_values.hpp
[2.817s] -- Up-to-date: /home/xu/automatic-navigation/install/nav2_costmap_2d/include/nav2_costmap_2d/nav2_costmap_2d/costmap_filters/binary_filter.hpp
[2.817s] -- Up-to-date: /home/xu/automatic-navigation/install/nav2_costmap_2d/include/nav2_costmap_2d/nav2_costmap_2d/costmap_filters/keepout_filter.hpp
[2.817s] -- Up-to-date: /home/xu/automatic-navigation/install/nav2_costmap_2d/include/nav2_costmap_2d/nav2_costmap_2d/costmap_2d.hpp
[2.817s] -- Up-to-date: /home/xu/automatic-navigation/install/nav2_costmap_2d/share/nav2_costmap_2d/test/regression/order_layer.xml
[2.817s] -- Up-to-date: /home/xu/automatic-navigation/install/nav2_costmap_2d/share/nav2_costmap_2d/environment/library_path.sh
[2.823s] -- Up-to-date: /home/xu/automatic-navigation/install/nav2_costmap_2d/share/nav2_costmap_2d/environment/library_path.dsv
[2.823s] -- Up-to-date: /home/xu/automatic-navigation/install/nav2_costmap_2d/share/nav2_costmap_2d/costmap_plugins.xml
[2.823s] -- Up-to-date: /home/xu/automatic-navigation/install/nav2_costmap_2d/share/ament_index/resource_index/package_run_dependencies/nav2_costmap_2d
[2.823s] -- Up-to-date: /home/xu/automatic-navigation/install/nav2_costmap_2d/share/ament_index/resource_index/parent_prefix_path/nav2_costmap_2d
[2.823s] -- Up-to-date: /home/xu/automatic-navigation/install/nav2_costmap_2d/share/nav2_costmap_2d/environment/ament_prefix_path.sh
[2.824s] -- Up-to-date: /home/xu/automatic-navigation/install/nav2_costmap_2d/share/nav2_costmap_2d/environment/ament_prefix_path.dsv
[2.824s] -- Up-to-date: /home/xu/automatic-navigation/install/nav2_costmap_2d/share/nav2_costmap_2d/environment/path.sh
[2.824s] -- Up-to-date: /home/xu/automatic-navigation/install/nav2_costmap_2d/share/nav2_costmap_2d/environment/path.dsv
[2.824s] -- Up-to-date: /home/xu/automatic-navigation/install/nav2_costmap_2d/share/nav2_costmap_2d/local_setup.bash
[2.824s] -- Up-to-date: /home/xu/automatic-navigation/install/nav2_costmap_2d/share/nav2_costmap_2d/local_setup.sh
[2.827s] -- Up-to-date: /home/xu/automatic-navigation/install/nav2_costmap_2d/share/nav2_costmap_2d/local_setup.zsh
[2.827s] -- Up-to-date: /home/xu/automatic-navigation/install/nav2_costmap_2d/share/nav2_costmap_2d/local_setup.dsv
[2.827s] -- Installing: /home/xu/automatic-navigation/install/nav2_costmap_2d/share/nav2_costmap_2d/package.dsv
[2.827s] -- Up-to-date: /home/xu/automatic-navigation/install/nav2_costmap_2d/share/ament_index/resource_index/packages/nav2_costmap_2d
[2.827s] -- Up-to-date: /home/xu/automatic-navigation/install/nav2_costmap_2d/share/ament_index/resource_index/nav2_costmap_2d__pluginlib__plugin/nav2_costmap_2d
[2.829s] -- Up-to-date: /home/xu/automatic-navigation/install/nav2_costmap_2d/share/nav2_costmap_2d/cmake/export_nav2_costmap_2dExport.cmake
[2.829s] -- Up-to-date: /home/xu/automatic-navigation/install/nav2_costmap_2d/share/nav2_costmap_2d/cmake/export_nav2_costmap_2dExport-release.cmake
[2.829s] -- Up-to-date: /home/xu/automatic-navigation/install/nav2_costmap_2d/share/nav2_costmap_2d/cmake/ament_cmake_export_targets-extras.cmake
[2.829s] -- Up-to-date: /home/xu/automatic-navigation/install/nav2_costmap_2d/share/nav2_costmap_2d/cmake/ament_cmake_export_dependencies-extras.cmake
[2.829s] -- Up-to-date: /home/xu/automatic-navigation/install/nav2_costmap_2d/share/nav2_costmap_2d/cmake/nav2_costmap_2dConfig.cmake
[2.829s] -- Up-to-date: /home/xu/automatic-navigation/install/nav2_costmap_2d/share/nav2_costmap_2d/cmake/nav2_costmap_2dConfig-version.cmake
[2.829s] -- Up-to-date: /home/xu/automatic-navigation/install/nav2_costmap_2d/share/nav2_costmap_2d/package.xml
[2.829s] -- Up-to-date: /home/xu/automatic-navigation/install/nav2_costmap_2d/lib/liborder_layer.so
[2.841s] Invoked command in '/home/xu/automatic-navigation/build/nav2_costmap_2d' returned '0': AMENT_PREFIX_PATH=/home/xu/automatic-navigation/install/dynamicvoronoi:${AMENT_PREFIX_PATH} CMAKE_PREFIX_PATH=/home/xu/automatic-navigation/install/dynamicvoronoi:/home/xu/automatic-navigation/install/nav_slam:/home/xu/automatic-navigation/install/gazebo_modele:/opt/ros/humble LD_LIBRARY_PATH=/home/xu/automatic-navigation/install/dynamicvoronoi/lib:${LD_LIBRARY_PATH} /usr/bin/cmake --install /home/xu/automatic-navigation/build/nav2_costmap_2d
