[0.072s] Invoking command in '/home/xu/automatic-navigation/build/nav2_voronoi_planner': CMAKE_PREFIX_PATH=/home/xu/automatic-navigation/install/nav2_costmap_2d:/home/xu/automatic-navigation/install/dynamicvoronoi:/home/xu/automatic-navigation/install/nav2_voronoi_planner:/home/xu/automatic-navigation/install/nav_slam:/home/xu/automatic-navigation/install/gazebo_modele:/opt/ros/humble LD_LIBRARY_PATH=/home/xu/automatic-navigation/install/nav2_costmap_2d/lib:/home/xu/automatic-navigation/install/dynamicvoronoi/lib:/home/xu/automatic-navigation/install/nav2_voronoi_planner/lib:/usr/lib/x86_64-linux-gnu/gazebo-11/plugins:/opt/ros/humble/opt/rviz_ogre_vendor/lib:/opt/ros/humble/lib/x86_64-linux-gnu:/opt/ros/humble/lib /usr/bin/cmake --build /home/xu/automatic-navigation/build/nav2_voronoi_planner -- -j2 -l2
[0.281s] [35m[1mConsolidate compiler generated dependencies of target voronoi_node[0m
[0.332s] [ 40%] Built target nav2_voronoi_planner
[0.357s] [ 80%] Built target voronoi_node
[0.443s] [100%] Built target voronoi_planner_tf_broadcaster
[0.469s] Invoked command in '/home/xu/automatic-navigation/build/nav2_voronoi_planner' returned '0': CMAKE_PREFIX_PATH=/home/xu/automatic-navigation/install/nav2_costmap_2d:/home/xu/automatic-navigation/install/dynamicvoronoi:/home/xu/automatic-navigation/install/nav2_voronoi_planner:/home/xu/automatic-navigation/install/nav_slam:/home/xu/automatic-navigation/install/gazebo_modele:/opt/ros/humble LD_LIBRARY_PATH=/home/xu/automatic-navigation/install/nav2_costmap_2d/lib:/home/xu/automatic-navigation/install/dynamicvoronoi/lib:/home/xu/automatic-navigation/install/nav2_voronoi_planner/lib:/usr/lib/x86_64-linux-gnu/gazebo-11/plugins:/opt/ros/humble/opt/rviz_ogre_vendor/lib:/opt/ros/humble/lib/x86_64-linux-gnu:/opt/ros/humble/lib /usr/bin/cmake --build /home/xu/automatic-navigation/build/nav2_voronoi_planner -- -j2 -l2
[0.485s] Invoking command in '/home/xu/automatic-navigation/build/nav2_voronoi_planner': CMAKE_PREFIX_PATH=/home/xu/automatic-navigation/install/nav2_costmap_2d:/home/xu/automatic-navigation/install/dynamicvoronoi:/home/xu/automatic-navigation/install/nav2_voronoi_planner:/home/xu/automatic-navigation/install/nav_slam:/home/xu/automatic-navigation/install/gazebo_modele:/opt/ros/humble LD_LIBRARY_PATH=/home/xu/automatic-navigation/install/nav2_costmap_2d/lib:/home/xu/automatic-navigation/install/dynamicvoronoi/lib:/home/xu/automatic-navigation/install/nav2_voronoi_planner/lib:/usr/lib/x86_64-linux-gnu/gazebo-11/plugins:/opt/ros/humble/opt/rviz_ogre_vendor/lib:/opt/ros/humble/lib/x86_64-linux-gnu:/opt/ros/humble/lib /usr/bin/cmake --install /home/xu/automatic-navigation/build/nav2_voronoi_planner
[0.519s] -- Install configuration: ""
[0.528s] -- Up-to-date: /home/xu/automatic-navigation/install/nav2_voronoi_planner/lib/nav2_voronoi_planner/voronoi_node
[0.529s] -- Up-to-date: /home/xu/automatic-navigation/install/nav2_voronoi_planner/share/nav2_voronoi_planner/voronoi_planner_plugin.xml
[0.537s] -- Up-to-date: /home/xu/automatic-navigation/install/nav2_voronoi_planner/lib/libnav2_voronoi_planner.so
[0.544s] -- Up-to-date: /home/xu/automatic-navigation/install/nav2_voronoi_planner/lib/nav2_voronoi_planner/voronoi_planner_tf_broadcaster
[0.546s] -- Up-to-date: /home/xu/automatic-navigation/install/nav2_voronoi_planner/include/
[0.546s] -- Up-to-date: /home/xu/automatic-navigation/install/nav2_voronoi_planner/include//nav2_voronoi_planner
[0.548s] -- Up-to-date: /home/xu/automatic-navigation/install/nav2_voronoi_planner/include//nav2_voronoi_planner/node.hpp
[0.548s] -- Up-to-date: /home/xu/automatic-navigation/install/nav2_voronoi_planner/include//nav2_voronoi_planner/node2d.hpp
[0.549s] -- Up-to-date: /home/xu/automatic-navigation/install/nav2_voronoi_planner/include//nav2_voronoi_planner/heap.hpp
[0.549s] -- Up-to-date: /home/xu/automatic-navigation/install/nav2_voronoi_planner/include//nav2_voronoi_planner/voronoi.hpp
[0.549s] -- Up-to-date: /home/xu/automatic-navigation/install/nav2_voronoi_planner/include//nav2_voronoi_planner/util.hpp
[0.553s] -- Up-to-date: /home/xu/automatic-navigation/install/nav2_voronoi_planner/include//nav2_voronoi_planner/voronoi_planner.hpp
[0.555s] -- Up-to-date: /home/xu/automatic-navigation/install/nav2_voronoi_planner/include//nav2_voronoi_planner/constants.hpp
[0.555s] -- Up-to-date: /home/xu/automatic-navigation/install/nav2_voronoi_planner/share/nav2_voronoi_planner/voronoi_planner_plugin.xml
[0.555s] -- Up-to-date: /home/xu/automatic-navigation/install/nav2_voronoi_planner/share/nav2_voronoi_planner/environment/library_path.sh
[0.558s] -- Up-to-date: /home/xu/automatic-navigation/install/nav2_voronoi_planner/share/nav2_voronoi_planner/environment/library_path.dsv
[0.558s] -- Up-to-date: /home/xu/automatic-navigation/install/nav2_voronoi_planner/share/ament_index/resource_index/package_run_dependencies/nav2_voronoi_planner
[0.558s] -- Up-to-date: /home/xu/automatic-navigation/install/nav2_voronoi_planner/share/ament_index/resource_index/parent_prefix_path/nav2_voronoi_planner
[0.558s] -- Up-to-date: /home/xu/automatic-navigation/install/nav2_voronoi_planner/share/nav2_voronoi_planner/environment/ament_prefix_path.sh
[0.559s] -- Up-to-date: /home/xu/automatic-navigation/install/nav2_voronoi_planner/share/nav2_voronoi_planner/environment/ament_prefix_path.dsv
[0.559s] -- Up-to-date: /home/xu/automatic-navigation/install/nav2_voronoi_planner/share/nav2_voronoi_planner/environment/path.sh
[0.559s] -- Up-to-date: /home/xu/automatic-navigation/install/nav2_voronoi_planner/share/nav2_voronoi_planner/environment/path.dsv
[0.559s] -- Up-to-date: /home/xu/automatic-navigation/install/nav2_voronoi_planner/share/nav2_voronoi_planner/local_setup.bash
[0.559s] -- Up-to-date: /home/xu/automatic-navigation/install/nav2_voronoi_planner/share/nav2_voronoi_planner/local_setup.sh
[0.559s] -- Up-to-date: /home/xu/automatic-navigation/install/nav2_voronoi_planner/share/nav2_voronoi_planner/local_setup.zsh
[0.568s] -- Up-to-date: /home/xu/automatic-navigation/install/nav2_voronoi_planner/share/nav2_voronoi_planner/local_setup.dsv
[0.569s] -- Installing: /home/xu/automatic-navigation/install/nav2_voronoi_planner/share/nav2_voronoi_planner/package.dsv
[0.569s] -- Up-to-date: /home/xu/automatic-navigation/install/nav2_voronoi_planner/share/ament_index/resource_index/packages/nav2_voronoi_planner
[0.569s] -- Up-to-date: /home/xu/automatic-navigation/install/nav2_voronoi_planner/share/ament_index/resource_index/nav2_core__pluginlib__plugin/nav2_voronoi_planner
[0.569s] -- Up-to-date: /home/xu/automatic-navigation/install/nav2_voronoi_planner/share/nav2_voronoi_planner/cmake/ament_cmake_export_include_directories-extras.cmake
[0.569s] -- Up-to-date: /home/xu/automatic-navigation/install/nav2_voronoi_planner/share/nav2_voronoi_planner/cmake/ament_cmake_export_libraries-extras.cmake
[0.569s] -- Up-to-date: /home/xu/automatic-navigation/install/nav2_voronoi_planner/share/nav2_voronoi_planner/cmake/ament_cmake_export_dependencies-extras.cmake
[0.570s] -- Up-to-date: /home/xu/automatic-navigation/install/nav2_voronoi_planner/share/nav2_voronoi_planner/cmake/nav2_voronoi_plannerConfig.cmake
[0.570s] -- Up-to-date: /home/xu/automatic-navigation/install/nav2_voronoi_planner/share/nav2_voronoi_planner/cmake/nav2_voronoi_plannerConfig-version.cmake
[0.570s] -- Up-to-date: /home/xu/automatic-navigation/install/nav2_voronoi_planner/share/nav2_voronoi_planner/package.xml
[0.577s] Invoked command in '/home/xu/automatic-navigation/build/nav2_voronoi_planner' returned '0': CMAKE_PREFIX_PATH=/home/xu/automatic-navigation/install/nav2_costmap_2d:/home/xu/automatic-navigation/install/dynamicvoronoi:/home/xu/automatic-navigation/install/nav2_voronoi_planner:/home/xu/automatic-navigation/install/nav_slam:/home/xu/automatic-navigation/install/gazebo_modele:/opt/ros/humble LD_LIBRARY_PATH=/home/xu/automatic-navigation/install/nav2_costmap_2d/lib:/home/xu/automatic-navigation/install/dynamicvoronoi/lib:/home/xu/automatic-navigation/install/nav2_voronoi_planner/lib:/usr/lib/x86_64-linux-gnu/gazebo-11/plugins:/opt/ros/humble/opt/rviz_ogre_vendor/lib:/opt/ros/humble/lib/x86_64-linux-gnu:/opt/ros/humble/lib /usr/bin/cmake --install /home/xu/automatic-navigation/build/nav2_voronoi_planner
